{"/home/amatyas/projects/next/openshop/components/index.js": {"path":"/home/amatyas/projects/next/openshop/components/index.js","statementMap":{},"fnMap":{},"branchMap":{},"s":{},"f":{},"b":{},"_coverageSchema":"1a1c01bbd47fc00a2c39e90264f33305004495a9","hash":"2ca16867b23d60ad906cd9cde1ab069e5d492d56"}
,"/home/amatyas/projects/next/openshop/components/Button/Button.js": {"path":"/home/amatyas/projects/next/openshop/components/Button/Button.js","statementMap":{"0":{"start":{"line":3,"column":22},"end":{"line":72,"column":2}},"1":{"start":{"line":4,"column":2},"end":{"line":71,"column":4}},"2":{"start":{"line":24,"column":8},"end":{"line":26,"column":16}}},"fnMap":{"0":{"name":"(anonymous_0)","decl":{"start":{"line":3,"column":39},"end":{"line":3,"column":40}},"loc":{"start":{"line":3,"column":55},"end":{"line":72,"column":1}},"line":3},"1":{"name":"(anonymous_1)","decl":{"start":{"line":23,"column":17},"end":{"line":23,"column":18}},"loc":{"start":{"line":24,"column":8},"end":{"line":26,"column":16}},"line":24}},"branchMap":{"0":{"loc":{"start":{"line":6,"column":10},"end":{"line":6,"column":30}},"type":"binary-expr","locations":[{"start":{"line":6,"column":10},"end":{"line":6,"column":18}},{"start":{"line":6,"column":22},"end":{"line":6,"column":30}}],"line":6},"1":{"loc":{"start":{"line":8,"column":12},"end":{"line":8,"column":30}},"type":"binary-expr","locations":[{"start":{"line":8,"column":12},"end":{"line":8,"column":22}},{"start":{"line":8,"column":26},"end":{"line":8,"column":30}}],"line":8},"2":{"loc":{"start":{"line":9,"column":14},"end":{"line":9,"column":36}},"type":"binary-expr","locations":[{"start":{"line":9,"column":14},"end":{"line":9,"column":26}},{"start":{"line":9,"column":30},"end":{"line":9,"column":36}}],"line":9},"3":{"loc":{"start":{"line":10,"column":10},"end":{"line":10,"column":28}},"type":"binary-expr","locations":[{"start":{"line":10,"column":10},"end":{"line":10,"column":18}},{"start":{"line":10,"column":22},"end":{"line":10,"column":28}}],"line":10},"4":{"loc":{"start":{"line":11,"column":16},"end":{"line":11,"column":41}},"type":"binary-expr","locations":[{"start":{"line":11,"column":16},"end":{"line":11,"column":29}},{"start":{"line":11,"column":33},"end":{"line":11,"column":41}}],"line":11},"5":{"loc":{"start":{"line":12,"column":18},"end":{"line":12,"column":48}},"type":"binary-expr","locations":[{"start":{"line":12,"column":18},"end":{"line":12,"column":34}},{"start":{"line":12,"column":38},"end":{"line":12,"column":48}}],"line":12},"6":{"loc":{"start":{"line":13,"column":18},"end":{"line":13,"column":57}},"type":"binary-expr","locations":[{"start":{"line":13,"column":18},"end":{"line":13,"column":34}},{"start":{"line":13,"column":38},"end":{"line":13,"column":57}}],"line":13},"7":{"loc":{"start":{"line":14,"column":18},"end":{"line":14,"column":44}},"type":"binary-expr","locations":[{"start":{"line":14,"column":18},"end":{"line":14,"column":34}},{"start":{"line":14,"column":38},"end":{"line":14,"column":44}}],"line":14},"8":{"loc":{"start":{"line":15,"column":17},"end":{"line":15,"column":44}},"type":"binary-expr","locations":[{"start":{"line":15,"column":17},"end":{"line":15,"column":32}},{"start":{"line":15,"column":36},"end":{"line":15,"column":44}}],"line":15},"9":{"loc":{"start":{"line":16,"column":22},"end":{"line":16,"column":52}},"type":"binary-expr","locations":[{"start":{"line":16,"column":22},"end":{"line":16,"column":42}},{"start":{"line":16,"column":46},"end":{"line":16,"column":52}}],"line":16},"10":{"loc":{"start":{"line":17,"column":23},"end":{"line":17,"column":60}},"type":"binary-expr","locations":[{"start":{"line":17,"column":23},"end":{"line":17,"column":44}},{"start":{"line":17,"column":48},"end":{"line":17,"column":60}}],"line":17},"11":{"loc":{"start":{"line":18,"column":13},"end":{"line":18,"column":38}},"type":"binary-expr","locations":[{"start":{"line":18,"column":13},"end":{"line":18,"column":24}},{"start":{"line":18,"column":28},"end":{"line":18,"column":38}}],"line":18},"12":{"loc":{"start":{"line":19,"column":14},"end":{"line":19,"column":35}},"type":"binary-expr","locations":[{"start":{"line":19,"column":14},"end":{"line":19,"column":26}},{"start":{"line":19,"column":30},"end":{"line":19,"column":35}}],"line":19},"13":{"loc":{"start":{"line":20,"column":19},"end":{"line":20,"column":52}},"type":"binary-expr","locations":[{"start":{"line":20,"column":19},"end":{"line":20,"column":36}},{"start":{"line":20,"column":40},"end":{"line":20,"column":52}}],"line":20},"14":{"loc":{"start":{"line":21,"column":14},"end":{"line":21,"column":39}},"type":"binary-expr","locations":[{"start":{"line":21,"column":14},"end":{"line":21,"column":26}},{"start":{"line":21,"column":30},"end":{"line":21,"column":39}}],"line":21},"15":{"loc":{"start":{"line":22,"column":15},"end":{"line":22,"column":36}},"type":"binary-expr","locations":[{"start":{"line":22,"column":15},"end":{"line":22,"column":28}},{"start":{"line":22,"column":32},"end":{"line":22,"column":36}}],"line":22},"16":{"loc":{"start":{"line":24,"column":8},"end":{"line":26,"column":16}},"type":"cond-expr","locations":[{"start":{"line":25,"column":12},"end":{"line":25,"column":33}},{"start":{"line":26,"column":12},"end":{"line":26,"column":16}}],"line":24},"17":{"loc":{"start":{"line":24,"column":8},"end":{"line":24,"column":66}},"type":"binary-expr","locations":[{"start":{"line":24,"column":8},"end":{"line":24,"column":21}},{"start":{"line":24,"column":25},"end":{"line":24,"column":42}},{"start":{"line":24,"column":46},"end":{"line":24,"column":66}}],"line":24},"18":{"loc":{"start":{"line":25,"column":12},"end":{"line":25,"column":33}},"type":"binary-expr","locations":[{"start":{"line":25,"column":12},"end":{"line":25,"column":25}},{"start":{"line":25,"column":29},"end":{"line":25,"column":33}}],"line":25},"19":{"loc":{"start":{"line":29,"column":8},"end":{"line":32,"column":9}},"type":"binary-expr","locations":[{"start":{"line":29,"column":8},"end":{"line":29,"column":20}},{"start":{"line":29,"column":24},"end":{"line":32,"column":9}}],"line":29},"20":{"loc":{"start":{"line":35,"column":8},"end":{"line":38,"column":9}},"type":"binary-expr","locations":[{"start":{"line":35,"column":8},"end":{"line":35,"column":23}},{"start":{"line":35,"column":27},"end":{"line":38,"column":9}}],"line":35},"21":{"loc":{"start":{"line":41,"column":8},"end":{"line":47,"column":9}},"type":"binary-expr","locations":[{"start":{"line":41,"column":8},"end":{"line":41,"column":20}},{"start":{"line":41,"column":24},"end":{"line":47,"column":9}}],"line":41},"22":{"loc":{"start":{"line":50,"column":8},"end":{"line":54,"column":9}},"type":"binary-expr","locations":[{"start":{"line":50,"column":8},"end":{"line":50,"column":21}},{"start":{"line":50,"column":25},"end":{"line":54,"column":9}}],"line":50},"23":{"loc":{"start":{"line":57,"column":8},"end":{"line":62,"column":9}},"type":"binary-expr","locations":[{"start":{"line":57,"column":8},"end":{"line":57,"column":23}},{"start":{"line":57,"column":27},"end":{"line":62,"column":9}}],"line":57},"24":{"loc":{"start":{"line":64,"column":18},"end":{"line":64,"column":77}},"type":"binary-expr","locations":[{"start":{"line":64,"column":18},"end":{"line":64,"column":34}},{"start":{"line":64,"column":38},"end":{"line":64,"column":77}}],"line":64},"25":{"loc":{"start":{"line":65,"column":16},"end":{"line":65,"column":35}},"type":"binary-expr","locations":[{"start":{"line":65,"column":16},"end":{"line":65,"column":30}},{"start":{"line":65,"column":34},"end":{"line":65,"column":35}}],"line":65}},"s":{"0":6,"1":240,"2":0},"f":{"0":240,"1":0},"b":{"0":[240,182],"1":[240,240],"2":[240,240],"3":[240,240],"4":[240,240],"5":[240,240],"6":[240,240],"7":[240,240],"8":[240,240],"9":[240,240],"10":[240,182],"11":[240,6],"12":[240,182],"13":[240,240],"14":[240,240],"15":[240,0],"16":[0,0],"17":[0,0,0],"18":[0,0],"19":[240,240],"20":[240,240],"21":[240,182],"22":[240,240],"23":[240,240],"24":[240,240],"25":[240,240]},"_coverageSchema":"1a1c01bbd47fc00a2c39e90264f33305004495a9","hash":"6d8cb220a4151ef41d3bbcdba236b11f2855f52c"}
,"/home/amatyas/projects/next/openshop/components/Card/Card.js": {"path":"/home/amatyas/projects/next/openshop/components/Card/Card.js","statementMap":{"0":{"start":{"line":7,"column":20},"end":{"line":58,"column":1}},"1":{"start":{"line":8,"column":32},"end":{"line":8,"column":52}},"2":{"start":{"line":9,"column":19},"end":{"line":9,"column":32}},"3":{"start":{"line":10,"column":2},"end":{"line":57,"column":4}},"4":{"start":{"line":19,"column":22},"end":{"line":19,"column":39}},"5":{"start":{"line":50,"column":27},"end":{"line":50,"column":52}}},"fnMap":{"0":{"name":"(anonymous_0)","decl":{"start":{"line":7,"column":20},"end":{"line":7,"column":21}},"loc":{"start":{"line":7,"column":51},"end":{"line":58,"column":1}},"line":7},"1":{"name":"(anonymous_1)","decl":{"start":{"line":19,"column":16},"end":{"line":19,"column":17}},"loc":{"start":{"line":19,"column":22},"end":{"line":19,"column":39}},"line":19},"2":{"name":"(anonymous_2)","decl":{"start":{"line":50,"column":21},"end":{"line":50,"column":22}},"loc":{"start":{"line":50,"column":27},"end":{"line":50,"column":52}},"line":50}},"branchMap":{"0":{"loc":{"start":{"line":7,"column":29},"end":{"line":7,"column":44}},"type":"default-arg","locations":[{"start":{"line":7,"column":40},"end":{"line":7,"column":44}}],"line":7},"1":{"loc":{"start":{"line":12,"column":7},"end":{"line":12,"column":75}},"type":"binary-expr","locations":[{"start":{"line":12,"column":7},"end":{"line":12,"column":14}},{"start":{"line":12,"column":18},"end":{"line":12,"column":75}}],"line":12},"2":{"loc":{"start":{"line":14,"column":11},"end":{"line":14,"column":37}},"type":"cond-expr","locations":[{"start":{"line":14,"column":21},"end":{"line":14,"column":27}},{"start":{"line":14,"column":30},"end":{"line":14,"column":37}}],"line":14},"3":{"loc":{"start":{"line":37,"column":7},"end":{"line":55,"column":7}},"type":"binary-expr","locations":[{"start":{"line":37,"column":7},"end":{"line":37,"column":15}},{"start":{"line":38,"column":8},"end":{"line":54,"column":21}}],"line":37}},"s":{"0":6,"1":0,"2":0,"3":0,"4":0,"5":0},"f":{"0":0,"1":0,"2":0},"b":{"0":[0],"1":[0,0],"2":[0,0],"3":[0,0]},"_coverageSchema":"1a1c01bbd47fc00a2c39e90264f33305004495a9","hash":"a20109e7fd8d0bcdead80c431bf7a1236ff432fc"}
,"/home/amatyas/projects/next/openshop/components/CartContent/CartContent.js": {"path":"/home/amatyas/projects/next/openshop/components/CartContent/CartContent.js","statementMap":{"0":{"start":{"line":8,"column":2},"end":{"line":10,"column":4}},"1":{"start":{"line":14,"column":27},"end":{"line":71,"column":1}},"2":{"start":{"line":15,"column":27},"end":{"line":15,"column":56}},"3":{"start":{"line":15,"column":50},"end":{"line":15,"column":55}},"4":{"start":{"line":16,"column":19},"end":{"line":16,"column":32}},"5":{"start":{"line":19,"column":2},"end":{"line":27,"column":9}},"6":{"start":{"line":20,"column":27},"end":{"line":22,"column":5}},"7":{"start":{"line":21,"column":6},"end":{"line":21,"column":76}},"8":{"start":{"line":23,"column":4},"end":{"line":23,"column":60}},"9":{"start":{"line":24,"column":4},"end":{"line":26,"column":6}},"10":{"start":{"line":25,"column":6},"end":{"line":25,"column":63}},"11":{"start":{"line":30,"column":2},"end":{"line":32,"column":13}},"12":{"start":{"line":31,"column":4},"end":{"line":31,"column":26}},"13":{"start":{"line":34,"column":2},"end":{"line":70,"column":4}},"14":{"start":{"line":38,"column":8},"end":{"line":38,"column":40}}},"fnMap":{"0":{"name":"getStaticProps","decl":{"start":{"line":7,"column":22},"end":{"line":7,"column":36}},"loc":{"start":{"line":7,"column":39},"end":{"line":11,"column":1}},"line":7},"1":{"name":"(anonymous_1)","decl":{"start":{"line":14,"column":27},"end":{"line":14,"column":28}},"loc":{"start":{"line":14,"column":33},"end":{"line":71,"column":1}},"line":14},"2":{"name":"(anonymous_2)","decl":{"start":{"line":15,"column":39},"end":{"line":15,"column":40}},"loc":{"start":{"line":15,"column":50},"end":{"line":15,"column":55}},"line":15},"3":{"name":"(anonymous_3)","decl":{"start":{"line":19,"column":18},"end":{"line":19,"column":19}},"loc":{"start":{"line":19,"column":24},"end":{"line":27,"column":3}},"line":19},"4":{"name":"(anonymous_4)","decl":{"start":{"line":20,"column":27},"end":{"line":20,"column":28}},"loc":{"start":{"line":20,"column":36},"end":{"line":22,"column":5}},"line":20},"5":{"name":"(anonymous_5)","decl":{"start":{"line":24,"column":11},"end":{"line":24,"column":12}},"loc":{"start":{"line":24,"column":17},"end":{"line":26,"column":5}},"line":24},"6":{"name":"(anonymous_6)","decl":{"start":{"line":30,"column":18},"end":{"line":30,"column":19}},"loc":{"start":{"line":30,"column":24},"end":{"line":32,"column":3}},"line":30},"7":{"name":"(anonymous_7)","decl":{"start":{"line":37,"column":16},"end":{"line":37,"column":17}},"loc":{"start":{"line":38,"column":8},"end":{"line":38,"column":40}},"line":38}},"branchMap":{"0":{"loc":{"start":{"line":21,"column":6},"end":{"line":21,"column":75}},"type":"binary-expr","locations":[{"start":{"line":21,"column":6},"end":{"line":21,"column":36}},{"start":{"line":21,"column":40},"end":{"line":21,"column":75}}],"line":21}},"s":{"0":0,"1":6,"2":31,"3":64,"4":31,"5":31,"6":16,"7":0,"8":16,"9":16,"10":0,"11":31,"12":16,"13":31,"14":29},"f":{"0":0,"1":31,"2":64,"3":16,"4":0,"5":0,"6":16,"7":29},"b":{"0":[0,0]},"_coverageSchema":"1a1c01bbd47fc00a2c39e90264f33305004495a9","hash":"1cfb8f54611f9d9f120a120ca2d956d89dad7994"}
,"/home/amatyas/projects/next/openshop/components/CartItem/CartItem.js": {"path":"/home/amatyas/projects/next/openshop/components/CartItem/CartItem.js","statementMap":{"0":{"start":{"line":10,"column":24},"end":{"line":72,"column":1}},"1":{"start":{"line":11,"column":19},"end":{"line":11,"column":32}},"2":{"start":{"line":12,"column":17},"end":{"line":12,"column":28}},"3":{"start":{"line":14,"column":2},"end":{"line":71,"column":4}},"4":{"start":{"line":51,"column":25},"end":{"line":51,"column":60}},"5":{"start":{"line":67,"column":23},"end":{"line":67,"column":53}}},"fnMap":{"0":{"name":"(anonymous_0)","decl":{"start":{"line":10,"column":24},"end":{"line":10,"column":25}},"loc":{"start":{"line":10,"column":38},"end":{"line":72,"column":1}},"line":10},"1":{"name":"(anonymous_1)","decl":{"start":{"line":51,"column":19},"end":{"line":51,"column":20}},"loc":{"start":{"line":51,"column":25},"end":{"line":51,"column":60}},"line":51},"2":{"name":"(anonymous_2)","decl":{"start":{"line":67,"column":17},"end":{"line":67,"column":18}},"loc":{"start":{"line":67,"column":23},"end":{"line":67,"column":53}},"line":67}},"branchMap":{"0":{"loc":{"start":{"line":41,"column":7},"end":{"line":54,"column":7}},"type":"binary-expr","locations":[{"start":{"line":41,"column":7},"end":{"line":41,"column":37}},{"start":{"line":42,"column":8},"end":{"line":53,"column":10}}],"line":41}},"s":{"0":6,"1":29,"2":29,"3":29,"4":0,"5":0},"f":{"0":29,"1":0,"2":0},"b":{"0":[29,29]},"_coverageSchema":"1a1c01bbd47fc00a2c39e90264f33305004495a9","hash":"d184e39d18ed9148de094e582af8265aea026565"}
,"/home/amatyas/projects/next/openshop/components/CartPanel/CartPanel.js": {"path":"/home/amatyas/projects/next/openshop/components/CartPanel/CartPanel.js","statementMap":{"0":{"start":{"line":8,"column":25},"end":{"line":120,"column":1}},"1":{"start":{"line":9,"column":26},"end":{"line":9,"column":47}},"2":{"start":{"line":10,"column":19},"end":{"line":10,"column":48}},"3":{"start":{"line":10,"column":42},"end":{"line":10,"column":47}},"4":{"start":{"line":11,"column":19},"end":{"line":11,"column":32}},"5":{"start":{"line":13,"column":2},"end":{"line":119,"column":4}},"6":{"start":{"line":32,"column":23},"end":{"line":32,"column":37}},"7":{"start":{"line":91,"column":31},"end":{"line":91,"column":45}},"8":{"start":{"line":104,"column":20},"end":{"line":104,"column":35}},"9":{"start":{"line":105,"column":20},"end":{"line":105,"column":46}}},"fnMap":{"0":{"name":"(anonymous_0)","decl":{"start":{"line":8,"column":25},"end":{"line":8,"column":26}},"loc":{"start":{"line":8,"column":36},"end":{"line":120,"column":1}},"line":8},"1":{"name":"(anonymous_1)","decl":{"start":{"line":10,"column":31},"end":{"line":10,"column":32}},"loc":{"start":{"line":10,"column":42},"end":{"line":10,"column":47}},"line":10},"2":{"name":"(anonymous_2)","decl":{"start":{"line":32,"column":17},"end":{"line":32,"column":18}},"loc":{"start":{"line":32,"column":23},"end":{"line":32,"column":37}},"line":32},"3":{"name":"(anonymous_3)","decl":{"start":{"line":91,"column":25},"end":{"line":91,"column":26}},"loc":{"start":{"line":91,"column":31},"end":{"line":91,"column":45}},"line":91},"4":{"name":"(anonymous_4)","decl":{"start":{"line":103,"column":27},"end":{"line":103,"column":28}},"loc":{"start":{"line":103,"column":33},"end":{"line":106,"column":19}},"line":103}},"branchMap":{"0":{"loc":{"start":{"line":45,"column":7},"end":{"line":117,"column":7}},"type":"binary-expr","locations":[{"start":{"line":45,"column":7},"end":{"line":45,"column":11}},{"start":{"line":46,"column":8},"end":{"line":116,"column":11}}],"line":45},"1":{"loc":{"start":{"line":50,"column":15},"end":{"line":50,"column":45}},"type":"cond-expr","locations":[{"start":{"line":50,"column":29},"end":{"line":50,"column":36}},{"start":{"line":50,"column":39},"end":{"line":50,"column":45}}],"line":50},"2":{"loc":{"start":{"line":82,"column":13},"end":{"line":86,"column":13}},"type":"cond-expr","locations":[{"start":{"line":83,"column":14},"end":{"line":83,"column":29}},{"start":{"line":85,"column":14},"end":{"line":85,"column":73}}],"line":82}},"s":{"0":6,"1":0,"2":0,"3":0,"4":0,"5":0,"6":0,"7":0,"8":0,"9":0},"f":{"0":0,"1":0,"2":0,"3":0,"4":0},"b":{"0":[0,0],"1":[0,0],"2":[0,0]},"_coverageSchema":"1a1c01bbd47fc00a2c39e90264f33305004495a9","hash":"03b5ad33d5d7faf18b4e38d56555b90b2503fdd0"}
,"/home/amatyas/projects/next/openshop/components/Field/Field.js": {"path":"/home/amatyas/projects/next/openshop/components/Field/Field.js","statementMap":{"0":{"start":{"line":3,"column":21},"end":{"line":29,"column":1}},"1":{"start":{"line":13,"column":2},"end":{"line":28,"column":4}}},"fnMap":{"0":{"name":"(anonymous_0)","decl":{"start":{"line":3,"column":21},"end":{"line":3,"column":22}},"loc":{"start":{"line":12,"column":6},"end":{"line":29,"column":1}},"line":12}},"branchMap":{},"s":{"0":7,"1":209},"f":{"0":209},"b":{},"_coverageSchema":"1a1c01bbd47fc00a2c39e90264f33305004495a9","hash":"ff68aca6ee6a23baa916c7fffeaf22b47ed06a77"}
,"/home/amatyas/projects/next/openshop/components/Footer/Footer.js": {"path":"/home/amatyas/projects/next/openshop/components/Footer/Footer.js","statementMap":{"0":{"start":{"line":14,"column":22},"end":{"line":111,"column":1}},"1":{"start":{"line":15,"column":2},"end":{"line":110,"column":4}}},"fnMap":{"0":{"name":"(anonymous_0)","decl":{"start":{"line":14,"column":22},"end":{"line":14,"column":23}},"loc":{"start":{"line":14,"column":33},"end":{"line":111,"column":1}},"line":14}},"branchMap":{},"s":{"0":6,"1":0},"f":{"0":0},"b":{},"_coverageSchema":"1a1c01bbd47fc00a2c39e90264f33305004495a9","hash":"b8e714bfda5c962ee459918a1eaeabc0d3dcbe38"}
,"/home/amatyas/projects/next/openshop/components/Navbar/Navbar.js": {"path":"/home/amatyas/projects/next/openshop/components/Navbar/Navbar.js","statementMap":{"0":{"start":{"line":5,"column":22},"end":{"line":72,"column":1}},"1":{"start":{"line":6,"column":2},"end":{"line":71,"column":4}},"2":{"start":{"line":41,"column":14},"end":{"line":65,"column":16}}},"fnMap":{"0":{"name":"(anonymous_0)","decl":{"start":{"line":5,"column":22},"end":{"line":5,"column":23}},"loc":{"start":{"line":5,"column":37},"end":{"line":72,"column":1}},"line":5},"1":{"name":"(anonymous_1)","decl":{"start":{"line":40,"column":22},"end":{"line":40,"column":23}},"loc":{"start":{"line":40,"column":32},"end":{"line":66,"column":13}},"line":40}},"branchMap":{"0":{"loc":{"start":{"line":39,"column":11},"end":{"line":66,"column":14}},"type":"binary-expr","locations":[{"start":{"line":39,"column":11},"end":{"line":39,"column":16}},{"start":{"line":40,"column":12},"end":{"line":66,"column":14}}],"line":39}},"s":{"0":6,"1":0,"2":0},"f":{"0":0,"1":0},"b":{"0":[0,0]},"_coverageSchema":"1a1c01bbd47fc00a2c39e90264f33305004495a9","hash":"fe48418aeb0ef378b7dd7a0722a849a65a2b2bec"}
,"/home/amatyas/projects/next/openshop/components/PaymentCancelled/PaymentCancelled.js": {"path":"/home/amatyas/projects/next/openshop/components/PaymentCancelled/PaymentCancelled.js","statementMap":{"0":{"start":{"line":3,"column":32},"end":{"line":20,"column":1}},"1":{"start":{"line":4,"column":2},"end":{"line":19,"column":4}}},"fnMap":{"0":{"name":"(anonymous_0)","decl":{"start":{"line":3,"column":32},"end":{"line":3,"column":33}},"loc":{"start":{"line":3,"column":53},"end":{"line":20,"column":1}},"line":3}},"branchMap":{"0":{"loc":{"start":{"line":3,"column":35},"end":{"line":3,"column":46}},"type":"default-arg","locations":[{"start":{"line":3,"column":44},"end":{"line":3,"column":46}}],"line":3}},"s":{"0":7,"1":3},"f":{"0":3},"b":{"0":[1]},"_coverageSchema":"1a1c01bbd47fc00a2c39e90264f33305004495a9","hash":"8d94a79c9b517375d544a962f91249ebc94dec05"}
,"/home/amatyas/projects/next/openshop/components/PaymentConfirm/PaymentConfirm.js": {"path":"/home/amatyas/projects/next/openshop/components/PaymentConfirm/PaymentConfirm.js","statementMap":{"0":{"start":{"line":12,"column":30},"end":{"line":137,"column":1}},"1":{"start":{"line":13,"column":17},"end":{"line":13,"column":28}},"2":{"start":{"line":14,"column":19},"end":{"line":14,"column":32}},"3":{"start":{"line":15,"column":19},"end":{"line":15,"column":32}},"4":{"start":{"line":16,"column":22},"end":{"line":16,"column":51}},"5":{"start":{"line":16,"column":45},"end":{"line":16,"column":50}},"6":{"start":{"line":17,"column":40},"end":{"line":17,"column":45}},"7":{"start":{"line":18,"column":32},"end":{"line":18,"column":53}},"8":{"start":{"line":20,"column":24},"end":{"line":49,"column":3}},"9":{"start":{"line":21,"column":4},"end":{"line":47,"column":5}},"10":{"start":{"line":22,"column":6},"end":{"line":22,"column":23}},"11":{"start":{"line":24,"column":19},"end":{"line":24,"column":51}},"12":{"start":{"line":27,"column":21},"end":{"line":36,"column":8}},"13":{"start":{"line":39,"column":6},"end":{"line":41,"column":7}},"14":{"start":{"line":40,"column":8},"end":{"line":40,"column":55}},"15":{"start":{"line":44,"column":6},"end":{"line":46,"column":7}},"16":{"start":{"line":45,"column":8},"end":{"line":45,"column":45}},"17":{"start":{"line":48,"column":4},"end":{"line":48,"column":11}},"18":{"start":{"line":51,"column":2},"end":{"line":136,"column":4}},"19":{"start":{"line":113,"column":14},"end":{"line":113,"column":31}},"20":{"start":{"line":114,"column":14},"end":{"line":114,"column":49}}},"fnMap":{"0":{"name":"(anonymous_0)","decl":{"start":{"line":12,"column":30},"end":{"line":12,"column":31}},"loc":{"start":{"line":12,"column":41},"end":{"line":137,"column":1}},"line":12},"1":{"name":"(anonymous_1)","decl":{"start":{"line":16,"column":34},"end":{"line":16,"column":35}},"loc":{"start":{"line":16,"column":45},"end":{"line":16,"column":50}},"line":16},"2":{"name":"(anonymous_2)","decl":{"start":{"line":20,"column":24},"end":{"line":20,"column":25}},"loc":{"start":{"line":20,"column":36},"end":{"line":49,"column":3}},"line":20},"3":{"name":"(anonymous_3)","decl":{"start":{"line":112,"column":21},"end":{"line":112,"column":22}},"loc":{"start":{"line":112,"column":27},"end":{"line":115,"column":13}},"line":112}},"branchMap":{"0":{"loc":{"start":{"line":17,"column":10},"end":{"line":17,"column":22}},"type":"default-arg","locations":[{"start":{"line":17,"column":20},"end":{"line":17,"column":22}}],"line":17},"1":{"loc":{"start":{"line":17,"column":24},"end":{"line":17,"column":35}},"type":"default-arg","locations":[{"start":{"line":17,"column":33},"end":{"line":17,"column":35}}],"line":17},"2":{"loc":{"start":{"line":21,"column":4},"end":{"line":47,"column":5}},"type":"if","locations":[{"start":{"line":21,"column":4},"end":{"line":47,"column":5}},{"start":{"line":21,"column":4},"end":{"line":47,"column":5}}],"line":21},"3":{"loc":{"start":{"line":39,"column":6},"end":{"line":41,"column":7}},"type":"if","locations":[{"start":{"line":39,"column":6},"end":{"line":41,"column":7}},{"start":{"line":39,"column":6},"end":{"line":41,"column":7}}],"line":39},"4":{"loc":{"start":{"line":39,"column":10},"end":{"line":39,"column":77}},"type":"binary-expr","locations":[{"start":{"line":39,"column":10},"end":{"line":39,"column":30}},{"start":{"line":39,"column":34},"end":{"line":39,"column":77}}],"line":39},"5":{"loc":{"start":{"line":44,"column":6},"end":{"line":46,"column":7}},"type":"if","locations":[{"start":{"line":44,"column":6},"end":{"line":46,"column":7}},{"start":{"line":44,"column":6},"end":{"line":46,"column":7}}],"line":44},"6":{"loc":{"start":{"line":57,"column":11},"end":{"line":57,"column":69}},"type":"cond-expr","locations":[{"start":{"line":57,"column":54},"end":{"line":57,"column":60}},{"start":{"line":57,"column":63},"end":{"line":57,"column":69}}],"line":57},"7":{"loc":{"start":{"line":57,"column":11},"end":{"line":57,"column":51}},"type":"binary-expr","locations":[{"start":{"line":57,"column":11},"end":{"line":57,"column":39}},{"start":{"line":57,"column":43},"end":{"line":57,"column":51}}],"line":57},"8":{"loc":{"start":{"line":132,"column":7},"end":{"line":134,"column":7}},"type":"binary-expr","locations":[{"start":{"line":132,"column":7},"end":{"line":132,"column":35}},{"start":{"line":132,"column":39},"end":{"line":132,"column":46}},{"start":{"line":133,"column":8},"end":{"line":133,"column":71}}],"line":132}},"s":{"0":6,"1":36,"2":36,"3":36,"4":36,"5":72,"6":36,"7":36,"8":36,"9":2,"10":2,"11":2,"12":2,"13":2,"14":1,"15":2,"16":1,"17":2,"18":36,"19":1,"20":1},"f":{"0":36,"1":72,"2":2,"3":1},"b":{"0":[19],"1":[19],"2":[2,0],"3":[1,1],"4":[2,1],"5":[1,1],"6":[5,31],"7":[36,8],"8":[36,8,3]},"_coverageSchema":"1a1c01bbd47fc00a2c39e90264f33305004495a9","hash":"21de3fd8ec6975865c9baef36ce1a5eb2d4e3714"}
,"/home/amatyas/projects/next/openshop/components/PaymentError/PaymentError.js": {"path":"/home/amatyas/projects/next/openshop/components/PaymentError/PaymentError.js","statementMap":{"0":{"start":{"line":5,"column":28},"end":{"line":34,"column":1}},"1":{"start":{"line":6,"column":19},"end":{"line":6,"column":32}},"2":{"start":{"line":8,"column":2},"end":{"line":33,"column":4}},"3":{"start":{"line":28,"column":23},"end":{"line":28,"column":47}}},"fnMap":{"0":{"name":"(anonymous_0)","decl":{"start":{"line":5,"column":28},"end":{"line":5,"column":29}},"loc":{"start":{"line":5,"column":48},"end":{"line":34,"column":1}},"line":5},"1":{"name":"(anonymous_1)","decl":{"start":{"line":28,"column":17},"end":{"line":28,"column":18}},"loc":{"start":{"line":28,"column":23},"end":{"line":28,"column":47}},"line":28}},"branchMap":{"0":{"loc":{"start":{"line":5,"column":31},"end":{"line":5,"column":41}},"type":"default-arg","locations":[{"start":{"line":5,"column":39},"end":{"line":5,"column":41}}],"line":5}},"s":{"0":6,"1":6,"2":6,"3":1},"f":{"0":6,"1":1},"b":{"0":[1]},"_coverageSchema":"1a1c01bbd47fc00a2c39e90264f33305004495a9","hash":"19f579ff414384ef510f35a23bc360b94326ef81"}
,"/home/amatyas/projects/next/openshop/components/PaymentForm/PaymentForm.js": {"path":"/home/amatyas/projects/next/openshop/components/PaymentForm/PaymentForm.js","statementMap":{"0":{"start":{"line":16,"column":27},"end":{"line":272,"column":1}},"1":{"start":{"line":17,"column":17},"end":{"line":17,"column":28}},"2":{"start":{"line":18,"column":19},"end":{"line":18,"column":32}},"3":{"start":{"line":19,"column":36},"end":{"line":19,"column":65}},"4":{"start":{"line":19,"column":59},"end":{"line":19,"column":64}},"5":{"start":{"line":21,"column":32},"end":{"line":21,"column":53}},"6":{"start":{"line":22,"column":36},"end":{"line":22,"column":56}},"7":{"start":{"line":23,"column":42},"end":{"line":23,"column":63}},"8":{"start":{"line":24,"column":28},"end":{"line":24,"column":49}},"9":{"start":{"line":25,"column":32},"end":{"line":30,"column":4}},"10":{"start":{"line":32,"column":2},"end":{"line":42,"column":16}},"11":{"start":{"line":33,"column":4},"end":{"line":41,"column":5}},"12":{"start":{"line":34,"column":6},"end":{"line":34,"column":24}},"13":{"start":{"line":35,"column":6},"end":{"line":40,"column":9}},"14":{"start":{"line":45,"column":2},"end":{"line":47,"column":30}},"15":{"start":{"line":46,"column":4},"end":{"line":46,"column":49}},"16":{"start":{"line":50,"column":22},"end":{"line":56,"column":3}},"17":{"start":{"line":51,"column":18},"end":{"line":51,"column":22}},"18":{"start":{"line":52,"column":4},"end":{"line":54,"column":7}},"19":{"start":{"line":53,"column":6},"end":{"line":53,"column":39}},"20":{"start":{"line":53,"column":23},"end":{"line":53,"column":39}},"21":{"start":{"line":55,"column":4},"end":{"line":55,"column":27}},"22":{"start":{"line":59,"column":23},"end":{"line":64,"column":3}},"23":{"start":{"line":60,"column":4},"end":{"line":60,"column":23}},"24":{"start":{"line":61,"column":4},"end":{"line":61,"column":30}},"25":{"start":{"line":61,"column":23},"end":{"line":61,"column":30}},"26":{"start":{"line":62,"column":4},"end":{"line":62,"column":21}},"27":{"start":{"line":63,"column":4},"end":{"line":63,"column":58}},"28":{"start":{"line":66,"column":2},"end":{"line":271,"column":4}},"29":{"start":{"line":97,"column":14},"end":{"line":97,"column":63}},"30":{"start":{"line":111,"column":14},"end":{"line":111,"column":66}},"31":{"start":{"line":125,"column":14},"end":{"line":125,"column":64}},"32":{"start":{"line":139,"column":14},"end":{"line":139,"column":64}},"33":{"start":{"line":210,"column":16},"end":{"line":210,"column":38}},"34":{"start":{"line":211,"column":16},"end":{"line":211,"column":44}},"35":{"start":{"line":248,"column":27},"end":{"line":248,"column":52}}},"fnMap":{"0":{"name":"(anonymous_0)","decl":{"start":{"line":16,"column":27},"end":{"line":16,"column":28}},"loc":{"start":{"line":16,"column":38},"end":{"line":272,"column":1}},"line":16},"1":{"name":"(anonymous_1)","decl":{"start":{"line":19,"column":48},"end":{"line":19,"column":49}},"loc":{"start":{"line":19,"column":59},"end":{"line":19,"column":64}},"line":19},"2":{"name":"(anonymous_2)","decl":{"start":{"line":32,"column":18},"end":{"line":32,"column":19}},"loc":{"start":{"line":32,"column":24},"end":{"line":42,"column":3}},"line":32},"3":{"name":"(anonymous_3)","decl":{"start":{"line":45,"column":18},"end":{"line":45,"column":19}},"loc":{"start":{"line":45,"column":24},"end":{"line":47,"column":3}},"line":45},"4":{"name":"(anonymous_4)","decl":{"start":{"line":50,"column":22},"end":{"line":50,"column":23}},"loc":{"start":{"line":50,"column":39},"end":{"line":56,"column":3}},"line":50},"5":{"name":"(anonymous_5)","decl":{"start":{"line":52,"column":33},"end":{"line":52,"column":34}},"loc":{"start":{"line":52,"column":43},"end":{"line":54,"column":5}},"line":52},"6":{"name":"(anonymous_6)","decl":{"start":{"line":59,"column":23},"end":{"line":59,"column":24}},"loc":{"start":{"line":59,"column":36},"end":{"line":64,"column":3}},"line":59},"7":{"name":"(anonymous_7)","decl":{"start":{"line":96,"column":22},"end":{"line":96,"column":23}},"loc":{"start":{"line":96,"column":29},"end":{"line":98,"column":13}},"line":96},"8":{"name":"(anonymous_8)","decl":{"start":{"line":110,"column":22},"end":{"line":110,"column":23}},"loc":{"start":{"line":110,"column":29},"end":{"line":112,"column":13}},"line":110},"9":{"name":"(anonymous_9)","decl":{"start":{"line":124,"column":22},"end":{"line":124,"column":23}},"loc":{"start":{"line":124,"column":29},"end":{"line":126,"column":13}},"line":124},"10":{"name":"(anonymous_10)","decl":{"start":{"line":138,"column":22},"end":{"line":138,"column":23}},"loc":{"start":{"line":138,"column":29},"end":{"line":140,"column":13}},"line":138},"11":{"name":"(anonymous_11)","decl":{"start":{"line":209,"column":24},"end":{"line":209,"column":25}},"loc":{"start":{"line":209,"column":31},"end":{"line":212,"column":15}},"line":209},"12":{"name":"(anonymous_12)","decl":{"start":{"line":248,"column":21},"end":{"line":248,"column":22}},"loc":{"start":{"line":248,"column":27},"end":{"line":248,"column":52}},"line":248}},"branchMap":{"0":{"loc":{"start":{"line":33,"column":4},"end":{"line":41,"column":5}},"type":"if","locations":[{"start":{"line":33,"column":4},"end":{"line":41,"column":5}},{"start":{"line":33,"column":4},"end":{"line":41,"column":5}}],"line":33},"1":{"loc":{"start":{"line":53,"column":6},"end":{"line":53,"column":39}},"type":"if","locations":[{"start":{"line":53,"column":6},"end":{"line":53,"column":39}},{"start":{"line":53,"column":6},"end":{"line":53,"column":39}}],"line":53},"2":{"loc":{"start":{"line":55,"column":11},"end":{"line":55,"column":26}},"type":"binary-expr","locations":[{"start":{"line":55,"column":11},"end":{"line":55,"column":15}},{"start":{"line":55,"column":19},"end":{"line":55,"column":26}}],"line":55},"3":{"loc":{"start":{"line":61,"column":4},"end":{"line":61,"column":30}},"type":"if","locations":[{"start":{"line":61,"column":4},"end":{"line":61,"column":30}},{"start":{"line":61,"column":4},"end":{"line":61,"column":30}}],"line":61},"4":{"loc":{"start":{"line":76,"column":11},"end":{"line":76,"column":66}},"type":"cond-expr","locations":[{"start":{"line":76,"column":51},"end":{"line":76,"column":57}},{"start":{"line":76,"column":60},"end":{"line":76,"column":66}}],"line":76},"5":{"loc":{"start":{"line":76,"column":11},"end":{"line":76,"column":48}},"type":"binary-expr","locations":[{"start":{"line":76,"column":11},"end":{"line":76,"column":36}},{"start":{"line":76,"column":40},"end":{"line":76,"column":48}}],"line":76},"6":{"loc":{"start":{"line":169,"column":17},"end":{"line":169,"column":52}},"type":"cond-expr","locations":[{"start":{"line":169,"column":29},"end":{"line":169,"column":43}},{"start":{"line":169,"column":46},"end":{"line":169,"column":52}}],"line":169},"7":{"loc":{"start":{"line":180,"column":15},"end":{"line":180,"column":45}},"type":"binary-expr","locations":[{"start":{"line":180,"column":15},"end":{"line":180,"column":24}},{"start":{"line":180,"column":28},"end":{"line":180,"column":45}}],"line":180},"8":{"loc":{"start":{"line":185,"column":11},"end":{"line":216,"column":11}},"type":"cond-expr","locations":[{"start":{"line":186,"column":12},"end":{"line":213,"column":14}},{"start":{"line":215,"column":12},"end":{"line":215,"column":45}}],"line":185},"9":{"loc":{"start":{"line":263,"column":13},"end":{"line":263,"column":57}},"type":"cond-expr","locations":[{"start":{"line":263,"column":22},"end":{"line":263,"column":37}},{"start":{"line":263,"column":40},"end":{"line":263,"column":57}}],"line":263},"10":{"loc":{"start":{"line":267,"column":7},"end":{"line":269,"column":7}},"type":"binary-expr","locations":[{"start":{"line":267,"column":7},"end":{"line":267,"column":32}},{"start":{"line":267,"column":36},"end":{"line":267,"column":43}},{"start":{"line":268,"column":8},"end":{"line":268,"column":68}}],"line":267}},"s":{"0":6,"1":65,"2":65,"3":65,"4":105,"5":65,"6":65,"7":65,"8":65,"9":65,"10":65,"11":23,"12":14,"13":14,"14":65,"15":47,"16":65,"17":47,"18":47,"19":188,"20":168,"21":47,"22":65,"23":1,"24":1,"25":0,"26":1,"27":1,"28":65,"29":2,"30":2,"31":2,"32":2,"33":2,"34":2,"35":1},"f":{"0":65,"1":105,"2":23,"3":47,"4":47,"5":188,"6":1,"7":2,"8":2,"9":2,"10":2,"11":2,"12":1},"b":{"0":[14,9],"1":[168,20],"2":[47,10],"3":[0,1],"4":[22,43],"5":[65,23],"6":[13,52],"7":[65,13],"8":[65,0],"9":[62,3],"10":[65,23,1]},"_coverageSchema":"1a1c01bbd47fc00a2c39e90264f33305004495a9","hash":"6f29885c1b6cebec3284a4b67a0f58e46b636214"}
,"/home/amatyas/projects/next/openshop/components/PaymentProgress/PaymentProgress.js": {"path":"/home/amatyas/projects/next/openshop/components/PaymentProgress/PaymentProgress.js","statementMap":{"0":{"start":{"line":7,"column":31},"end":{"line":88,"column":1}},"1":{"start":{"line":8,"column":32},"end":{"line":8,"column":53}},"2":{"start":{"line":9,"column":34},"end":{"line":9,"column":55}},"3":{"start":{"line":10,"column":27},"end":{"line":10,"column":56}},"4":{"start":{"line":10,"column":50},"end":{"line":10,"column":55}},"5":{"start":{"line":12,"column":2},"end":{"line":30,"column":16}},"6":{"start":{"line":13,"column":4},"end":{"line":29,"column":5}},"7":{"start":{"line":15,"column":8},"end":{"line":15,"column":26}},"8":{"start":{"line":16,"column":8},"end":{"line":16,"column":27}},"9":{"start":{"line":17,"column":8},"end":{"line":17,"column":14}},"10":{"start":{"line":20,"column":8},"end":{"line":20,"column":25}},"11":{"start":{"line":21,"column":8},"end":{"line":21,"column":27}},"12":{"start":{"line":22,"column":8},"end":{"line":22,"column":14}},"13":{"start":{"line":26,"column":8},"end":{"line":26,"column":25}},"14":{"start":{"line":27,"column":8},"end":{"line":27,"column":26}},"15":{"start":{"line":28,"column":8},"end":{"line":28,"column":14}},"16":{"start":{"line":32,"column":2},"end":{"line":87,"column":4}}},"fnMap":{"0":{"name":"(anonymous_0)","decl":{"start":{"line":7,"column":31},"end":{"line":7,"column":32}},"loc":{"start":{"line":7,"column":42},"end":{"line":88,"column":1}},"line":7},"1":{"name":"(anonymous_1)","decl":{"start":{"line":10,"column":39},"end":{"line":10,"column":40}},"loc":{"start":{"line":10,"column":50},"end":{"line":10,"column":55}},"line":10},"2":{"name":"(anonymous_2)","decl":{"start":{"line":12,"column":18},"end":{"line":12,"column":19}},"loc":{"start":{"line":12,"column":24},"end":{"line":30,"column":3}},"line":12}},"branchMap":{"0":{"loc":{"start":{"line":10,"column":10},"end":{"line":10,"column":22}},"type":"default-arg","locations":[{"start":{"line":10,"column":20},"end":{"line":10,"column":22}}],"line":10},"1":{"loc":{"start":{"line":13,"column":4},"end":{"line":29,"column":5}},"type":"switch","locations":[{"start":{"line":14,"column":6},"end":{"line":17,"column":14}},{"start":{"line":18,"column":6},"end":{"line":18,"column":18}},{"start":{"line":19,"column":6},"end":{"line":22,"column":14}},{"start":{"line":23,"column":6},"end":{"line":23,"column":21}},{"start":{"line":24,"column":6},"end":{"line":24,"column":22}},{"start":{"line":25,"column":6},"end":{"line":28,"column":14}}],"line":13},"2":{"loc":{"start":{"line":34,"column":13},"end":{"line":34,"column":34}},"type":"binary-expr","locations":[{"start":{"line":34,"column":13},"end":{"line":34,"column":24}},{"start":{"line":34,"column":28},"end":{"line":34,"column":34}}],"line":34},"3":{"loc":{"start":{"line":35,"column":16},"end":{"line":35,"column":42}},"type":"binary-expr","locations":[{"start":{"line":35,"column":16},"end":{"line":35,"column":30}},{"start":{"line":35,"column":34},"end":{"line":35,"column":42}}],"line":35},"4":{"loc":{"start":{"line":36,"column":13},"end":{"line":36,"column":38}},"type":"binary-expr","locations":[{"start":{"line":36,"column":13},"end":{"line":36,"column":24}},{"start":{"line":36,"column":28},"end":{"line":36,"column":38}}],"line":36},"5":{"loc":{"start":{"line":37,"column":22},"end":{"line":37,"column":60}},"type":"binary-expr","locations":[{"start":{"line":37,"column":22},"end":{"line":37,"column":42}},{"start":{"line":37,"column":46},"end":{"line":37,"column":60}}],"line":37},"6":{"loc":{"start":{"line":38,"column":18},"end":{"line":38,"column":46}},"type":"binary-expr","locations":[{"start":{"line":38,"column":18},"end":{"line":38,"column":34}},{"start":{"line":38,"column":38},"end":{"line":38,"column":46}}],"line":38},"7":{"loc":{"start":{"line":39,"column":20},"end":{"line":39,"column":47}},"type":"binary-expr","locations":[{"start":{"line":39,"column":20},"end":{"line":39,"column":38}},{"start":{"line":39,"column":42},"end":{"line":39,"column":47}}],"line":39},"8":{"loc":{"start":{"line":44,"column":15},"end":{"line":44,"column":76}},"type":"binary-expr","locations":[{"start":{"line":44,"column":15},"end":{"line":44,"column":32}},{"start":{"line":44,"column":36},"end":{"line":44,"column":76}}],"line":44},"9":{"loc":{"start":{"line":52,"column":10},"end":{"line":54,"column":16}},"type":"cond-expr","locations":[{"start":{"line":53,"column":14},"end":{"line":53,"column":75}},{"start":{"line":54,"column":14},"end":{"line":54,"column":16}}],"line":52},"10":{"loc":{"start":{"line":53,"column":14},"end":{"line":53,"column":75}},"type":"binary-expr","locations":[{"start":{"line":53,"column":14},"end":{"line":53,"column":31}},{"start":{"line":53,"column":35},"end":{"line":53,"column":75}}],"line":53},"11":{"loc":{"start":{"line":60,"column":10},"end":{"line":62,"column":16}},"type":"cond-expr","locations":[{"start":{"line":61,"column":14},"end":{"line":61,"column":75}},{"start":{"line":62,"column":14},"end":{"line":62,"column":16}}],"line":60},"12":{"loc":{"start":{"line":61,"column":14},"end":{"line":61,"column":75}},"type":"binary-expr","locations":[{"start":{"line":61,"column":14},"end":{"line":61,"column":31}},{"start":{"line":61,"column":35},"end":{"line":61,"column":75}}],"line":61},"13":{"loc":{"start":{"line":71,"column":10},"end":{"line":73,"column":16}},"type":"cond-expr","locations":[{"start":{"line":72,"column":14},"end":{"line":72,"column":75}},{"start":{"line":73,"column":14},"end":{"line":73,"column":16}}],"line":71},"14":{"loc":{"start":{"line":72,"column":14},"end":{"line":72,"column":75}},"type":"binary-expr","locations":[{"start":{"line":72,"column":14},"end":{"line":72,"column":31}},{"start":{"line":72,"column":35},"end":{"line":72,"column":75}}],"line":72},"15":{"loc":{"start":{"line":79,"column":10},"end":{"line":81,"column":16}},"type":"cond-expr","locations":[{"start":{"line":80,"column":14},"end":{"line":80,"column":75}},{"start":{"line":81,"column":14},"end":{"line":81,"column":16}}],"line":79},"16":{"loc":{"start":{"line":80,"column":14},"end":{"line":80,"column":75}},"type":"binary-expr","locations":[{"start":{"line":80,"column":14},"end":{"line":80,"column":31}},{"start":{"line":80,"column":35},"end":{"line":80,"column":75}}],"line":80}},"s":{"0":7,"1":40,"2":40,"3":40,"4":77,"5":40,"6":21,"7":2,"8":2,"9":2,"10":4,"11":4,"12":4,"13":4,"14":4,"15":4,"16":40},"f":{"0":40,"1":77,"2":21},"b":{"0":[0],"1":[2,2,4,2,2,4],"2":[40,40],"3":[40,40],"4":[40,40],"5":[40,40],"6":[40,40],"7":[40,40],"8":[40,40],"9":[8,32],"10":[8,8],"11":[8,32],"12":[8,8],"13":[4,36],"14":[4,4],"15":[4,36],"16":[4,4]},"_coverageSchema":"1a1c01bbd47fc00a2c39e90264f33305004495a9","hash":"2cf49b90b8884466330ecc895b5e927d6fce542d"}
,"/home/amatyas/projects/next/openshop/components/PaymentReview/PaymentReview.js": {"path":"/home/amatyas/projects/next/openshop/components/PaymentReview/PaymentReview.js","statementMap":{"0":{"start":{"line":8,"column":29},"end":{"line":45,"column":1}},"1":{"start":{"line":9,"column":17},"end":{"line":9,"column":28}},"2":{"start":{"line":10,"column":19},"end":{"line":10,"column":32}},"3":{"start":{"line":12,"column":2},"end":{"line":44,"column":4}},"4":{"start":{"line":26,"column":25},"end":{"line":26,"column":38}},"5":{"start":{"line":37,"column":25},"end":{"line":37,"column":48}}},"fnMap":{"0":{"name":"(anonymous_0)","decl":{"start":{"line":8,"column":29},"end":{"line":8,"column":30}},"loc":{"start":{"line":8,"column":40},"end":{"line":45,"column":1}},"line":8},"1":{"name":"(anonymous_1)","decl":{"start":{"line":26,"column":19},"end":{"line":26,"column":20}},"loc":{"start":{"line":26,"column":25},"end":{"line":26,"column":38}},"line":26},"2":{"name":"(anonymous_2)","decl":{"start":{"line":37,"column":19},"end":{"line":37,"column":20}},"loc":{"start":{"line":37,"column":25},"end":{"line":37,"column":48}},"line":37}},"branchMap":{},"s":{"0":6,"1":2,"2":2,"3":2,"4":1,"5":1},"f":{"0":2,"1":1,"2":1},"b":{},"_coverageSchema":"1a1c01bbd47fc00a2c39e90264f33305004495a9","hash":"1d7e6c37b25c98294846e46fdfed630c059b9ac1"}
,"/home/amatyas/projects/next/openshop/components/PaymentSuccess/PaymentSuccess.js": {"path":"/home/amatyas/projects/next/openshop/components/PaymentSuccess/PaymentSuccess.js","statementMap":{"0":{"start":{"line":3,"column":30},"end":{"line":19,"column":1}},"1":{"start":{"line":4,"column":2},"end":{"line":18,"column":4}}},"fnMap":{"0":{"name":"(anonymous_0)","decl":{"start":{"line":3,"column":30},"end":{"line":3,"column":31}},"loc":{"start":{"line":3,"column":51},"end":{"line":19,"column":1}},"line":3}},"branchMap":{"0":{"loc":{"start":{"line":3,"column":33},"end":{"line":3,"column":44}},"type":"default-arg","locations":[{"start":{"line":3,"column":42},"end":{"line":3,"column":44}}],"line":3}},"s":{"0":7,"1":3},"f":{"0":3},"b":{"0":[1]},"_coverageSchema":"1a1c01bbd47fc00a2c39e90264f33305004495a9","hash":"656cc2ebc2d066a833099fccc64e0cb40b9201c6"}
,"/home/amatyas/projects/next/openshop/components/Rating/Rating.js": {"path":"/home/amatyas/projects/next/openshop/components/Rating/Rating.js","statementMap":{"0":{"start":{"line":4,"column":22},"end":{"line":12,"column":1}},"1":{"start":{"line":5,"column":18},"end":{"line":5,"column":20}},"2":{"start":{"line":7,"column":2},"end":{"line":9,"column":3}},"3":{"start":{"line":7,"column":15},"end":{"line":7,"column":16}},"4":{"start":{"line":8,"column":4},"end":{"line":8,"column":63}},"5":{"start":{"line":11,"column":2},"end":{"line":11,"column":49}}},"fnMap":{"0":{"name":"(anonymous_0)","decl":{"start":{"line":4,"column":22},"end":{"line":4,"column":23}},"loc":{"start":{"line":4,"column":33},"end":{"line":12,"column":1}},"line":4}},"branchMap":{},"s":{"0":6,"1":0,"2":0,"3":0,"4":0,"5":0},"f":{"0":0},"b":{},"_coverageSchema":"1a1c01bbd47fc00a2c39e90264f33305004495a9","hash":"8e582280b3fdd4f793bfe9bc9b477e801ff115a8"}
,"/home/amatyas/projects/next/openshop/components/ScrollTop/ScrollTop.js": {"path":"/home/amatyas/projects/next/openshop/components/ScrollTop/ScrollTop.js","statementMap":{"0":{"start":{"line":5,"column":25},"end":{"line":33,"column":1}},"1":{"start":{"line":6,"column":15},"end":{"line":6,"column":26}},"2":{"start":{"line":8,"column":2},"end":{"line":32,"column":4}},"3":{"start":{"line":13,"column":8},"end":{"line":16,"column":11}}},"fnMap":{"0":{"name":"(anonymous_0)","decl":{"start":{"line":5,"column":25},"end":{"line":5,"column":26}},"loc":{"start":{"line":5,"column":31},"end":{"line":33,"column":1}},"line":5},"1":{"name":"(anonymous_1)","decl":{"start":{"line":12,"column":15},"end":{"line":12,"column":16}},"loc":{"start":{"line":12,"column":21},"end":{"line":17,"column":7}},"line":12}},"branchMap":{"0":{"loc":{"start":{"line":23,"column":15},"end":{"line":23,"column":33}},"type":"cond-expr","locations":[{"start":{"line":23,"column":22},"end":{"line":23,"column":27}},{"start":{"line":23,"column":30},"end":{"line":23,"column":33}}],"line":23}},"s":{"0":6,"1":2,"2":2,"3":1},"f":{"0":2,"1":1},"b":{"0":[0,2]},"_coverageSchema":"1a1c01bbd47fc00a2c39e90264f33305004495a9","hash":"c2bc3cae0b367331ffd6dfa8654c08afe8597f1a"}
,"/home/amatyas/projects/next/openshop/components/useScroll/useScroll.js": {"path":"/home/amatyas/projects/next/openshop/components/useScroll/useScroll.js","statementMap":{"0":{"start":{"line":3,"column":25},"end":{"line":26,"column":1}},"1":{"start":{"line":4,"column":30},"end":{"line":4,"column":41}},"2":{"start":{"line":5,"column":26},"end":{"line":5,"column":41}},"3":{"start":{"line":7,"column":2},"end":{"line":23,"column":9}},"4":{"start":{"line":8,"column":21},"end":{"line":16,"column":5}},"5":{"start":{"line":9,"column":6},"end":{"line":15,"column":7}},"6":{"start":{"line":10,"column":8},"end":{"line":13,"column":11}},"7":{"start":{"line":11,"column":10},"end":{"line":11,"column":40}},"8":{"start":{"line":12,"column":10},"end":{"line":12,"column":25}},"9":{"start":{"line":14,"column":8},"end":{"line":14,"column":22}},"10":{"start":{"line":18,"column":4},"end":{"line":18,"column":50}},"11":{"start":{"line":20,"column":4},"end":{"line":22,"column":6}},"12":{"start":{"line":21,"column":6},"end":{"line":21,"column":55}},"13":{"start":{"line":25,"column":2},"end":{"line":25,"column":22}}},"fnMap":{"0":{"name":"(anonymous_0)","decl":{"start":{"line":3,"column":25},"end":{"line":3,"column":26}},"loc":{"start":{"line":3,"column":31},"end":{"line":26,"column":1}},"line":3},"1":{"name":"(anonymous_1)","decl":{"start":{"line":7,"column":12},"end":{"line":7,"column":13}},"loc":{"start":{"line":7,"column":18},"end":{"line":23,"column":3}},"line":7},"2":{"name":"(anonymous_2)","decl":{"start":{"line":8,"column":21},"end":{"line":8,"column":22}},"loc":{"start":{"line":8,"column":27},"end":{"line":16,"column":5}},"line":8},"3":{"name":"(anonymous_3)","decl":{"start":{"line":10,"column":37},"end":{"line":10,"column":38}},"loc":{"start":{"line":10,"column":43},"end":{"line":13,"column":9}},"line":10},"4":{"name":"(anonymous_4)","decl":{"start":{"line":20,"column":11},"end":{"line":20,"column":12}},"loc":{"start":{"line":20,"column":17},"end":{"line":22,"column":5}},"line":20}},"branchMap":{"0":{"loc":{"start":{"line":9,"column":6},"end":{"line":15,"column":7}},"type":"if","locations":[{"start":{"line":9,"column":6},"end":{"line":15,"column":7}},{"start":{"line":9,"column":6},"end":{"line":15,"column":7}}],"line":9}},"s":{"0":6,"1":2,"2":2,"3":2,"4":2,"5":0,"6":0,"7":0,"8":0,"9":0,"10":2,"11":2,"12":0,"13":2},"f":{"0":2,"1":2,"2":0,"3":0,"4":0},"b":{"0":[0,0]},"_coverageSchema":"1a1c01bbd47fc00a2c39e90264f33305004495a9","hash":"2b61b5094cc0cc9e77f63046a2c08e0ab2f6a867"}
,"/home/amatyas/projects/next/openshop/lambda/intent.js": {"path":"/home/amatyas/projects/next/openshop/lambda/intent.js","statementMap":{"0":{"start":{"line":1,"column":14},"end":{"line":1,"column":30}},"1":{"start":{"line":2,"column":15},"end":{"line":2,"column":63}},"2":{"start":{"line":3,"column":12},"end":{"line":6,"column":3}},"3":{"start":{"line":8,"column":0},"end":{"line":108,"column":2}},"4":{"start":{"line":9,"column":2},"end":{"line":14,"column":3}},"5":{"start":{"line":10,"column":4},"end":{"line":13,"column":6}},"6":{"start":{"line":16,"column":15},"end":{"line":16,"column":37}},"7":{"start":{"line":18,"column":2},"end":{"line":107,"column":3}},"8":{"start":{"line":19,"column":4},"end":{"line":48,"column":5}},"9":{"start":{"line":20,"column":21},"end":{"line":22,"column":8}},"10":{"start":{"line":24,"column":6},"end":{"line":31,"column":10}},"11":{"start":{"line":25,"column":8},"end":{"line":31,"column":10}},"12":{"start":{"line":33,"column":6},"end":{"line":39,"column":8}},"13":{"start":{"line":41,"column":6},"end":{"line":47,"column":8}},"14":{"start":{"line":49,"column":9},"end":{"line":107,"column":3}},"15":{"start":{"line":50,"column":4},"end":{"line":56,"column":6}},"16":{"start":{"line":58,"column":4},"end":{"line":106,"column":5}},"17":{"start":{"line":59,"column":20},"end":{"line":63,"column":7}},"18":{"start":{"line":65,"column":21},"end":{"line":68,"column":11}},"19":{"start":{"line":66,"column":26},"end":{"line":66,"column":75}},"20":{"start":{"line":66,"column":58},"end":{"line":66,"column":74}},"21":{"start":{"line":67,"column":8},"end":{"line":67,"column":41}},"22":{"start":{"line":70,"column":21},"end":{"line":79,"column":7}},"23":{"start":{"line":81,"column":6},"end":{"line":88,"column":10}},"24":{"start":{"line":82,"column":8},"end":{"line":88,"column":10}},"25":{"start":{"line":90,"column":6},"end":{"line":97,"column":8}},"26":{"start":{"line":99,"column":6},"end":{"line":105,"column":8}}},"fnMap":{"0":{"name":"(anonymous_0)","decl":{"start":{"line":8,"column":18},"end":{"line":8,"column":19}},"loc":{"start":{"line":8,"column":44},"end":{"line":108,"column":1}},"line":8},"1":{"name":"(anonymous_1)","decl":{"start":{"line":65,"column":39},"end":{"line":65,"column":40}},"loc":{"start":{"line":65,"column":49},"end":{"line":68,"column":7}},"line":65},"2":{"name":"(anonymous_2)","decl":{"start":{"line":66,"column":48},"end":{"line":66,"column":49}},"loc":{"start":{"line":66,"column":58},"end":{"line":66,"column":74}},"line":66}},"branchMap":{"0":{"loc":{"start":{"line":9,"column":2},"end":{"line":14,"column":3}},"type":"if","locations":[{"start":{"line":9,"column":2},"end":{"line":14,"column":3}},{"start":{"line":9,"column":2},"end":{"line":14,"column":3}}],"line":9},"1":{"loc":{"start":{"line":18,"column":2},"end":{"line":107,"column":3}},"type":"if","locations":[{"start":{"line":18,"column":2},"end":{"line":107,"column":3}},{"start":{"line":18,"column":2},"end":{"line":107,"column":3}}],"line":18},"2":{"loc":{"start":{"line":24,"column":6},"end":{"line":31,"column":10}},"type":"if","locations":[{"start":{"line":24,"column":6},"end":{"line":31,"column":10}},{"start":{"line":24,"column":6},"end":{"line":31,"column":10}}],"line":24},"3":{"loc":{"start":{"line":49,"column":9},"end":{"line":107,"column":3}},"type":"if","locations":[{"start":{"line":49,"column":9},"end":{"line":107,"column":3}},{"start":{"line":49,"column":9},"end":{"line":107,"column":3}}],"line":49},"4":{"loc":{"start":{"line":49,"column":13},"end":{"line":49,"column":39}},"type":"binary-expr","locations":[{"start":{"line":49,"column":13},"end":{"line":49,"column":24}},{"start":{"line":49,"column":28},"end":{"line":49,"column":39}}],"line":49},"5":{"loc":{"start":{"line":60,"column":8},"end":{"line":62,"column":50}},"type":"cond-expr","locations":[{"start":{"line":61,"column":12},"end":{"line":61,"column":57}},{"start":{"line":62,"column":12},"end":{"line":62,"column":50}}],"line":60},"6":{"loc":{"start":{"line":81,"column":6},"end":{"line":88,"column":10}},"type":"if","locations":[{"start":{"line":81,"column":6},"end":{"line":88,"column":10}},{"start":{"line":81,"column":6},"end":{"line":88,"column":10}}],"line":81}},"s":{"0":1,"1":1,"2":1,"3":1,"4":9,"5":1,"6":8,"7":8,"8":3,"9":3,"10":2,"11":1,"12":1,"13":1,"14":5,"15":2,"16":3,"17":3,"18":3,"19":6,"20":9,"21":6,"22":3,"23":2,"24":1,"25":1,"26":1},"f":{"0":9,"1":6,"2":9},"b":{"0":[1,8],"1":[3,5],"2":[1,1],"3":[2,3],"4":[5,4],"5":[0,3],"6":[1,1]},"_coverageSchema":"1a1c01bbd47fc00a2c39e90264f33305004495a9","hash":"713b3f30d72b1bcc03e9f7f73473718e7e60965b"}
,"/home/amatyas/projects/next/openshop/pages/checkout.js": {"path":"/home/amatyas/projects/next/openshop/pages/checkout.js","statementMap":{"0":{"start":{"line":17,"column":15},"end":{"line":17,"column":68}},"1":{"start":{"line":20,"column":28},"end":{"line":20,"column":57}},"2":{"start":{"line":20,"column":51},"end":{"line":20,"column":56}},"3":{"start":{"line":21,"column":17},"end":{"line":21,"column":28}},"4":{"start":{"line":22,"column":32},"end":{"line":22,"column":48}},"5":{"start":{"line":23,"column":26},"end":{"line":23,"column":42}},"6":{"start":{"line":25,"column":2},"end":{"line":29,"column":22}},"7":{"start":{"line":26,"column":4},"end":{"line":26,"column":25}},"8":{"start":{"line":27,"column":4},"end":{"line":28,"column":26}},"9":{"start":{"line":28,"column":6},"end":{"line":28,"column":26}},"10":{"start":{"line":31,"column":2},"end":{"line":62,"column":16}},"11":{"start":{"line":32,"column":4},"end":{"line":61,"column":5}},"12":{"start":{"line":33,"column":6},"end":{"line":60,"column":7}},"13":{"start":{"line":35,"column":10},"end":{"line":35,"column":28}},"14":{"start":{"line":36,"column":10},"end":{"line":36,"column":40}},"15":{"start":{"line":37,"column":10},"end":{"line":37,"column":16}},"16":{"start":{"line":39,"column":10},"end":{"line":39,"column":25}},"17":{"start":{"line":40,"column":10},"end":{"line":40,"column":29}},"18":{"start":{"line":41,"column":10},"end":{"line":41,"column":16}},"19":{"start":{"line":43,"column":10},"end":{"line":43,"column":25}},"20":{"start":{"line":44,"column":10},"end":{"line":44,"column":29}},"21":{"start":{"line":45,"column":10},"end":{"line":45,"column":16}},"22":{"start":{"line":47,"column":10},"end":{"line":47,"column":29}},"23":{"start":{"line":48,"column":10},"end":{"line":48,"column":65}},"24":{"start":{"line":49,"column":10},"end":{"line":49,"column":16}},"25":{"start":{"line":51,"column":10},"end":{"line":51,"column":31}},"26":{"start":{"line":52,"column":10},"end":{"line":52,"column":67}},"27":{"start":{"line":53,"column":10},"end":{"line":53,"column":16}},"28":{"start":{"line":55,"column":10},"end":{"line":55,"column":27}},"29":{"start":{"line":56,"column":10},"end":{"line":56,"column":61}},"30":{"start":{"line":57,"column":10},"end":{"line":57,"column":16}},"31":{"start":{"line":59,"column":10},"end":{"line":59,"column":30}},"32":{"start":{"line":64,"column":2},"end":{"line":81,"column":4}}},"fnMap":{"0":{"name":"Checkout","decl":{"start":{"line":19,"column":24},"end":{"line":19,"column":32}},"loc":{"start":{"line":19,"column":35},"end":{"line":82,"column":1}},"line":19},"1":{"name":"(anonymous_1)","decl":{"start":{"line":20,"column":40},"end":{"line":20,"column":41}},"loc":{"start":{"line":20,"column":51},"end":{"line":20,"column":56}},"line":20},"2":{"name":"(anonymous_2)","decl":{"start":{"line":25,"column":18},"end":{"line":25,"column":19}},"loc":{"start":{"line":25,"column":24},"end":{"line":29,"column":3}},"line":25},"3":{"name":"(anonymous_3)","decl":{"start":{"line":31,"column":18},"end":{"line":31,"column":19}},"loc":{"start":{"line":31,"column":24},"end":{"line":62,"column":3}},"line":31}},"branchMap":{"0":{"loc":{"start":{"line":27,"column":4},"end":{"line":28,"column":26}},"type":"if","locations":[{"start":{"line":27,"column":4},"end":{"line":28,"column":26}},{"start":{"line":27,"column":4},"end":{"line":28,"column":26}}],"line":27},"1":{"loc":{"start":{"line":27,"column":8},"end":{"line":27,"column":71}},"type":"binary-expr","locations":[{"start":{"line":27,"column":8},"end":{"line":27,"column":15}},{"start":{"line":27,"column":19},"end":{"line":27,"column":47}},{"start":{"line":27,"column":51},"end":{"line":27,"column":55}},{"start":{"line":27,"column":59},"end":{"line":27,"column":71}}],"line":27},"2":{"loc":{"start":{"line":32,"column":4},"end":{"line":61,"column":5}},"type":"if","locations":[{"start":{"line":32,"column":4},"end":{"line":61,"column":5}},{"start":{"line":32,"column":4},"end":{"line":61,"column":5}}],"line":32},"3":{"loc":{"start":{"line":33,"column":6},"end":{"line":60,"column":7}},"type":"switch","locations":[{"start":{"line":34,"column":8},"end":{"line":37,"column":16}},{"start":{"line":38,"column":8},"end":{"line":41,"column":16}},{"start":{"line":42,"column":8},"end":{"line":45,"column":16}},{"start":{"line":46,"column":8},"end":{"line":49,"column":16}},{"start":{"line":50,"column":8},"end":{"line":53,"column":16}},{"start":{"line":54,"column":8},"end":{"line":57,"column":16}},{"start":{"line":58,"column":8},"end":{"line":59,"column":30}}],"line":33}},"s":{"0":1,"1":30,"2":61,"3":30,"4":30,"5":30,"6":30,"7":15,"8":15,"9":1,"10":30,"11":15,"12":15,"13":1,"14":1,"15":1,"16":1,"17":1,"18":1,"19":1,"20":1,"21":1,"22":1,"23":1,"24":1,"25":1,"26":1,"27":1,"28":1,"29":1,"30":1,"31":9,"32":30},"f":{"0":30,"1":61,"2":15,"3":15},"b":{"0":[1,14],"1":[15,15,14,14],"2":[15,0],"3":[1,1,1,1,1,1,9]},"_coverageSchema":"1a1c01bbd47fc00a2c39e90264f33305004495a9","hash":"dc634a6a46f9264e6b373f105e80d707e6885f86"}
,"/home/amatyas/projects/next/openshop/redux/actions.js": {"path":"/home/amatyas/projects/next/openshop/redux/actions.js","statementMap":{},"fnMap":{},"branchMap":{},"s":{},"f":{},"b":{},"_coverageSchema":"1a1c01bbd47fc00a2c39e90264f33305004495a9","hash":"c66a84ee0842184b3343cc8dacad63a140fe1afe"}
,"/home/amatyas/projects/next/openshop/redux/reducer.js": {"path":"/home/amatyas/projects/next/openshop/redux/reducer.js","statementMap":{"0":{"start":{"line":4,"column":2},"end":{"line":57,"column":3}},"1":{"start":{"line":6,"column":24},"end":{"line":6,"column":40}},"2":{"start":{"line":7,"column":6},"end":{"line":34,"column":7}},"3":{"start":{"line":10,"column":10},"end":{"line":13,"column":12}},"4":{"start":{"line":17,"column":10},"end":{"line":22,"column":12}},"5":{"start":{"line":20,"column":24},"end":{"line":20,"column":55}},"6":{"start":{"line":26,"column":10},"end":{"line":33,"column":12}},"7":{"start":{"line":31,"column":35},"end":{"line":31,"column":59}},"8":{"start":{"line":36,"column":6},"end":{"line":53,"column":12}},"9":{"start":{"line":56,"column":6},"end":{"line":56,"column":26}}},"fnMap":{"0":{"name":"reducer","decl":{"start":{"line":3,"column":16},"end":{"line":3,"column":23}},"loc":{"start":{"line":3,"column":39},"end":{"line":58,"column":1}},"line":3},"1":{"name":"(anonymous_1)","decl":{"start":{"line":20,"column":14},"end":{"line":20,"column":15}},"loc":{"start":{"line":20,"column":24},"end":{"line":20,"column":55}},"line":20},"2":{"name":"(anonymous_2)","decl":{"start":{"line":31,"column":24},"end":{"line":31,"column":25}},"loc":{"start":{"line":31,"column":35},"end":{"line":31,"column":59}},"line":31}},"branchMap":{"0":{"loc":{"start":{"line":4,"column":2},"end":{"line":57,"column":3}},"type":"switch","locations":[{"start":{"line":5,"column":4},"end":{"line":34,"column":7}},{"start":{"line":35,"column":4},"end":{"line":54,"column":5}},{"start":{"line":55,"column":4},"end":{"line":56,"column":26}}],"line":4},"1":{"loc":{"start":{"line":6,"column":24},"end":{"line":6,"column":40}},"type":"binary-expr","locations":[{"start":{"line":6,"column":24},"end":{"line":6,"column":34}},{"start":{"line":6,"column":38},"end":{"line":6,"column":40}}],"line":6},"2":{"loc":{"start":{"line":7,"column":6},"end":{"line":34,"column":7}},"type":"switch","locations":[{"start":{"line":9,"column":8},"end":{"line":13,"column":12}},{"start":{"line":16,"column":8},"end":{"line":22,"column":12}},{"start":{"line":25,"column":8},"end":{"line":33,"column":12}}],"line":7},"3":{"loc":{"start":{"line":29,"column":14},"end":{"line":32,"column":27}},"type":"binary-expr","locations":[{"start":{"line":29,"column":14},"end":{"line":29,"column":24}},{"start":{"line":30,"column":14},"end":{"line":32,"column":27}}],"line":29},"4":{"loc":{"start":{"line":36,"column":13},"end":{"line":53,"column":11}},"type":"cond-expr","locations":[{"start":{"line":37,"column":10},"end":{"line":47,"column":13}},{"start":{"line":49,"column":10},"end":{"line":53,"column":11}}],"line":36},"5":{"loc":{"start":{"line":37,"column":10},"end":{"line":47,"column":13}},"type":"cond-expr","locations":[{"start":{"line":38,"column":12},"end":{"line":41,"column":13}},{"start":{"line":42,"column":12},"end":{"line":47,"column":13}}],"line":37},"6":{"loc":{"start":{"line":37,"column":10},"end":{"line":37,"column":46}},"type":"binary-expr","locations":[{"start":{"line":37,"column":10},"end":{"line":37,"column":23}},{"start":{"line":37,"column":27},"end":{"line":37,"column":46}}],"line":37},"7":{"loc":{"start":{"line":52,"column":18},"end":{"line":52,"column":66}},"type":"cond-expr","locations":[{"start":{"line":52,"column":32},"end":{"line":52,"column":48}},{"start":{"line":52,"column":51},"end":{"line":52,"column":66}}],"line":52}},"s":{"0":10,"1":5,"2":5,"3":2,"4":2,"5":3,"6":1,"7":2,"8":3,"9":2},"f":{"0":10,"1":3,"2":2},"b":{"0":[5,3,2],"1":[5,1],"2":[2,2,1],"3":[1,1],"4":[2,1],"5":[1,1],"6":[2,1],"7":[1,0]},"_coverageSchema":"1a1c01bbd47fc00a2c39e90264f33305004495a9","hash":"8d0037254800ea212f7f9e88b025c2cd6957b836"}
,"/home/amatyas/projects/next/openshop/redux/action/cart.js": {"path":"/home/amatyas/projects/next/openshop/redux/action/cart.js","statementMap":{"0":{"start":{"line":1,"column":27},"end":{"line":1,"column":40}},"1":{"start":{"line":4,"column":2},"end":{"line":7,"column":4}},"2":{"start":{"line":11,"column":2},"end":{"line":14,"column":4}},"3":{"start":{"line":18,"column":2},"end":{"line":21,"column":4}}},"fnMap":{"0":{"name":"addToCart","decl":{"start":{"line":3,"column":16},"end":{"line":3,"column":25}},"loc":{"start":{"line":3,"column":32},"end":{"line":8,"column":1}},"line":3},"1":{"name":"removeFromCart","decl":{"start":{"line":10,"column":16},"end":{"line":10,"column":30}},"loc":{"start":{"line":10,"column":37},"end":{"line":15,"column":1}},"line":10},"2":{"name":"getAmount","decl":{"start":{"line":17,"column":16},"end":{"line":17,"column":25}},"loc":{"start":{"line":17,"column":28},"end":{"line":22,"column":1}},"line":17}},"branchMap":{},"s":{"0":10,"1":3,"2":3,"3":19},"f":{"0":3,"1":3,"2":19},"b":{},"_coverageSchema":"1a1c01bbd47fc00a2c39e90264f33305004495a9","hash":"198aff227f442cb831dca87a63c3774663b2df93"}
,"/home/amatyas/projects/next/openshop/redux/action/payment.js": {"path":"/home/amatyas/projects/next/openshop/redux/action/payment.js","statementMap":{"0":{"start":{"line":3,"column":32},"end":{"line":3,"column":50}},"1":{"start":{"line":6,"column":2},"end":{"line":9,"column":4}},"2":{"start":{"line":13,"column":2},"end":{"line":16,"column":4}},"3":{"start":{"line":20,"column":2},"end":{"line":27,"column":4}},"4":{"start":{"line":31,"column":2},"end":{"line":39,"column":4}},"5":{"start":{"line":43,"column":2},"end":{"line":50,"column":4}},"6":{"start":{"line":54,"column":2},"end":{"line":57,"column":4}},"7":{"start":{"line":61,"column":2},"end":{"line":64,"column":4}}},"fnMap":{"0":{"name":"paymentReview","decl":{"start":{"line":5,"column":16},"end":{"line":5,"column":29}},"loc":{"start":{"line":5,"column":32},"end":{"line":10,"column":1}},"line":5},"1":{"name":"paymentForm","decl":{"start":{"line":12,"column":16},"end":{"line":12,"column":27}},"loc":{"start":{"line":12,"column":30},"end":{"line":17,"column":1}},"line":12},"2":{"name":"paymentConfirm","decl":{"start":{"line":19,"column":16},"end":{"line":19,"column":30}},"loc":{"start":{"line":19,"column":48},"end":{"line":28,"column":1}},"line":19},"3":{"name":"paymentSuccess","decl":{"start":{"line":30,"column":16},"end":{"line":30,"column":30}},"loc":{"start":{"line":30,"column":39},"end":{"line":40,"column":1}},"line":30},"4":{"name":"paymentCancelled","decl":{"start":{"line":42,"column":16},"end":{"line":42,"column":32}},"loc":{"start":{"line":42,"column":41},"end":{"line":51,"column":1}},"line":42},"5":{"name":"paymentError","decl":{"start":{"line":53,"column":16},"end":{"line":53,"column":28}},"loc":{"start":{"line":53,"column":36},"end":{"line":58,"column":1}},"line":53},"6":{"name":"paymentReset","decl":{"start":{"line":60,"column":16},"end":{"line":60,"column":28}},"loc":{"start":{"line":60,"column":31},"end":{"line":65,"column":1}},"line":60}},"branchMap":{},"s":{"0":11,"1":5,"2":4,"3":4,"4":4,"5":4,"6":8,"7":4},"f":{"0":5,"1":4,"2":4,"3":4,"4":4,"5":8,"6":4},"b":{},"_coverageSchema":"1a1c01bbd47fc00a2c39e90264f33305004495a9","hash":"d76da649cf8aea1f9b07d2c25dc058e4143f501f"}
,"/home/amatyas/projects/next/openshop/redux/thunk/cancel.js": {"path":"/home/amatyas/projects/next/openshop/redux/thunk/cancel.js","statementMap":{"0":{"start":{"line":5,"column":2},"end":{"line":27,"column":4}},"1":{"start":{"line":6,"column":4},"end":{"line":26,"column":5}},"2":{"start":{"line":7,"column":20},"end":{"line":7,"column":41}},"3":{"start":{"line":22,"column":6},"end":{"line":22,"column":46}},"4":{"start":{"line":25,"column":6},"end":{"line":25,"column":36}}},"fnMap":{"0":{"name":"paymentCancel","decl":{"start":{"line":4,"column":16},"end":{"line":4,"column":29}},"loc":{"start":{"line":4,"column":38},"end":{"line":28,"column":1}},"line":4},"1":{"name":"(anonymous_1)","decl":{"start":{"line":5,"column":9},"end":{"line":5,"column":10}},"loc":{"start":{"line":5,"column":29},"end":{"line":27,"column":3}},"line":5}},"branchMap":{},"s":{"0":2,"1":2,"2":2,"3":1,"4":1},"f":{"0":2,"1":2},"b":{},"_coverageSchema":"1a1c01bbd47fc00a2c39e90264f33305004495a9","hash":"d4cd29409c2ebaa9c27416b2f3e3ca28f8848487"}
,"/home/amatyas/projects/next/openshop/redux/thunk/intent.js": {"path":"/home/amatyas/projects/next/openshop/redux/thunk/intent.js","statementMap":{"0":{"start":{"line":5,"column":2},"end":{"line":31,"column":4}},"1":{"start":{"line":6,"column":4},"end":{"line":30,"column":5}},"2":{"start":{"line":7,"column":20},"end":{"line":7,"column":41}},"3":{"start":{"line":27,"column":6},"end":{"line":27,"column":53}},"4":{"start":{"line":29,"column":6},"end":{"line":29,"column":36}}},"fnMap":{"0":{"name":"paymentIntent","decl":{"start":{"line":4,"column":16},"end":{"line":4,"column":29}},"loc":{"start":{"line":4,"column":53},"end":{"line":32,"column":1}},"line":4},"1":{"name":"(anonymous_1)","decl":{"start":{"line":5,"column":9},"end":{"line":5,"column":10}},"loc":{"start":{"line":5,"column":29},"end":{"line":31,"column":3}},"line":5}},"branchMap":{},"s":{"0":2,"1":2,"2":2,"3":1,"4":1},"f":{"0":2,"1":2},"b":{},"_coverageSchema":"1a1c01bbd47fc00a2c39e90264f33305004495a9","hash":"a57ba33203be6dd41f5eb02404770249c0724916"}
}
