{"/home/amatyas/projects/next/openshop/components/index.js": {"path":"/home/amatyas/projects/next/openshop/components/index.js","statementMap":{},"fnMap":{},"branchMap":{},"s":{},"f":{},"b":{},"_coverageSchema":"1a1c01bbd47fc00a2c39e90264f33305004495a9","hash":"2ca16867b23d60ad906cd9cde1ab069e5d492d56"}
,"/home/amatyas/projects/next/openshop/components/cart/index.js": {"path":"/home/amatyas/projects/next/openshop/components/cart/index.js","statementMap":{},"fnMap":{},"branchMap":{},"s":{},"f":{},"b":{},"_coverageSchema":"1a1c01bbd47fc00a2c39e90264f33305004495a9","hash":"07fd2628aac1d811df1105e9908a024cf1cccf82"}
,"/home/amatyas/projects/next/openshop/components/cart/CartAmount/CartAmount.js": {"path":"/home/amatyas/projects/next/openshop/components/cart/CartAmount/CartAmount.js","statementMap":{"0":{"start":{"line":10,"column":26},"end":{"line":40,"column":1}},"1":{"start":{"line":11,"column":19},"end":{"line":11,"column":48}},"2":{"start":{"line":11,"column":42},"end":{"line":11,"column":47}},"3":{"start":{"line":12,"column":2},"end":{"line":39,"column":4}},"4":{"start":{"line":34,"column":29},"end":{"line":34,"column":68}}},"fnMap":{"0":{"name":"(anonymous_0)","decl":{"start":{"line":10,"column":26},"end":{"line":10,"column":27}},"loc":{"start":{"line":10,"column":37},"end":{"line":40,"column":1}},"line":10},"1":{"name":"(anonymous_1)","decl":{"start":{"line":11,"column":31},"end":{"line":11,"column":32}},"loc":{"start":{"line":11,"column":42},"end":{"line":11,"column":47}},"line":11},"2":{"name":"(anonymous_2)","decl":{"start":{"line":34,"column":18},"end":{"line":34,"column":19}},"loc":{"start":{"line":34,"column":29},"end":{"line":34,"column":68}},"line":34}},"branchMap":{},"s":{"0":38,"1":6,"2":16,"3":6,"4":8},"f":{"0":6,"1":16,"2":8},"b":{},"_coverageSchema":"1a1c01bbd47fc00a2c39e90264f33305004495a9","hash":"6833996127d87dcfe87ae9ea0e7f95ae3f85382e"}
,"/home/amatyas/projects/next/openshop/components/cart/CartButton/CartButton.js": {"path":"/home/amatyas/projects/next/openshop/components/cart/CartButton/CartButton.js","statementMap":{"0":{"start":{"line":12,"column":26},"end":{"line":53,"column":1}},"1":{"start":{"line":13,"column":26},"end":{"line":13,"column":55}},"2":{"start":{"line":13,"column":49},"end":{"line":13,"column":54}},"3":{"start":{"line":14,"column":19},"end":{"line":14,"column":32}},"4":{"start":{"line":15,"column":2},"end":{"line":52,"column":4}},"5":{"start":{"line":22,"column":21},"end":{"line":22,"column":63}},"6":{"start":{"line":50,"column":30},"end":{"line":50,"column":47}}},"fnMap":{"0":{"name":"(anonymous_0)","decl":{"start":{"line":12,"column":26},"end":{"line":12,"column":27}},"loc":{"start":{"line":12,"column":37},"end":{"line":53,"column":1}},"line":12},"1":{"name":"(anonymous_1)","decl":{"start":{"line":13,"column":38},"end":{"line":13,"column":39}},"loc":{"start":{"line":13,"column":49},"end":{"line":13,"column":54}},"line":13},"2":{"name":"(anonymous_2)","decl":{"start":{"line":22,"column":15},"end":{"line":22,"column":16}},"loc":{"start":{"line":22,"column":21},"end":{"line":22,"column":63}},"line":22},"3":{"name":"(anonymous_3)","decl":{"start":{"line":50,"column":19},"end":{"line":50,"column":20}},"loc":{"start":{"line":50,"column":30},"end":{"line":50,"column":47}},"line":50}},"branchMap":{},"s":{"0":38,"1":5,"2":15,"3":5,"4":5,"5":2,"6":2},"f":{"0":5,"1":15,"2":2,"3":2},"b":{},"_coverageSchema":"1a1c01bbd47fc00a2c39e90264f33305004495a9","hash":"f45f09db13ffd7f2339e30a09076992194888950"}
,"/home/amatyas/projects/next/openshop/components/cart/CartContent/CartContent.js": {"path":"/home/amatyas/projects/next/openshop/components/cart/CartContent/CartContent.js","statementMap":{"0":{"start":{"line":11,"column":27},"end":{"line":28,"column":1}},"1":{"start":{"line":12,"column":29},"end":{"line":12,"column":34}},"2":{"start":{"line":13,"column":19},"end":{"line":13,"column":48}},"3":{"start":{"line":13,"column":42},"end":{"line":13,"column":47}},"4":{"start":{"line":14,"column":2},"end":{"line":27,"column":4}},"5":{"start":{"line":17,"column":8},"end":{"line":24,"column":10}},"6":{"start":{"line":30,"column":0},"end":{"line":33,"column":2}},"7":{"start":{"line":35,"column":0},"end":{"line":45,"column":2}}},"fnMap":{"0":{"name":"(anonymous_0)","decl":{"start":{"line":11,"column":27},"end":{"line":11,"column":28}},"loc":{"start":{"line":11,"column":38},"end":{"line":28,"column":1}},"line":11},"1":{"name":"(anonymous_1)","decl":{"start":{"line":13,"column":31},"end":{"line":13,"column":32}},"loc":{"start":{"line":13,"column":42},"end":{"line":13,"column":47}},"line":13},"2":{"name":"(anonymous_2)","decl":{"start":{"line":16,"column":16},"end":{"line":16,"column":17}},"loc":{"start":{"line":17,"column":8},"end":{"line":24,"column":10}},"line":17}},"branchMap":{},"s":{"0":38,"1":19,"2":19,"3":36,"4":19,"5":14,"6":38,"7":38},"f":{"0":19,"1":36,"2":14},"b":{},"_coverageSchema":"1a1c01bbd47fc00a2c39e90264f33305004495a9","hash":"7fdffa0061248b7c82ca6b0284f02b20c8f137c3"}
,"/home/amatyas/projects/next/openshop/components/cart/CartItem/CartItem.js": {"path":"/home/amatyas/projects/next/openshop/components/cart/CartItem/CartItem.js","statementMap":{"0":{"start":{"line":15,"column":24},"end":{"line":69,"column":1}},"1":{"start":{"line":16,"column":19},"end":{"line":16,"column":32}},"2":{"start":{"line":17,"column":35},"end":{"line":17,"column":40}},"3":{"start":{"line":19,"column":2},"end":{"line":68,"column":4}},"4":{"start":{"line":64,"column":25},"end":{"line":64,"column":55}},"5":{"start":{"line":71,"column":0},"end":{"line":74,"column":2}},"6":{"start":{"line":76,"column":0},"end":{"line":98,"column":2}}},"fnMap":{"0":{"name":"(anonymous_0)","decl":{"start":{"line":15,"column":24},"end":{"line":15,"column":25}},"loc":{"start":{"line":15,"column":35},"end":{"line":69,"column":1}},"line":15},"1":{"name":"(anonymous_1)","decl":{"start":{"line":64,"column":19},"end":{"line":64,"column":20}},"loc":{"start":{"line":64,"column":25},"end":{"line":64,"column":55}},"line":64}},"branchMap":{"0":{"loc":{"start":{"line":40,"column":14},"end":{"line":40,"column":42}},"type":"binary-expr","locations":[{"start":{"line":40,"column":14},"end":{"line":40,"column":28}},{"start":{"line":40,"column":32},"end":{"line":40,"column":42}}],"line":40},"1":{"loc":{"start":{"line":41,"column":12},"end":{"line":41,"column":39}},"type":"binary-expr","locations":[{"start":{"line":41,"column":12},"end":{"line":41,"column":25}},{"start":{"line":41,"column":29},"end":{"line":41,"column":39}}],"line":41},"2":{"loc":{"start":{"line":44,"column":9},"end":{"line":46,"column":9}},"type":"binary-expr","locations":[{"start":{"line":44,"column":9},"end":{"line":44,"column":16}},{"start":{"line":45,"column":10},"end":{"line":45,"column":77}}],"line":44},"3":{"loc":{"start":{"line":56,"column":7},"end":{"line":66,"column":7}},"type":"binary-expr","locations":[{"start":{"line":56,"column":7},"end":{"line":56,"column":12}},{"start":{"line":57,"column":8},"end":{"line":65,"column":10}}],"line":56}},"s":{"0":38,"1":15,"2":15,"3":15,"4":1,"5":38,"6":38},"f":{"0":15,"1":1},"b":{"0":[15,15],"1":[15,15],"2":[15,2],"3":[15,3]},"_coverageSchema":"1a1c01bbd47fc00a2c39e90264f33305004495a9","hash":"e81adad46b5c69cc09c3e000e40dd530fae85821"}
,"/home/amatyas/projects/next/openshop/components/cart/CartPanel/CartPanel.js": {"path":"/home/amatyas/projects/next/openshop/components/cart/CartPanel/CartPanel.js","statementMap":{"0":{"start":{"line":30,"column":25},"end":{"line":111,"column":1}},"1":{"start":{"line":31,"column":26},"end":{"line":31,"column":55}},"2":{"start":{"line":31,"column":49},"end":{"line":31,"column":54}},"3":{"start":{"line":32,"column":19},"end":{"line":32,"column":32}},"4":{"start":{"line":34,"column":2},"end":{"line":110,"column":4}},"5":{"start":{"line":85,"column":27},"end":{"line":85,"column":63}},"6":{"start":{"line":98,"column":16},"end":{"line":98,"column":53}},"7":{"start":{"line":99,"column":16},"end":{"line":99,"column":42}}},"fnMap":{"0":{"name":"(anonymous_0)","decl":{"start":{"line":30,"column":25},"end":{"line":30,"column":26}},"loc":{"start":{"line":30,"column":36},"end":{"line":111,"column":1}},"line":30},"1":{"name":"(anonymous_1)","decl":{"start":{"line":31,"column":38},"end":{"line":31,"column":39}},"loc":{"start":{"line":31,"column":49},"end":{"line":31,"column":54}},"line":31},"2":{"name":"(anonymous_2)","decl":{"start":{"line":85,"column":21},"end":{"line":85,"column":22}},"loc":{"start":{"line":85,"column":27},"end":{"line":85,"column":63}},"line":85},"3":{"name":"(anonymous_3)","decl":{"start":{"line":97,"column":23},"end":{"line":97,"column":24}},"loc":{"start":{"line":97,"column":29},"end":{"line":100,"column":15}},"line":97}},"branchMap":{"0":{"loc":{"start":{"line":49,"column":10},"end":{"line":54,"column":11}},"type":"binary-expr","locations":[{"start":{"line":49,"column":10},"end":{"line":49,"column":21}},{"start":{"line":49,"column":25},"end":{"line":54,"column":11}}],"line":49},"1":{"loc":{"start":{"line":68,"column":12},"end":{"line":73,"column":13}},"type":"binary-expr","locations":[{"start":{"line":68,"column":12},"end":{"line":68,"column":23}},{"start":{"line":68,"column":27},"end":{"line":73,"column":13}}],"line":68}},"s":{"0":38,"1":3,"2":9,"3":3,"4":3,"5":1,"6":1,"7":1},"f":{"0":3,"1":9,"2":1,"3":1},"b":{"0":[3,3],"1":[3,3]},"_coverageSchema":"1a1c01bbd47fc00a2c39e90264f33305004495a9","hash":"efe875c9ab5758e70a8d17b0d7f2fe18f3e01ed9"}
,"/home/amatyas/projects/next/openshop/components/filter/index.js": {"path":"/home/amatyas/projects/next/openshop/components/filter/index.js","statementMap":{},"fnMap":{},"branchMap":{},"s":{},"f":{},"b":{},"_coverageSchema":"1a1c01bbd47fc00a2c39e90264f33305004495a9","hash":"a41ee3eb3711565e42b447bada2a157f35de623c"}
,"/home/amatyas/projects/next/openshop/components/filter/FilterButton/FilterButton.js": {"path":"/home/amatyas/projects/next/openshop/components/filter/FilterButton/FilterButton.js","statementMap":{"0":{"start":{"line":12,"column":28},"end":{"line":29,"column":1}},"1":{"start":{"line":13,"column":22},"end":{"line":13,"column":57}},"2":{"start":{"line":13,"column":45},"end":{"line":13,"column":56}},"3":{"start":{"line":14,"column":19},"end":{"line":14,"column":32}},"4":{"start":{"line":16,"column":2},"end":{"line":28,"column":4}},"5":{"start":{"line":18,"column":21},"end":{"line":18,"column":63}}},"fnMap":{"0":{"name":"(anonymous_0)","decl":{"start":{"line":12,"column":28},"end":{"line":12,"column":29}},"loc":{"start":{"line":12,"column":39},"end":{"line":29,"column":1}},"line":12},"1":{"name":"(anonymous_1)","decl":{"start":{"line":13,"column":34},"end":{"line":13,"column":35}},"loc":{"start":{"line":13,"column":45},"end":{"line":13,"column":56}},"line":13},"2":{"name":"(anonymous_2)","decl":{"start":{"line":18,"column":15},"end":{"line":18,"column":16}},"loc":{"start":{"line":18,"column":21},"end":{"line":18,"column":63}},"line":18}},"branchMap":{"0":{"loc":{"start":{"line":26,"column":7},"end":{"line":26,"column":48}},"type":"cond-expr","locations":[{"start":{"line":26,"column":17},"end":{"line":26,"column":31}},{"start":{"line":26,"column":34},"end":{"line":26,"column":48}}],"line":26}},"s":{"0":38,"1":5,"2":11,"3":5,"4":5,"5":1},"f":{"0":5,"1":11,"2":1},"b":{"0":[1,4]},"_coverageSchema":"1a1c01bbd47fc00a2c39e90264f33305004495a9","hash":"98e235867522f3d149b77c66f02db514129fcad2"}
,"/home/amatyas/projects/next/openshop/components/filter/FilterColor/FilterColor.js": {"path":"/home/amatyas/projects/next/openshop/components/filter/FilterColor/FilterColor.js","statementMap":{"0":{"start":{"line":15,"column":27},"end":{"line":93,"column":1}},"1":{"start":{"line":16,"column":19},"end":{"line":16,"column":32}},"2":{"start":{"line":17,"column":22},"end":{"line":17,"column":51}},"3":{"start":{"line":17,"column":45},"end":{"line":17,"column":50}},"4":{"start":{"line":18,"column":30},"end":{"line":18,"column":53}},"5":{"start":{"line":20,"column":2},"end":{"line":36,"column":9}},"6":{"start":{"line":21,"column":15},"end":{"line":21,"column":22}},"7":{"start":{"line":22,"column":4},"end":{"line":26,"column":7}},"8":{"start":{"line":23,"column":6},"end":{"line":25,"column":32}},"9":{"start":{"line":24,"column":39},"end":{"line":24,"column":54}},"10":{"start":{"line":27,"column":4},"end":{"line":35,"column":6}},"11":{"start":{"line":29,"column":8},"end":{"line":33,"column":10}},"12":{"start":{"line":38,"column":2},"end":{"line":92,"column":4}},"13":{"start":{"line":84,"column":12},"end":{"line":84,"column":50}},"14":{"start":{"line":95,"column":0},"end":{"line":100,"column":2}}},"fnMap":{"0":{"name":"(anonymous_0)","decl":{"start":{"line":15,"column":27},"end":{"line":15,"column":28}},"loc":{"start":{"line":15,"column":38},"end":{"line":93,"column":1}},"line":15},"1":{"name":"(anonymous_1)","decl":{"start":{"line":17,"column":34},"end":{"line":17,"column":35}},"loc":{"start":{"line":17,"column":45},"end":{"line":17,"column":50}},"line":17},"2":{"name":"(anonymous_2)","decl":{"start":{"line":20,"column":18},"end":{"line":20,"column":19}},"loc":{"start":{"line":20,"column":24},"end":{"line":36,"column":3}},"line":20},"3":{"name":"(anonymous_3)","decl":{"start":{"line":22,"column":27},"end":{"line":22,"column":28}},"loc":{"start":{"line":22,"column":37},"end":{"line":26,"column":5}},"line":22},"4":{"name":"(anonymous_4)","decl":{"start":{"line":24,"column":29},"end":{"line":24,"column":30}},"loc":{"start":{"line":24,"column":39},"end":{"line":24,"column":54}},"line":24},"5":{"name":"(anonymous_5)","decl":{"start":{"line":28,"column":36},"end":{"line":28,"column":37}},"loc":{"start":{"line":28,"column":47},"end":{"line":34,"column":7}},"line":28},"6":{"name":"(anonymous_6)","decl":{"start":{"line":83,"column":20},"end":{"line":83,"column":21}},"loc":{"start":{"line":83,"column":27},"end":{"line":85,"column":11}},"line":83}},"branchMap":{"0":{"loc":{"start":{"line":23,"column":6},"end":{"line":25,"column":31}},"type":"cond-expr","locations":[{"start":{"line":24,"column":10},"end":{"line":24,"column":55}},{"start":{"line":25,"column":10},"end":{"line":25,"column":31}}],"line":23}},"s":{"0":38,"1":8,"2":8,"3":13,"4":8,"5":8,"6":4,"7":4,"8":20,"9":4,"10":4,"11":12,"12":8,"13":1,"14":38},"f":{"0":8,"1":13,"2":4,"3":20,"4":4,"5":12,"6":1},"b":{"0":[2,18]},"_coverageSchema":"1a1c01bbd47fc00a2c39e90264f33305004495a9","hash":"e820e143c3a80d0fea886c1d4efccc2884cfca5a"}
,"/home/amatyas/projects/next/openshop/components/filter/FilterName/FilterName.js": {"path":"/home/amatyas/projects/next/openshop/components/filter/FilterName/FilterName.js","statementMap":{"0":{"start":{"line":12,"column":26},"end":{"line":69,"column":1}},"1":{"start":{"line":13,"column":19},"end":{"line":13,"column":32}},"2":{"start":{"line":14,"column":18},"end":{"line":16,"column":9}},"3":{"start":{"line":15,"column":4},"end":{"line":15,"column":46}},"4":{"start":{"line":18,"column":2},"end":{"line":68,"column":4}},"5":{"start":{"line":64,"column":25},"end":{"line":64,"column":48}}},"fnMap":{"0":{"name":"(anonymous_0)","decl":{"start":{"line":12,"column":26},"end":{"line":12,"column":27}},"loc":{"start":{"line":12,"column":37},"end":{"line":69,"column":1}},"line":12},"1":{"name":"(anonymous_1)","decl":{"start":{"line":14,"column":27},"end":{"line":14,"column":28}},"loc":{"start":{"line":14,"column":38},"end":{"line":16,"column":3}},"line":14},"2":{"name":"(anonymous_2)","decl":{"start":{"line":64,"column":18},"end":{"line":64,"column":19}},"loc":{"start":{"line":64,"column":25},"end":{"line":64,"column":48}},"line":64}},"branchMap":{},"s":{"0":38,"1":4,"2":4,"3":1,"4":4,"5":1},"f":{"0":4,"1":1,"2":1},"b":{},"_coverageSchema":"1a1c01bbd47fc00a2c39e90264f33305004495a9","hash":"680d10cf5c0137e6e0d7e36d2b9bf4c14aaa1a8c"}
,"/home/amatyas/projects/next/openshop/components/filter/FilterPanel/FilterPanel.js": {"path":"/home/amatyas/projects/next/openshop/components/filter/FilterPanel/FilterPanel.js","statementMap":{"0":{"start":{"line":27,"column":27},"end":{"line":63,"column":1}},"1":{"start":{"line":28,"column":23},"end":{"line":28,"column":28}},"2":{"start":{"line":29,"column":22},"end":{"line":29,"column":57}},"3":{"start":{"line":29,"column":45},"end":{"line":29,"column":56}},"4":{"start":{"line":30,"column":2},"end":{"line":62,"column":4}},"5":{"start":{"line":65,"column":0},"end":{"line":70,"column":2}}},"fnMap":{"0":{"name":"(anonymous_0)","decl":{"start":{"line":27,"column":27},"end":{"line":27,"column":28}},"loc":{"start":{"line":27,"column":38},"end":{"line":63,"column":1}},"line":27},"1":{"name":"(anonymous_1)","decl":{"start":{"line":29,"column":34},"end":{"line":29,"column":35}},"loc":{"start":{"line":29,"column":45},"end":{"line":29,"column":56}},"line":29}},"branchMap":{},"s":{"0":38,"1":3,"2":3,"3":6,"4":3,"5":38},"f":{"0":3,"1":6},"b":{},"_coverageSchema":"1a1c01bbd47fc00a2c39e90264f33305004495a9","hash":"f117d9aac49b1bb3958cbcbfa10927064be5f92e"}
,"/home/amatyas/projects/next/openshop/components/filter/FilterPrice/FilterPrice.js": {"path":"/home/amatyas/projects/next/openshop/components/filter/FilterPrice/FilterPrice.js","statementMap":{"0":{"start":{"line":20,"column":27},"end":{"line":75,"column":1}},"1":{"start":{"line":21,"column":19},"end":{"line":21,"column":32}},"2":{"start":{"line":22,"column":22},"end":{"line":22,"column":51}},"3":{"start":{"line":22,"column":45},"end":{"line":22,"column":50}},"4":{"start":{"line":23,"column":23},"end":{"line":23,"column":28}},"5":{"start":{"line":24,"column":24},"end":{"line":24,"column":41}},"6":{"start":{"line":25,"column":28},"end":{"line":25,"column":49}},"7":{"start":{"line":27,"column":2},"end":{"line":31,"column":32}},"8":{"start":{"line":28,"column":4},"end":{"line":28,"column":60}},"9":{"start":{"line":28,"column":46},"end":{"line":28,"column":56}},"10":{"start":{"line":33,"column":2},"end":{"line":74,"column":4}},"11":{"start":{"line":58,"column":25},"end":{"line":58,"column":36}},"12":{"start":{"line":66,"column":25},"end":{"line":66,"column":53}},"13":{"start":{"line":77,"column":0},"end":{"line":82,"column":2}}},"fnMap":{"0":{"name":"(anonymous_0)","decl":{"start":{"line":20,"column":27},"end":{"line":20,"column":28}},"loc":{"start":{"line":20,"column":38},"end":{"line":75,"column":1}},"line":20},"1":{"name":"(anonymous_1)","decl":{"start":{"line":22,"column":34},"end":{"line":22,"column":35}},"loc":{"start":{"line":22,"column":45},"end":{"line":22,"column":50}},"line":22},"2":{"name":"(anonymous_2)","decl":{"start":{"line":27,"column":18},"end":{"line":27,"column":19}},"loc":{"start":{"line":27,"column":24},"end":{"line":31,"column":3}},"line":27},"3":{"name":"(anonymous_3)","decl":{"start":{"line":28,"column":36},"end":{"line":28,"column":37}},"loc":{"start":{"line":28,"column":46},"end":{"line":28,"column":56}},"line":28},"4":{"name":"(anonymous_4)","decl":{"start":{"line":58,"column":18},"end":{"line":58,"column":19}},"loc":{"start":{"line":58,"column":25},"end":{"line":58,"column":36}},"line":58},"5":{"name":"(anonymous_5)","decl":{"start":{"line":66,"column":19},"end":{"line":66,"column":20}},"loc":{"start":{"line":66,"column":25},"end":{"line":66,"column":53}},"line":66}},"branchMap":{"0":{"loc":{"start":{"line":52,"column":9},"end":{"line":52,"column":21}},"type":"binary-expr","locations":[{"start":{"line":52,"column":9},"end":{"line":52,"column":14}},{"start":{"line":52,"column":18},"end":{"line":52,"column":21}}],"line":52},"1":{"loc":{"start":{"line":57,"column":15},"end":{"line":57,"column":27}},"type":"binary-expr","locations":[{"start":{"line":57,"column":15},"end":{"line":57,"column":20}},{"start":{"line":57,"column":24},"end":{"line":57,"column":27}}],"line":57}},"s":{"0":38,"1":9,"2":9,"3":14,"4":9,"5":9,"6":9,"7":9,"8":4,"9":20,"10":9,"11":1,"12":1,"13":38},"f":{"0":9,"1":14,"2":4,"3":20,"4":1,"5":1},"b":{"0":[9,8],"1":[9,8]},"_coverageSchema":"1a1c01bbd47fc00a2c39e90264f33305004495a9","hash":"90d7f1dffd403f2c99f52af6741d13c8df85fca9"}
,"/home/amatyas/projects/next/openshop/components/filter/FilterReset/FilterReset.js": {"path":"/home/amatyas/projects/next/openshop/components/filter/FilterReset/FilterReset.js","statementMap":{"0":{"start":{"line":12,"column":27},"end":{"line":28,"column":1}},"1":{"start":{"line":13,"column":19},"end":{"line":13,"column":32}},"2":{"start":{"line":15,"column":2},"end":{"line":27,"column":4}},"3":{"start":{"line":19,"column":8},"end":{"line":19,"column":32}}},"fnMap":{"0":{"name":"(anonymous_0)","decl":{"start":{"line":12,"column":27},"end":{"line":12,"column":28}},"loc":{"start":{"line":12,"column":38},"end":{"line":28,"column":1}},"line":12},"1":{"name":"(anonymous_1)","decl":{"start":{"line":18,"column":15},"end":{"line":18,"column":16}},"loc":{"start":{"line":18,"column":21},"end":{"line":20,"column":7}},"line":18}},"branchMap":{"0":{"loc":{"start":{"line":25,"column":7},"end":{"line":25,"column":59}},"type":"binary-expr","locations":[{"start":{"line":25,"column":7},"end":{"line":25,"column":21}}],"line":25}},"s":{"0":38,"1":4,"2":4,"3":1},"f":{"0":4,"1":1},"b":{"0":[4]},"_coverageSchema":"1a1c01bbd47fc00a2c39e90264f33305004495a9","hash":"3cbde9aa8cccc848de71fc849bfb839e98f6fd28"}
,"/home/amatyas/projects/next/openshop/components/layout/index.js": {"path":"/home/amatyas/projects/next/openshop/components/layout/index.js","statementMap":{},"fnMap":{},"branchMap":{},"s":{},"f":{},"b":{},"_coverageSchema":"1a1c01bbd47fc00a2c39e90264f33305004495a9","hash":"e5f286b305f10b811468ebaed8bc11238924ff47"}
,"/home/amatyas/projects/next/openshop/components/layout/Content/Content.js": {"path":"/home/amatyas/projects/next/openshop/components/layout/Content/Content.js","statementMap":{"0":{"start":{"line":9,"column":23},"end":{"line":36,"column":1}},"1":{"start":{"line":10,"column":23},"end":{"line":10,"column":28}},"2":{"start":{"line":11,"column":2},"end":{"line":35,"column":4}},"3":{"start":{"line":38,"column":0},"end":{"line":43,"column":2}}},"fnMap":{"0":{"name":"(anonymous_0)","decl":{"start":{"line":9,"column":23},"end":{"line":9,"column":24}},"loc":{"start":{"line":9,"column":34},"end":{"line":36,"column":1}},"line":9}},"branchMap":{},"s":{"0":38,"1":1,"2":1,"3":38},"f":{"0":1},"b":{},"_coverageSchema":"1a1c01bbd47fc00a2c39e90264f33305004495a9","hash":"39d25e76f6adba2b012e1397920fda2d854f9f5f"}
,"/home/amatyas/projects/next/openshop/components/layout/Footer/Footer.js": {"path":"/home/amatyas/projects/next/openshop/components/layout/Footer/Footer.js","statementMap":{"0":{"start":{"line":19,"column":22},"end":{"line":71,"column":1}},"1":{"start":{"line":20,"column":2},"end":{"line":70,"column":4}},"2":{"start":{"line":36,"column":10},"end":{"line":66,"column":17}},"3":{"start":{"line":54,"column":16},"end":{"line":63,"column":27}}},"fnMap":{"0":{"name":"(anonymous_0)","decl":{"start":{"line":19,"column":22},"end":{"line":19,"column":23}},"loc":{"start":{"line":19,"column":33},"end":{"line":71,"column":1}},"line":19},"1":{"name":"(anonymous_1)","decl":{"start":{"line":35,"column":29},"end":{"line":35,"column":30}},"loc":{"start":{"line":36,"column":10},"end":{"line":66,"column":17}},"line":36},"2":{"name":"(anonymous_2)","decl":{"start":{"line":53,"column":36},"end":{"line":53,"column":37}},"loc":{"start":{"line":54,"column":16},"end":{"line":63,"column":27}},"line":54}},"branchMap":{},"s":{"0":39,"1":1,"2":3,"3":12},"f":{"0":1,"1":3,"2":12},"b":{},"_coverageSchema":"1a1c01bbd47fc00a2c39e90264f33305004495a9","hash":"d05f6fed8f0715ab69e1fd1c489f4e43e033d46c"}
,"/home/amatyas/projects/next/openshop/components/layout/Navbar/Navbar.js": {"path":"/home/amatyas/projects/next/openshop/components/layout/Navbar/Navbar.js","statementMap":{"0":{"start":{"line":12,"column":22},"end":{"line":79,"column":1}},"1":{"start":{"line":13,"column":2},"end":{"line":78,"column":4}},"2":{"start":{"line":54,"column":12},"end":{"line":72,"column":14}}},"fnMap":{"0":{"name":"(anonymous_0)","decl":{"start":{"line":12,"column":22},"end":{"line":12,"column":23}},"loc":{"start":{"line":12,"column":33},"end":{"line":79,"column":1}},"line":12},"1":{"name":"(anonymous_1)","decl":{"start":{"line":53,"column":28},"end":{"line":53,"column":29}},"loc":{"start":{"line":53,"column":38},"end":{"line":73,"column":11}},"line":53}},"branchMap":{},"s":{"0":38,"1":1,"2":2},"f":{"0":1,"1":2},"b":{},"_coverageSchema":"1a1c01bbd47fc00a2c39e90264f33305004495a9","hash":"c825497d4b3d7e7766a410b4585d52c5a2082dec"}
,"/home/amatyas/projects/next/openshop/components/layout/ProductsTopBar/ProductsTopBar.js": {"path":"/home/amatyas/projects/next/openshop/components/layout/ProductsTopBar/ProductsTopBar.js","statementMap":{"0":{"start":{"line":12,"column":30},"end":{"line":54,"column":1}},"1":{"start":{"line":13,"column":51},"end":{"line":13,"column":56}},"2":{"start":{"line":14,"column":2},"end":{"line":53,"column":4}},"3":{"start":{"line":27,"column":10},"end":{"line":31,"column":12}},"4":{"start":{"line":32,"column":10},"end":{"line":34,"column":13}},"5":{"start":{"line":44,"column":10},"end":{"line":44,"column":39}},"6":{"start":{"line":45,"column":10},"end":{"line":47,"column":13}},"7":{"start":{"line":56,"column":0},"end":{"line":61,"column":2}}},"fnMap":{"0":{"name":"(anonymous_0)","decl":{"start":{"line":12,"column":30},"end":{"line":12,"column":31}},"loc":{"start":{"line":12,"column":41},"end":{"line":54,"column":1}},"line":12},"1":{"name":"(anonymous_1)","decl":{"start":{"line":26,"column":17},"end":{"line":26,"column":18}},"loc":{"start":{"line":26,"column":23},"end":{"line":35,"column":9}},"line":26},"2":{"name":"(anonymous_2)","decl":{"start":{"line":43,"column":17},"end":{"line":43,"column":18}},"loc":{"start":{"line":43,"column":23},"end":{"line":48,"column":9}},"line":43}},"branchMap":{},"s":{"0":38,"1":2,"2":2,"3":1,"4":1,"5":1,"6":1,"7":38},"f":{"0":2,"1":1,"2":1},"b":{},"_coverageSchema":"1a1c01bbd47fc00a2c39e90264f33305004495a9","hash":"7e3d4a3c1b0cf44474728a4d1e71a439be5d7d97"}
,"/home/amatyas/projects/next/openshop/components/layout/ScrollTop/ScrollTop.js": {"path":"/home/amatyas/projects/next/openshop/components/layout/ScrollTop/ScrollTop.js","statementMap":{"0":{"start":{"line":9,"column":25},"end":{"line":58,"column":1}},"1":{"start":{"line":10,"column":30},"end":{"line":10,"column":51}},"2":{"start":{"line":32,"column":2},"end":{"line":57,"column":4}},"3":{"start":{"line":37,"column":8},"end":{"line":40,"column":11}}},"fnMap":{"0":{"name":"(anonymous_0)","decl":{"start":{"line":9,"column":25},"end":{"line":9,"column":26}},"loc":{"start":{"line":9,"column":36},"end":{"line":58,"column":1}},"line":9},"1":{"name":"(anonymous_1)","decl":{"start":{"line":36,"column":15},"end":{"line":36,"column":16}},"loc":{"start":{"line":36,"column":21},"end":{"line":41,"column":7}},"line":36}},"branchMap":{},"s":{"0":38,"1":1,"2":1,"3":1},"f":{"0":1,"1":1},"b":{},"_coverageSchema":"1a1c01bbd47fc00a2c39e90264f33305004495a9","hash":"705ad43e9b59fb9bb7fae1d0a352001d243d3ee7"}
,"/home/amatyas/projects/next/openshop/components/payment/index.js": {"path":"/home/amatyas/projects/next/openshop/components/payment/index.js","statementMap":{},"fnMap":{},"branchMap":{},"s":{},"f":{},"b":{},"_coverageSchema":"1a1c01bbd47fc00a2c39e90264f33305004495a9","hash":"1a712487b96c818f531eb1ae6a6c415ee3b81444"}
,"/home/amatyas/projects/next/openshop/components/payment/PaymentCancelled/PaymentCancelled.js": {"path":"/home/amatyas/projects/next/openshop/components/payment/PaymentCancelled/PaymentCancelled.js","statementMap":{"0":{"start":{"line":14,"column":32},"end":{"line":32,"column":1}},"1":{"start":{"line":15,"column":21},"end":{"line":15,"column":58}},"2":{"start":{"line":15,"column":44},"end":{"line":15,"column":57}},"3":{"start":{"line":16,"column":2},"end":{"line":31,"column":4}}},"fnMap":{"0":{"name":"(anonymous_0)","decl":{"start":{"line":14,"column":32},"end":{"line":14,"column":33}},"loc":{"start":{"line":14,"column":43},"end":{"line":32,"column":1}},"line":14},"1":{"name":"(anonymous_1)","decl":{"start":{"line":15,"column":33},"end":{"line":15,"column":34}},"loc":{"start":{"line":15,"column":44},"end":{"line":15,"column":57}},"line":15}},"branchMap":{},"s":{"0":38,"1":3,"2":6,"3":3},"f":{"0":3,"1":6},"b":{},"_coverageSchema":"1a1c01bbd47fc00a2c39e90264f33305004495a9","hash":"a03d8912c7f922781f0c020747fdcaa5faf5cb65"}
,"/home/amatyas/projects/next/openshop/components/payment/PaymentConfirm/PaymentConfirm.js": {"path":"/home/amatyas/projects/next/openshop/components/payment/PaymentConfirm/PaymentConfirm.js","statementMap":{"0":{"start":{"line":13,"column":42},"end":{"line":15,"column":1}},"1":{"start":{"line":28,"column":30},"end":{"line":72,"column":1}},"2":{"start":{"line":29,"column":22},"end":{"line":29,"column":59}},"3":{"start":{"line":29,"column":45},"end":{"line":29,"column":58}},"4":{"start":{"line":30,"column":32},"end":{"line":30,"column":53}},"5":{"start":{"line":31,"column":32},"end":{"line":34,"column":4}},"6":{"start":{"line":36,"column":2},"end":{"line":71,"column":4}}},"fnMap":{"0":{"name":"(anonymous_0)","decl":{"start":{"line":28,"column":30},"end":{"line":28,"column":31}},"loc":{"start":{"line":28,"column":41},"end":{"line":72,"column":1}},"line":28},"1":{"name":"(anonymous_1)","decl":{"start":{"line":29,"column":34},"end":{"line":29,"column":35}},"loc":{"start":{"line":29,"column":45},"end":{"line":29,"column":58}},"line":29}},"branchMap":{"0":{"loc":{"start":{"line":14,"column":2},"end":{"line":14,"column":53}},"type":"binary-expr","locations":[{"start":{"line":14,"column":2},"end":{"line":14,"column":43}},{"start":{"line":14,"column":47},"end":{"line":14,"column":53}}],"line":14},"1":{"loc":{"start":{"line":39,"column":11},"end":{"line":39,"column":37}},"type":"cond-expr","locations":[{"start":{"line":39,"column":22},"end":{"line":39,"column":28}},{"start":{"line":39,"column":31},"end":{"line":39,"column":37}}],"line":39},"2":{"loc":{"start":{"line":61,"column":20},"end":{"line":61,"column":49}},"type":"binary-expr","locations":[{"start":{"line":61,"column":20},"end":{"line":61,"column":36}},{"start":{"line":61,"column":40},"end":{"line":61,"column":49}}],"line":61},"3":{"loc":{"start":{"line":66,"column":11},"end":{"line":66,"column":36}},"type":"cond-expr","locations":[{"start":{"line":66,"column":21},"end":{"line":66,"column":27}},{"start":{"line":66,"column":30},"end":{"line":66,"column":36}}],"line":66}},"s":{"0":38,"1":38,"2":12,"3":18,"4":12,"5":12,"6":12},"f":{"0":12,"1":18},"b":{"0":[38,38],"1":[10,2],"2":[12,4],"3":[2,10]},"_coverageSchema":"1a1c01bbd47fc00a2c39e90264f33305004495a9","hash":"47997eb08771777be66717f511eb1c64298f5362"}
,"/home/amatyas/projects/next/openshop/components/payment/PaymentConfirmCard/PaymentConfirmCard.js": {"path":"/home/amatyas/projects/next/openshop/components/payment/PaymentConfirmCard/PaymentConfirmCard.js","statementMap":{"0":{"start":{"line":12,"column":34},"end":{"line":104,"column":1}},"1":{"start":{"line":13,"column":38},"end":{"line":13,"column":43}},"2":{"start":{"line":14,"column":17},"end":{"line":14,"column":28}},"3":{"start":{"line":15,"column":19},"end":{"line":15,"column":32}},"4":{"start":{"line":16,"column":19},"end":{"line":16,"column":32}},"5":{"start":{"line":17,"column":30},"end":{"line":17,"column":67}},"6":{"start":{"line":17,"column":53},"end":{"line":17,"column":66}},"7":{"start":{"line":18,"column":36},"end":{"line":18,"column":56}},"8":{"start":{"line":19,"column":34},"end":{"line":19,"column":55}},"9":{"start":{"line":21,"column":25},"end":{"line":41,"column":3}},"10":{"start":{"line":22,"column":4},"end":{"line":22,"column":26}},"11":{"start":{"line":22,"column":19},"end":{"line":22,"column":26}},"12":{"start":{"line":23,"column":4},"end":{"line":23,"column":22}},"13":{"start":{"line":24,"column":17},"end":{"line":24,"column":49}},"14":{"start":{"line":25,"column":37},"end":{"line":37,"column":5}},"15":{"start":{"line":38,"column":4},"end":{"line":39,"column":46}},"16":{"start":{"line":39,"column":6},"end":{"line":39,"column":46}},"17":{"start":{"line":40,"column":4},"end":{"line":40,"column":45}},"18":{"start":{"line":40,"column":15},"end":{"line":40,"column":45}},"19":{"start":{"line":43,"column":2},"end":{"line":45,"column":17}},"20":{"start":{"line":44,"column":4},"end":{"line":44,"column":58}},"21":{"start":{"line":47,"column":2},"end":{"line":103,"column":4}},"22":{"start":{"line":93,"column":12},"end":{"line":93,"column":34}},"23":{"start":{"line":94,"column":12},"end":{"line":94,"column":36}},"24":{"start":{"line":106,"column":0},"end":{"line":116,"column":2}}},"fnMap":{"0":{"name":"(anonymous_0)","decl":{"start":{"line":12,"column":34},"end":{"line":12,"column":35}},"loc":{"start":{"line":12,"column":45},"end":{"line":104,"column":1}},"line":12},"1":{"name":"(anonymous_1)","decl":{"start":{"line":17,"column":42},"end":{"line":17,"column":43}},"loc":{"start":{"line":17,"column":53},"end":{"line":17,"column":66}},"line":17},"2":{"name":"(anonymous_2)","decl":{"start":{"line":21,"column":25},"end":{"line":21,"column":26}},"loc":{"start":{"line":21,"column":37},"end":{"line":41,"column":3}},"line":21},"3":{"name":"(anonymous_3)","decl":{"start":{"line":43,"column":18},"end":{"line":43,"column":19}},"loc":{"start":{"line":43,"column":24},"end":{"line":45,"column":3}},"line":43},"4":{"name":"(anonymous_4)","decl":{"start":{"line":92,"column":20},"end":{"line":92,"column":21}},"loc":{"start":{"line":92,"column":27},"end":{"line":95,"column":11}},"line":92}},"branchMap":{"0":{"loc":{"start":{"line":22,"column":4},"end":{"line":22,"column":26}},"type":"if","locations":[{"start":{"line":22,"column":4},"end":{"line":22,"column":26}},{"start":{"line":22,"column":4},"end":{"line":22,"column":26}}],"line":22},"1":{"loc":{"start":{"line":38,"column":4},"end":{"line":39,"column":46}},"type":"if","locations":[{"start":{"line":38,"column":4},"end":{"line":39,"column":46}},{"start":{"line":38,"column":4},"end":{"line":39,"column":46}}],"line":38},"2":{"loc":{"start":{"line":38,"column":8},"end":{"line":38,"column":61}},"type":"binary-expr","locations":[{"start":{"line":38,"column":8},"end":{"line":38,"column":21}},{"start":{"line":38,"column":25},"end":{"line":38,"column":61}}],"line":38},"3":{"loc":{"start":{"line":40,"column":4},"end":{"line":40,"column":45}},"type":"if","locations":[{"start":{"line":40,"column":4},"end":{"line":40,"column":45}},{"start":{"line":40,"column":4},"end":{"line":40,"column":45}}],"line":40},"4":{"loc":{"start":{"line":49,"column":7},"end":{"line":69,"column":7}},"type":"cond-expr","locations":[{"start":{"line":50,"column":8},"end":{"line":57,"column":18}},{"start":{"line":59,"column":8},"end":{"line":68,"column":18}}],"line":49}},"s":{"0":38,"1":19,"2":19,"3":19,"4":19,"5":19,"6":27,"7":19,"8":19,"9":19,"10":3,"11":1,"12":2,"13":2,"14":2,"15":2,"16":1,"17":2,"18":1,"19":19,"20":10,"21":19,"22":5,"23":5,"24":38},"f":{"0":19,"1":27,"2":3,"3":10,"4":5},"b":{"0":[1,2],"1":[1,1],"2":[2,1],"3":[1,1],"4":[18,1]},"_coverageSchema":"1a1c01bbd47fc00a2c39e90264f33305004495a9","hash":"af276133270bcd1317d5110f5bd7e98bad6e81a7"}
,"/home/amatyas/projects/next/openshop/components/payment/PaymentConfirmControls/PaymentConfirmControls.js": {"path":"/home/amatyas/projects/next/openshop/components/payment/PaymentConfirmControls/PaymentConfirmControls.js","statementMap":{"0":{"start":{"line":11,"column":38},"end":{"line":37,"column":1}},"1":{"start":{"line":12,"column":52},"end":{"line":12,"column":57}},"2":{"start":{"line":13,"column":21},"end":{"line":13,"column":58}},"3":{"start":{"line":13,"column":44},"end":{"line":13,"column":57}},"4":{"start":{"line":14,"column":19},"end":{"line":14,"column":32}},"5":{"start":{"line":16,"column":2},"end":{"line":36,"column":4}},"6":{"start":{"line":22,"column":10},"end":{"line":22,"column":28}},"7":{"start":{"line":23,"column":10},"end":{"line":23,"column":45}},"8":{"start":{"line":39,"column":0},"end":{"line":54,"column":2}}},"fnMap":{"0":{"name":"(anonymous_0)","decl":{"start":{"line":11,"column":38},"end":{"line":11,"column":39}},"loc":{"start":{"line":11,"column":49},"end":{"line":37,"column":1}},"line":11},"1":{"name":"(anonymous_1)","decl":{"start":{"line":13,"column":33},"end":{"line":13,"column":34}},"loc":{"start":{"line":13,"column":44},"end":{"line":13,"column":57}},"line":13},"2":{"name":"(anonymous_2)","decl":{"start":{"line":21,"column":17},"end":{"line":21,"column":18}},"loc":{"start":{"line":21,"column":23},"end":{"line":24,"column":9}},"line":21}},"branchMap":{},"s":{"0":38,"1":16,"2":16,"3":26,"4":16,"5":16,"6":1,"7":1,"8":38},"f":{"0":16,"1":26,"2":1},"b":{},"_coverageSchema":"1a1c01bbd47fc00a2c39e90264f33305004495a9","hash":"6181e0157a134f4ccc47c28373472d55becf9696"}
,"/home/amatyas/projects/next/openshop/components/payment/PaymentConfirmDetails/PaymentConfirmDetails.js": {"path":"/home/amatyas/projects/next/openshop/components/payment/PaymentConfirmDetails/PaymentConfirmDetails.js","statementMap":{"0":{"start":{"line":8,"column":37},"end":{"line":36,"column":1}},"1":{"start":{"line":9,"column":30},"end":{"line":9,"column":67}},"2":{"start":{"line":9,"column":53},"end":{"line":9,"column":66}},"3":{"start":{"line":10,"column":2},"end":{"line":35,"column":4}}},"fnMap":{"0":{"name":"(anonymous_0)","decl":{"start":{"line":8,"column":37},"end":{"line":8,"column":38}},"loc":{"start":{"line":8,"column":48},"end":{"line":36,"column":1}},"line":8},"1":{"name":"(anonymous_1)","decl":{"start":{"line":9,"column":42},"end":{"line":9,"column":43}},"loc":{"start":{"line":9,"column":53},"end":{"line":9,"column":66}},"line":9}},"branchMap":{},"s":{"0":38,"1":13,"2":20,"3":13},"f":{"0":13,"1":20},"b":{},"_coverageSchema":"1a1c01bbd47fc00a2c39e90264f33305004495a9","hash":"666526f658de934e6791e530951cc0c574f5136c"}
,"/home/amatyas/projects/next/openshop/components/payment/PaymentError/PaymentError.js": {"path":"/home/amatyas/projects/next/openshop/components/payment/PaymentError/PaymentError.js","statementMap":{"0":{"start":{"line":21,"column":28},"end":{"line":50,"column":1}},"1":{"start":{"line":22,"column":19},"end":{"line":22,"column":32}},"2":{"start":{"line":23,"column":20},"end":{"line":23,"column":57}},"3":{"start":{"line":23,"column":43},"end":{"line":23,"column":56}},"4":{"start":{"line":24,"column":2},"end":{"line":49,"column":4}},"5":{"start":{"line":44,"column":23},"end":{"line":44,"column":47}}},"fnMap":{"0":{"name":"(anonymous_0)","decl":{"start":{"line":21,"column":28},"end":{"line":21,"column":29}},"loc":{"start":{"line":21,"column":39},"end":{"line":50,"column":1}},"line":21},"1":{"name":"(anonymous_1)","decl":{"start":{"line":23,"column":32},"end":{"line":23,"column":33}},"loc":{"start":{"line":23,"column":43},"end":{"line":23,"column":56}},"line":23},"2":{"name":"(anonymous_2)","decl":{"start":{"line":44,"column":17},"end":{"line":44,"column":18}},"loc":{"start":{"line":44,"column":23},"end":{"line":44,"column":47}},"line":44}},"branchMap":{},"s":{"0":38,"1":3,"2":3,"3":7,"4":3,"5":1},"f":{"0":3,"1":7,"2":1},"b":{},"_coverageSchema":"1a1c01bbd47fc00a2c39e90264f33305004495a9","hash":"d7032cbed0f1cee11047886307fbf33b69294d98"}
,"/home/amatyas/projects/next/openshop/components/payment/PaymentForm/PaymentForm.js": {"path":"/home/amatyas/projects/next/openshop/components/payment/PaymentForm/PaymentForm.js","statementMap":{"0":{"start":{"line":16,"column":27},"end":{"line":64,"column":1}},"1":{"start":{"line":17,"column":21},"end":{"line":17,"column":26}},"2":{"start":{"line":18,"column":32},"end":{"line":18,"column":53}},"3":{"start":{"line":19,"column":32},"end":{"line":24,"column":4}},"4":{"start":{"line":26,"column":2},"end":{"line":63,"column":4}},"5":{"start":{"line":44,"column":10},"end":{"line":56,"column":12}},"6":{"start":{"line":54,"column":14},"end":{"line":54,"column":70}},"7":{"start":{"line":66,"column":0},"end":{"line":68,"column":2}},"8":{"start":{"line":70,"column":0},"end":{"line":75,"column":2}}},"fnMap":{"0":{"name":"(anonymous_0)","decl":{"start":{"line":16,"column":27},"end":{"line":16,"column":28}},"loc":{"start":{"line":16,"column":38},"end":{"line":64,"column":1}},"line":16},"1":{"name":"(anonymous_1)","decl":{"start":{"line":43,"column":20},"end":{"line":43,"column":21}},"loc":{"start":{"line":44,"column":10},"end":{"line":56,"column":12}},"line":44},"2":{"name":"(anonymous_2)","decl":{"start":{"line":53,"column":22},"end":{"line":53,"column":23}},"loc":{"start":{"line":53,"column":29},"end":{"line":55,"column":13}},"line":53}},"branchMap":{"0":{"loc":{"start":{"line":26,"column":9},"end":{"line":63,"column":3}},"type":"cond-expr","locations":[{"start":{"line":27,"column":4},"end":{"line":60,"column":11}},{"start":{"line":62,"column":4},"end":{"line":62,"column":65}}],"line":26}},"s":{"0":38,"1":7,"2":7,"3":7,"4":7,"5":24,"6":4,"7":38,"8":38},"f":{"0":7,"1":24,"2":4},"b":{"0":[6,1]},"_coverageSchema":"1a1c01bbd47fc00a2c39e90264f33305004495a9","hash":"9f75a68c7fdb637612cb03393a17ef6145e2dc75"}
,"/home/amatyas/projects/next/openshop/components/payment/PaymentFormControls/PaymentFormControls.js": {"path":"/home/amatyas/projects/next/openshop/components/payment/PaymentFormControls/PaymentFormControls.js","statementMap":{"0":{"start":{"line":11,"column":35},"end":{"line":75,"column":1}},"1":{"start":{"line":12,"column":34},"end":{"line":12,"column":39}},"2":{"start":{"line":13,"column":28},"end":{"line":13,"column":57}},"3":{"start":{"line":13,"column":51},"end":{"line":13,"column":56}},"4":{"start":{"line":14,"column":19},"end":{"line":14,"column":32}},"5":{"start":{"line":15,"column":28},"end":{"line":15,"column":49}},"6":{"start":{"line":17,"column":2},"end":{"line":25,"column":16}},"7":{"start":{"line":18,"column":4},"end":{"line":24,"column":7}},"8":{"start":{"line":19,"column":20},"end":{"line":19,"column":24}},"9":{"start":{"line":20,"column":6},"end":{"line":22,"column":9}},"10":{"start":{"line":21,"column":8},"end":{"line":21,"column":41}},"11":{"start":{"line":21,"column":25},"end":{"line":21,"column":41}},"12":{"start":{"line":23,"column":6},"end":{"line":23,"column":21}},"13":{"start":{"line":27,"column":23},"end":{"line":31,"column":3}},"14":{"start":{"line":28,"column":4},"end":{"line":28,"column":23}},"15":{"start":{"line":28,"column":16},"end":{"line":28,"column":23}},"16":{"start":{"line":29,"column":4},"end":{"line":29,"column":21}},"17":{"start":{"line":30,"column":4},"end":{"line":30,"column":58}},"18":{"start":{"line":33,"column":2},"end":{"line":74,"column":4}},"19":{"start":{"line":57,"column":25},"end":{"line":57,"column":50}},"20":{"start":{"line":69,"column":35},"end":{"line":69,"column":74}},"21":{"start":{"line":77,"column":0},"end":{"line":87,"column":2}}},"fnMap":{"0":{"name":"(anonymous_0)","decl":{"start":{"line":11,"column":35},"end":{"line":11,"column":36}},"loc":{"start":{"line":11,"column":46},"end":{"line":75,"column":1}},"line":11},"1":{"name":"(anonymous_1)","decl":{"start":{"line":13,"column":40},"end":{"line":13,"column":41}},"loc":{"start":{"line":13,"column":51},"end":{"line":13,"column":56}},"line":13},"2":{"name":"(anonymous_2)","decl":{"start":{"line":17,"column":18},"end":{"line":17,"column":19}},"loc":{"start":{"line":17,"column":24},"end":{"line":25,"column":3}},"line":17},"3":{"name":"(anonymous_3)","decl":{"start":{"line":18,"column":13},"end":{"line":18,"column":14}},"loc":{"start":{"line":18,"column":19},"end":{"line":24,"column":5}},"line":18},"4":{"name":"(anonymous_4)","decl":{"start":{"line":20,"column":37},"end":{"line":20,"column":38}},"loc":{"start":{"line":20,"column":47},"end":{"line":22,"column":7}},"line":20},"5":{"name":"(anonymous_5)","decl":{"start":{"line":27,"column":23},"end":{"line":27,"column":24}},"loc":{"start":{"line":27,"column":29},"end":{"line":31,"column":3}},"line":27},"6":{"name":"(anonymous_6)","decl":{"start":{"line":57,"column":19},"end":{"line":57,"column":20}},"loc":{"start":{"line":57,"column":25},"end":{"line":57,"column":50}},"line":57},"7":{"name":"(anonymous_7)","decl":{"start":{"line":69,"column":24},"end":{"line":69,"column":25}},"loc":{"start":{"line":69,"column":35},"end":{"line":69,"column":74}},"line":69}},"branchMap":{"0":{"loc":{"start":{"line":21,"column":8},"end":{"line":21,"column":41}},"type":"if","locations":[{"start":{"line":21,"column":8},"end":{"line":21,"column":41}},{"start":{"line":21,"column":8},"end":{"line":21,"column":41}}],"line":21},"1":{"loc":{"start":{"line":28,"column":4},"end":{"line":28,"column":23}},"type":"if","locations":[{"start":{"line":28,"column":4},"end":{"line":28,"column":23}},{"start":{"line":28,"column":4},"end":{"line":28,"column":23}}],"line":28},"2":{"loc":{"start":{"line":66,"column":11},"end":{"line":70,"column":31}},"type":"cond-expr","locations":[{"start":{"line":67,"column":14},"end":{"line":67,"column":29}},{"start":{"line":68,"column":14},"end":{"line":70,"column":31}}],"line":66}},"s":{"0":38,"1":13,"2":13,"3":21,"4":13,"5":13,"6":13,"7":10,"8":10,"9":10,"10":37,"11":19,"12":10,"13":13,"14":3,"15":1,"16":2,"17":2,"18":13,"19":2,"20":2,"21":38},"f":{"0":13,"1":21,"2":10,"3":10,"4":37,"5":3,"6":2,"7":2},"b":{"0":[19,18],"1":[1,2],"2":[10,3]},"_coverageSchema":"1a1c01bbd47fc00a2c39e90264f33305004495a9","hash":"2936f11e4c95ad165cfb5e9a052612aed96f02e9"}
,"/home/amatyas/projects/next/openshop/components/payment/PaymentProgress/PaymentProgress.js": {"path":"/home/amatyas/projects/next/openshop/components/payment/PaymentProgress/PaymentProgress.js","statementMap":{"0":{"start":{"line":9,"column":31},"end":{"line":66,"column":1}},"1":{"start":{"line":10,"column":22},"end":{"line":10,"column":51}},"2":{"start":{"line":10,"column":45},"end":{"line":10,"column":50}},"3":{"start":{"line":11,"column":32},"end":{"line":11,"column":53}},"4":{"start":{"line":12,"column":34},"end":{"line":12,"column":55}},"5":{"start":{"line":14,"column":2},"end":{"line":32,"column":16}},"6":{"start":{"line":15,"column":4},"end":{"line":31,"column":5}},"7":{"start":{"line":17,"column":8},"end":{"line":17,"column":26}},"8":{"start":{"line":18,"column":8},"end":{"line":18,"column":27}},"9":{"start":{"line":19,"column":8},"end":{"line":19,"column":14}},"10":{"start":{"line":22,"column":8},"end":{"line":22,"column":25}},"11":{"start":{"line":23,"column":8},"end":{"line":23,"column":27}},"12":{"start":{"line":24,"column":8},"end":{"line":24,"column":14}},"13":{"start":{"line":28,"column":8},"end":{"line":28,"column":25}},"14":{"start":{"line":29,"column":8},"end":{"line":29,"column":26}},"15":{"start":{"line":30,"column":8},"end":{"line":30,"column":14}},"16":{"start":{"line":34,"column":2},"end":{"line":65,"column":4}}},"fnMap":{"0":{"name":"(anonymous_0)","decl":{"start":{"line":9,"column":31},"end":{"line":9,"column":32}},"loc":{"start":{"line":9,"column":42},"end":{"line":66,"column":1}},"line":9},"1":{"name":"(anonymous_1)","decl":{"start":{"line":10,"column":34},"end":{"line":10,"column":35}},"loc":{"start":{"line":10,"column":45},"end":{"line":10,"column":50}},"line":10},"2":{"name":"(anonymous_2)","decl":{"start":{"line":14,"column":18},"end":{"line":14,"column":19}},"loc":{"start":{"line":14,"column":24},"end":{"line":32,"column":3}},"line":14}},"branchMap":{"0":{"loc":{"start":{"line":15,"column":4},"end":{"line":31,"column":5}},"type":"switch","locations":[{"start":{"line":16,"column":6},"end":{"line":19,"column":14}},{"start":{"line":20,"column":6},"end":{"line":20,"column":18}},{"start":{"line":21,"column":6},"end":{"line":24,"column":14}},{"start":{"line":25,"column":6},"end":{"line":25,"column":21}},{"start":{"line":26,"column":6},"end":{"line":26,"column":23}},{"start":{"line":27,"column":6},"end":{"line":30,"column":14}}],"line":15},"1":{"loc":{"start":{"line":49,"column":15},"end":{"line":49,"column":70}},"type":"cond-expr","locations":[{"start":{"line":49,"column":25},"end":{"line":49,"column":65}},{"start":{"line":49,"column":68},"end":{"line":49,"column":70}}],"line":49},"2":{"loc":{"start":{"line":52,"column":19},"end":{"line":52,"column":74}},"type":"cond-expr","locations":[{"start":{"line":52,"column":29},"end":{"line":52,"column":69}},{"start":{"line":52,"column":72},"end":{"line":52,"column":74}}],"line":52},"3":{"loc":{"start":{"line":58,"column":15},"end":{"line":58,"column":71}},"type":"cond-expr","locations":[{"start":{"line":58,"column":26},"end":{"line":58,"column":66}},{"start":{"line":58,"column":69},"end":{"line":58,"column":71}}],"line":58},"4":{"loc":{"start":{"line":61,"column":19},"end":{"line":61,"column":75}},"type":"cond-expr","locations":[{"start":{"line":61,"column":30},"end":{"line":61,"column":70}},{"start":{"line":61,"column":73},"end":{"line":61,"column":75}}],"line":61}},"s":{"0":38,"1":23,"2":36,"3":23,"4":23,"5":23,"6":13,"7":2,"8":2,"9":2,"10":4,"11":4,"12":4,"13":6,"14":6,"15":6,"16":23},"f":{"0":23,"1":36,"2":13},"b":{"0":[2,2,4,2,4,6],"1":[10,13],"2":[10,13],"3":[6,17],"4":[6,17]},"_coverageSchema":"1a1c01bbd47fc00a2c39e90264f33305004495a9","hash":"33462b9129aa649257a8188dc236d76d0d2a5d10"}
,"/home/amatyas/projects/next/openshop/components/payment/PaymentReview/PaymentReview.js": {"path":"/home/amatyas/projects/next/openshop/components/payment/PaymentReview/PaymentReview.js","statementMap":{"0":{"start":{"line":18,"column":29},"end":{"line":51,"column":1}},"1":{"start":{"line":19,"column":17},"end":{"line":19,"column":28}},"2":{"start":{"line":20,"column":19},"end":{"line":20,"column":32}},"3":{"start":{"line":22,"column":2},"end":{"line":50,"column":4}},"4":{"start":{"line":33,"column":25},"end":{"line":33,"column":38}},"5":{"start":{"line":42,"column":25},"end":{"line":42,"column":48}}},"fnMap":{"0":{"name":"(anonymous_0)","decl":{"start":{"line":18,"column":29},"end":{"line":18,"column":30}},"loc":{"start":{"line":18,"column":40},"end":{"line":51,"column":1}},"line":18},"1":{"name":"(anonymous_1)","decl":{"start":{"line":33,"column":19},"end":{"line":33,"column":20}},"loc":{"start":{"line":33,"column":25},"end":{"line":33,"column":38}},"line":33},"2":{"name":"(anonymous_2)","decl":{"start":{"line":42,"column":19},"end":{"line":42,"column":20}},"loc":{"start":{"line":42,"column":25},"end":{"line":42,"column":48}},"line":42}},"branchMap":{},"s":{"0":38,"1":2,"2":2,"3":2,"4":1,"5":1},"f":{"0":2,"1":1,"2":1},"b":{},"_coverageSchema":"1a1c01bbd47fc00a2c39e90264f33305004495a9","hash":"a5ebd6048bad36cf879fb3ad9bbdd86877229c40"}
,"/home/amatyas/projects/next/openshop/components/payment/PaymentSuccess/PaymentSuccess.js": {"path":"/home/amatyas/projects/next/openshop/components/payment/PaymentSuccess/PaymentSuccess.js","statementMap":{"0":{"start":{"line":18,"column":30},"end":{"line":40,"column":1}},"1":{"start":{"line":19,"column":21},"end":{"line":19,"column":58}},"2":{"start":{"line":19,"column":44},"end":{"line":19,"column":57}},"3":{"start":{"line":20,"column":2},"end":{"line":39,"column":4}}},"fnMap":{"0":{"name":"(anonymous_0)","decl":{"start":{"line":18,"column":30},"end":{"line":18,"column":31}},"loc":{"start":{"line":18,"column":41},"end":{"line":40,"column":1}},"line":18},"1":{"name":"(anonymous_1)","decl":{"start":{"line":19,"column":33},"end":{"line":19,"column":34}},"loc":{"start":{"line":19,"column":44},"end":{"line":19,"column":57}},"line":19}},"branchMap":{},"s":{"0":38,"1":3,"2":6,"3":3},"f":{"0":3,"1":6},"b":{},"_coverageSchema":"1a1c01bbd47fc00a2c39e90264f33305004495a9","hash":"8dc89ba78acc11bf830ec072aaec3a8d030dffb6"}
,"/home/amatyas/projects/next/openshop/components/payment/PaymentUnauthorized/PaymentUnauthorized.js": {"path":"/home/amatyas/projects/next/openshop/components/payment/PaymentUnauthorized/PaymentUnauthorized.js","statementMap":{"0":{"start":{"line":13,"column":35},"end":{"line":20,"column":1}},"1":{"start":{"line":14,"column":2},"end":{"line":19,"column":4}}},"fnMap":{"0":{"name":"(anonymous_0)","decl":{"start":{"line":13,"column":35},"end":{"line":13,"column":36}},"loc":{"start":{"line":13,"column":46},"end":{"line":20,"column":1}},"line":13}},"branchMap":{},"s":{"0":38,"1":2},"f":{"0":2},"b":{},"_coverageSchema":"1a1c01bbd47fc00a2c39e90264f33305004495a9","hash":"edc150edc84d9e9638eb21798ab3937f9cf323ab"}
,"/home/amatyas/projects/next/openshop/components/product/index.js": {"path":"/home/amatyas/projects/next/openshop/components/product/index.js","statementMap":{},"fnMap":{},"branchMap":{},"s":{},"f":{},"b":{},"_coverageSchema":"1a1c01bbd47fc00a2c39e90264f33305004495a9","hash":"db7e080eb25baf10a29e60bd477500cc1bf0a1c1"}
,"/home/amatyas/projects/next/openshop/components/product/ProductCard/ProductCard.js": {"path":"/home/amatyas/projects/next/openshop/components/product/ProductCard/ProductCard.js","statementMap":{"0":{"start":{"line":27,"column":27},"end":{"line":76,"column":1}},"1":{"start":{"line":28,"column":22},"end":{"line":28,"column":27}},"2":{"start":{"line":29,"column":16},"end":{"line":32,"column":3}},"3":{"start":{"line":30,"column":10},"end":{"line":30,"column":59}},"4":{"start":{"line":33,"column":2},"end":{"line":75,"column":4}},"5":{"start":{"line":78,"column":0},"end":{"line":83,"column":2}}},"fnMap":{"0":{"name":"(anonymous_0)","decl":{"start":{"line":27,"column":27},"end":{"line":27,"column":28}},"loc":{"start":{"line":27,"column":38},"end":{"line":76,"column":1}},"line":27},"1":{"name":"(anonymous_1)","decl":{"start":{"line":30,"column":4},"end":{"line":30,"column":5}},"loc":{"start":{"line":30,"column":10},"end":{"line":30,"column":59}},"line":30}},"branchMap":{},"s":{"0":38,"1":1,"2":1,"3":1,"4":1,"5":38},"f":{"0":1,"1":1},"b":{},"_coverageSchema":"1a1c01bbd47fc00a2c39e90264f33305004495a9","hash":"75b70b52eaf82d8037033d894688a9469bf3f1f1"}
,"/home/amatyas/projects/next/openshop/components/product/ProductControls/ProductControls.js": {"path":"/home/amatyas/projects/next/openshop/components/product/ProductControls/ProductControls.js","statementMap":{"0":{"start":{"line":18,"column":31},"end":{"line":88,"column":1}},"1":{"start":{"line":19,"column":22},"end":{"line":19,"column":27}},"2":{"start":{"line":20,"column":32},"end":{"line":23,"column":4}},"3":{"start":{"line":25,"column":2},"end":{"line":87,"column":4}},"4":{"start":{"line":54,"column":10},"end":{"line":54,"column":66}},"5":{"start":{"line":90,"column":0},"end":{"line":95,"column":2}}},"fnMap":{"0":{"name":"(anonymous_0)","decl":{"start":{"line":18,"column":31},"end":{"line":18,"column":32}},"loc":{"start":{"line":18,"column":42},"end":{"line":88,"column":1}},"line":18},"1":{"name":"(anonymous_1)","decl":{"start":{"line":53,"column":56},"end":{"line":53,"column":57}},"loc":{"start":{"line":54,"column":10},"end":{"line":54,"column":66}},"line":54}},"branchMap":{},"s":{"0":38,"1":2,"2":2,"3":2,"4":2,"5":38},"f":{"0":2,"1":2},"b":{},"_coverageSchema":"1a1c01bbd47fc00a2c39e90264f33305004495a9","hash":"10fbf7b757af9c099f585cf1070d16edc182bed6"}
,"/home/amatyas/projects/next/openshop/components/product/ProductControlsAmount/ProductControlsAmount.js": {"path":"/home/amatyas/projects/next/openshop/components/product/ProductControlsAmount/ProductControlsAmount.js","statementMap":{"0":{"start":{"line":20,"column":37},"end":{"line":121,"column":1}},"1":{"start":{"line":22,"column":45},"end":{"line":22,"column":50}},"2":{"start":{"line":24,"column":4},"end":{"line":117,"column":6}},"3":{"start":{"line":31,"column":25},"end":{"line":31,"column":38}},"4":{"start":{"line":123,"column":0},"end":{"line":145,"column":2}}},"fnMap":{"0":{"name":"(anonymous_0)","decl":{"start":{"line":21,"column":2},"end":{"line":21,"column":3}},"loc":{"start":{"line":21,"column":13},"end":{"line":118,"column":3}},"line":21},"1":{"name":"(anonymous_1)","decl":{"start":{"line":31,"column":18},"end":{"line":31,"column":19}},"loc":{"start":{"line":31,"column":25},"end":{"line":31,"column":38}},"line":31}},"branchMap":{},"s":{"0":38,"1":3,"2":3,"3":1,"4":38},"f":{"0":3,"1":1},"b":{},"_coverageSchema":"1a1c01bbd47fc00a2c39e90264f33305004495a9","hash":"c46313b5fcea53635762eea70a4c6c6d94f25100"}
,"/home/amatyas/projects/next/openshop/components/product/ProductControlsButton/ProductControlsButton.js": {"path":"/home/amatyas/projects/next/openshop/components/product/ProductControlsButton/ProductControlsButton.js","statementMap":{"0":{"start":{"line":9,"column":14},"end":{"line":14,"column":30}},"1":{"start":{"line":10,"column":2},"end":{"line":14,"column":30}},"2":{"start":{"line":21,"column":37},"end":{"line":46,"column":1}},"3":{"start":{"line":23,"column":36},"end":{"line":23,"column":41}},"4":{"start":{"line":24,"column":21},"end":{"line":24,"column":34}},"5":{"start":{"line":26,"column":4},"end":{"line":42,"column":6}},"6":{"start":{"line":29,"column":10},"end":{"line":29,"column":39}},"7":{"start":{"line":30,"column":10},"end":{"line":30,"column":57}},"8":{"start":{"line":48,"column":0},"end":{"line":54,"column":2}},"9":{"start":{"line":56,"column":0},"end":{"line":68,"column":2}}},"fnMap":{"0":{"name":"(anonymous_0)","decl":{"start":{"line":9,"column":14},"end":{"line":9,"column":15}},"loc":{"start":{"line":10,"column":2},"end":{"line":14,"column":30}},"line":10},"1":{"name":"(anonymous_1)","decl":{"start":{"line":22,"column":2},"end":{"line":22,"column":3}},"loc":{"start":{"line":22,"column":13},"end":{"line":43,"column":3}},"line":22},"2":{"name":"(anonymous_2)","decl":{"start":{"line":28,"column":17},"end":{"line":28,"column":18}},"loc":{"start":{"line":28,"column":23},"end":{"line":31,"column":9}},"line":28}},"branchMap":{"0":{"loc":{"start":{"line":10,"column":2},"end":{"line":14,"column":30}},"type":"binary-expr","locations":[{"start":{"line":10,"column":3},"end":{"line":12,"column":29}},{"start":{"line":13,"column":3},"end":{"line":13,"column":59}},{"start":{"line":14,"column":2},"end":{"line":14,"column":30}}],"line":10},"1":{"loc":{"start":{"line":10,"column":3},"end":{"line":12,"column":29}},"type":"cond-expr","locations":[{"start":{"line":11,"column":6},"end":{"line":11,"column":25}},{"start":{"line":12,"column":6},"end":{"line":12,"column":29}}],"line":10},"2":{"loc":{"start":{"line":13,"column":3},"end":{"line":13,"column":59}},"type":"cond-expr","locations":[{"start":{"line":13,"column":25},"end":{"line":13,"column":47}},{"start":{"line":13,"column":50},"end":{"line":13,"column":59}}],"line":13}},"s":{"0":38,"1":7,"2":38,"3":7,"4":7,"5":7,"6":4,"7":4,"8":38,"9":38},"f":{"0":7,"1":7,"2":4},"b":{"0":[7,7,5],"1":[5,2],"2":[2,5]},"_coverageSchema":"1a1c01bbd47fc00a2c39e90264f33305004495a9","hash":"b57a72f0b609d3da44be8577806e9403df0a4617"}
,"/home/amatyas/projects/next/openshop/components/product/ProductControlsColor/ProductControlsColor.js": {"path":"/home/amatyas/projects/next/openshop/components/product/ProductControlsColor/ProductControlsColor.js","statementMap":{"0":{"start":{"line":13,"column":36},"end":{"line":74,"column":1}},"1":{"start":{"line":15,"column":45},"end":{"line":15,"column":50}},"2":{"start":{"line":16,"column":4},"end":{"line":70,"column":6}},"3":{"start":{"line":31,"column":25},"end":{"line":31,"column":51}},"4":{"start":{"line":55,"column":10},"end":{"line":57,"column":19}},"5":{"start":{"line":76,"column":0},"end":{"line":98,"column":2}}},"fnMap":{"0":{"name":"(anonymous_0)","decl":{"start":{"line":14,"column":2},"end":{"line":14,"column":3}},"loc":{"start":{"line":14,"column":13},"end":{"line":71,"column":3}},"line":14},"1":{"name":"(anonymous_1)","decl":{"start":{"line":31,"column":18},"end":{"line":31,"column":19}},"loc":{"start":{"line":31,"column":25},"end":{"line":31,"column":51}},"line":31},"2":{"name":"(anonymous_2)","decl":{"start":{"line":54,"column":27},"end":{"line":54,"column":28}},"loc":{"start":{"line":55,"column":10},"end":{"line":57,"column":19}},"line":55}},"branchMap":{"0":{"loc":{"start":{"line":16,"column":11},"end":{"line":70,"column":5}},"type":"cond-expr","locations":[{"start":{"line":17,"column":6},"end":{"line":59,"column":15}},{"start":{"line":61,"column":6},"end":{"line":69,"column":13}}],"line":16},"1":{"loc":{"start":{"line":30,"column":15},"end":{"line":30,"column":38}},"type":"binary-expr","locations":[{"start":{"line":30,"column":15},"end":{"line":30,"column":32}},{"start":{"line":30,"column":36},"end":{"line":30,"column":38}}],"line":30}},"s":{"0":39,"1":3,"2":3,"3":1,"4":2,"5":39},"f":{"0":3,"1":1,"2":2},"b":{"0":[1,2],"1":[1,1]},"_coverageSchema":"1a1c01bbd47fc00a2c39e90264f33305004495a9","hash":"0484659d0958adfd537c0cf4252460cf2482aa49"}
,"/home/amatyas/projects/next/openshop/components/product/ProductControlsSize/ProductControlsSize.js": {"path":"/home/amatyas/projects/next/openshop/components/product/ProductControlsSize/ProductControlsSize.js","statementMap":{"0":{"start":{"line":13,"column":35},"end":{"line":74,"column":1}},"1":{"start":{"line":15,"column":45},"end":{"line":15,"column":50}},"2":{"start":{"line":16,"column":4},"end":{"line":70,"column":6}},"3":{"start":{"line":31,"column":25},"end":{"line":31,"column":51}},"4":{"start":{"line":55,"column":10},"end":{"line":57,"column":19}},"5":{"start":{"line":76,"column":0},"end":{"line":98,"column":2}}},"fnMap":{"0":{"name":"(anonymous_0)","decl":{"start":{"line":14,"column":2},"end":{"line":14,"column":3}},"loc":{"start":{"line":14,"column":13},"end":{"line":71,"column":3}},"line":14},"1":{"name":"(anonymous_1)","decl":{"start":{"line":31,"column":18},"end":{"line":31,"column":19}},"loc":{"start":{"line":31,"column":25},"end":{"line":31,"column":51}},"line":31},"2":{"name":"(anonymous_2)","decl":{"start":{"line":54,"column":27},"end":{"line":54,"column":28}},"loc":{"start":{"line":55,"column":10},"end":{"line":57,"column":19}},"line":55}},"branchMap":{"0":{"loc":{"start":{"line":16,"column":11},"end":{"line":70,"column":5}},"type":"cond-expr","locations":[{"start":{"line":17,"column":6},"end":{"line":59,"column":15}},{"start":{"line":61,"column":6},"end":{"line":69,"column":13}}],"line":16},"1":{"loc":{"start":{"line":30,"column":15},"end":{"line":30,"column":37}},"type":"binary-expr","locations":[{"start":{"line":30,"column":15},"end":{"line":30,"column":31}},{"start":{"line":30,"column":35},"end":{"line":30,"column":37}}],"line":30}},"s":{"0":39,"1":4,"2":4,"3":1,"4":6,"5":39},"f":{"0":4,"1":1,"2":6},"b":{"0":[3,1],"1":[3,3]},"_coverageSchema":"1a1c01bbd47fc00a2c39e90264f33305004495a9","hash":"bad27ebd0f86b81898b9c0b6ee38bfbef28c074e"}
,"/home/amatyas/projects/next/openshop/components/shared/index.js": {"path":"/home/amatyas/projects/next/openshop/components/shared/index.js","statementMap":{},"fnMap":{},"branchMap":{},"s":{},"f":{},"b":{},"_coverageSchema":"1a1c01bbd47fc00a2c39e90264f33305004495a9","hash":"45141f7540038ad22a3edf6d8bd0f62c1c4ad031"}
,"/home/amatyas/projects/next/openshop/components/shared/Button/Button.js": {"path":"/home/amatyas/projects/next/openshop/components/shared/Button/Button.js","statementMap":{"0":{"start":{"line":15,"column":22},"end":{"line":62,"column":2}},"1":{"start":{"line":16,"column":22},"end":{"line":16,"column":27}},"2":{"start":{"line":18,"column":2},"end":{"line":61,"column":4}},"3":{"start":{"line":64,"column":0},"end":{"line":67,"column":2}},"4":{"start":{"line":69,"column":0},"end":{"line":79,"column":2}}},"fnMap":{"0":{"name":"(anonymous_0)","decl":{"start":{"line":15,"column":39},"end":{"line":15,"column":40}},"loc":{"start":{"line":15,"column":55},"end":{"line":62,"column":1}},"line":15}},"branchMap":{},"s":{"0":38,"1":109,"2":109,"3":38,"4":38},"f":{"0":109},"b":{},"_coverageSchema":"1a1c01bbd47fc00a2c39e90264f33305004495a9","hash":"ceb67e7ba52de615d9024104db14aebb53f1f05f"}
,"/home/amatyas/projects/next/openshop/components/shared/ButtonIcon/ButtonIcon.js": {"path":"/home/amatyas/projects/next/openshop/components/shared/ButtonIcon/ButtonIcon.js","statementMap":{"0":{"start":{"line":15,"column":26},"end":{"line":49,"column":2}},"1":{"start":{"line":16,"column":37},"end":{"line":16,"column":42}},"2":{"start":{"line":18,"column":2},"end":{"line":48,"column":4}},"3":{"start":{"line":51,"column":0},"end":{"line":53,"column":2}},"4":{"start":{"line":55,"column":0},"end":{"line":70,"column":2}}},"fnMap":{"0":{"name":"(anonymous_0)","decl":{"start":{"line":15,"column":43},"end":{"line":15,"column":44}},"loc":{"start":{"line":15,"column":59},"end":{"line":49,"column":1}},"line":15}},"branchMap":{},"s":{"0":38,"1":4,"2":4,"3":38,"4":38},"f":{"0":4},"b":{},"_coverageSchema":"1a1c01bbd47fc00a2c39e90264f33305004495a9","hash":"793eae0f768e79572811bf5544c4dc0fcf330d16"}
,"/home/amatyas/projects/next/openshop/components/shared/Field/Field.js": {"path":"/home/amatyas/projects/next/openshop/components/shared/Field/Field.js","statementMap":{"0":{"start":{"line":13,"column":21},"end":{"line":50,"column":1}},"1":{"start":{"line":23,"column":2},"end":{"line":49,"column":4}}},"fnMap":{"0":{"name":"(anonymous_0)","decl":{"start":{"line":13,"column":21},"end":{"line":13,"column":22}},"loc":{"start":{"line":22,"column":6},"end":{"line":50,"column":1}},"line":22}},"branchMap":{},"s":{"0":38,"1":29},"f":{"0":29},"b":{},"_coverageSchema":"1a1c01bbd47fc00a2c39e90264f33305004495a9","hash":"9909d9efc1628a3307d58ede0186ce866e712a2d"}
,"/home/amatyas/projects/next/openshop/components/shared/Image/Image.js": {"path":"/home/amatyas/projects/next/openshop/components/shared/Image/Image.js","statementMap":{"0":{"start":{"line":12,"column":21},"end":{"line":38,"column":1}},"1":{"start":{"line":13,"column":32},"end":{"line":13,"column":52}},"2":{"start":{"line":14,"column":2},"end":{"line":37,"column":4}},"3":{"start":{"line":40,"column":0},"end":{"line":45,"column":2}}},"fnMap":{"0":{"name":"(anonymous_0)","decl":{"start":{"line":12,"column":21},"end":{"line":12,"column":22}},"loc":{"start":{"line":12,"column":32},"end":{"line":38,"column":1}},"line":12}},"branchMap":{},"s":{"0":38,"1":2,"2":2,"3":38},"f":{"0":2},"b":{},"_coverageSchema":"1a1c01bbd47fc00a2c39e90264f33305004495a9","hash":"e8ca4dcb8347be23dd5d3109ee322447b4bbfd2c"}
,"/home/amatyas/projects/next/openshop/components/shared/Panel/Panel.js": {"path":"/home/amatyas/projects/next/openshop/components/shared/Panel/Panel.js","statementMap":{"0":{"start":{"line":12,"column":21},"end":{"line":28,"column":1}},"1":{"start":{"line":13,"column":22},"end":{"line":13,"column":27}},"2":{"start":{"line":14,"column":2},"end":{"line":27,"column":4}},"3":{"start":{"line":30,"column":0},"end":{"line":32,"column":2}}},"fnMap":{"0":{"name":"(anonymous_0)","decl":{"start":{"line":12,"column":21},"end":{"line":12,"column":22}},"loc":{"start":{"line":12,"column":32},"end":{"line":28,"column":1}},"line":12}},"branchMap":{},"s":{"0":38,"1":7,"2":7,"3":38},"f":{"0":7},"b":{},"_coverageSchema":"1a1c01bbd47fc00a2c39e90264f33305004495a9","hash":"e88cd8e7413e68f020ca2ef3a5a2a31b8296879e"}
,"/home/amatyas/projects/next/openshop/components/shared/Spinner/Spinner.js": {"path":"/home/amatyas/projects/next/openshop/components/shared/Spinner/Spinner.js","statementMap":{"0":{"start":{"line":3,"column":23},"end":{"line":19,"column":1}},"1":{"start":{"line":4,"column":2},"end":{"line":18,"column":4}}},"fnMap":{"0":{"name":"(anonymous_0)","decl":{"start":{"line":3,"column":23},"end":{"line":3,"column":24}},"loc":{"start":{"line":3,"column":34},"end":{"line":19,"column":1}},"line":3}},"branchMap":{"0":{"loc":{"start":{"line":6,"column":9},"end":{"line":6,"column":27}},"type":"binary-expr","locations":[{"start":{"line":6,"column":9},"end":{"line":6,"column":16}},{"start":{"line":6,"column":20},"end":{"line":6,"column":27}}],"line":6},"1":{"loc":{"start":{"line":7,"column":9},"end":{"line":7,"column":26}},"type":"binary-expr","locations":[{"start":{"line":7,"column":9},"end":{"line":7,"column":16}},{"start":{"line":7,"column":20},"end":{"line":7,"column":26}}],"line":7},"2":{"loc":{"start":{"line":8,"column":21},"end":{"line":8,"column":52}},"type":"binary-expr","locations":[{"start":{"line":8,"column":21},"end":{"line":8,"column":40}},{"start":{"line":8,"column":44},"end":{"line":8,"column":52}}],"line":8},"3":{"loc":{"start":{"line":11,"column":7},"end":{"line":15,"column":7}},"type":"binary-expr","locations":[{"start":{"line":11,"column":7},"end":{"line":11,"column":17}},{"start":{"line":12,"column":8},"end":{"line":14,"column":18}}],"line":11},"4":{"loc":{"start":{"line":16,"column":37},"end":{"line":16,"column":58}},"type":"binary-expr","locations":[{"start":{"line":16,"column":37},"end":{"line":16,"column":47}},{"start":{"line":16,"column":51},"end":{"line":16,"column":58}}],"line":16}},"s":{"0":38,"1":16},"f":{"0":16},"b":{"0":[16,16],"1":[16,16],"2":[16,16],"3":[16,13],"4":[16,16]},"_coverageSchema":"1a1c01bbd47fc00a2c39e90264f33305004495a9","hash":"594926e25789e5e7207077a5501a8de8b007c1ad"}
,"/home/amatyas/projects/next/openshop/config/index.js": {"path":"/home/amatyas/projects/next/openshop/config/index.js","statementMap":{},"fnMap":{},"branchMap":{},"s":{},"f":{},"b":{},"_coverageSchema":"1a1c01bbd47fc00a2c39e90264f33305004495a9","hash":"5a5c5493f5b8d2afa05fdebbafa131ef6303610b"}
,"/home/amatyas/projects/next/openshop/config/colors/DEFAULT.js": {"path":"/home/amatyas/projects/next/openshop/config/colors/DEFAULT.js","statementMap":{"0":{"start":{"line":1,"column":23},"end":{"line":1,"column":29}},"1":{"start":{"line":2,"column":25},"end":{"line":2,"column":31}},"2":{"start":{"line":3,"column":22},"end":{"line":3,"column":27}}},"fnMap":{},"branchMap":{},"s":{"0":42,"1":42,"2":42},"f":{},"b":{},"_coverageSchema":"1a1c01bbd47fc00a2c39e90264f33305004495a9","hash":"48b22b2246b6b293cfd58e0bdf0573d76afeedb5"}
,"/home/amatyas/projects/next/openshop/config/colors/_button.js": {"path":"/home/amatyas/projects/next/openshop/config/colors/_button.js","statementMap":{"0":{"start":{"line":3,"column":22},"end":{"line":109,"column":1}}},"fnMap":{},"branchMap":{},"s":{"0":42},"f":{},"b":{},"_coverageSchema":"1a1c01bbd47fc00a2c39e90264f33305004495a9","hash":"351aa41592ed0110e591ba3daf94e0c632a7c1c8"}
,"/home/amatyas/projects/next/openshop/config/colors/_general.js": {"path":"/home/amatyas/projects/next/openshop/config/colors/_general.js","statementMap":{"0":{"start":{"line":3,"column":18},"end":{"line":7,"column":1}},"1":{"start":{"line":9,"column":20},"end":{"line":13,"column":1}},"2":{"start":{"line":15,"column":23},"end":{"line":19,"column":1}},"3":{"start":{"line":20,"column":22},"end":{"line":24,"column":1}}},"fnMap":{},"branchMap":{},"s":{"0":42,"1":42,"2":42,"3":42},"f":{},"b":{},"_coverageSchema":"1a1c01bbd47fc00a2c39e90264f33305004495a9","hash":"f0a1bb16358679ba98574d072b05b9d0c8cb6092"}
,"/home/amatyas/projects/next/openshop/config/colors/_panel.js": {"path":"/home/amatyas/projects/next/openshop/config/colors/_panel.js","statementMap":{"0":{"start":{"line":3,"column":21},"end":{"line":16,"column":1}}},"fnMap":{},"branchMap":{},"s":{"0":42},"f":{},"b":{},"_coverageSchema":"1a1c01bbd47fc00a2c39e90264f33305004495a9","hash":"5d820388875adbb90323b834ca77ebd892dcf2de"}
,"/home/amatyas/projects/next/openshop/config/colors/index.js": {"path":"/home/amatyas/projects/next/openshop/config/colors/index.js","statementMap":{},"fnMap":{},"branchMap":{},"s":{},"f":{},"b":{},"_coverageSchema":"1a1c01bbd47fc00a2c39e90264f33305004495a9","hash":"2825c64e468aa1be6309bf88aa3a63ee0b3f697b"}
,"/home/amatyas/projects/next/openshop/config/fields/payment.js": {"path":"/home/amatyas/projects/next/openshop/config/fields/payment.js","statementMap":{"0":{"start":{"line":1,"column":30},"end":{"line":23,"column":1}}},"fnMap":{},"branchMap":{},"s":{"0":40},"f":{},"b":{},"_coverageSchema":"1a1c01bbd47fc00a2c39e90264f33305004495a9","hash":"3c0ad56fa102ae22d695ee7969bfa21b70a0bfba"}
,"/home/amatyas/projects/next/openshop/config/menus/footer.js": {"path":"/home/amatyas/projects/next/openshop/config/menus/footer.js","statementMap":{"0":{"start":{"line":3,"column":31},"end":{"line":70,"column":1}}},"fnMap":{},"branchMap":{},"s":{"0":40},"f":{},"b":{},"_coverageSchema":"1a1c01bbd47fc00a2c39e90264f33305004495a9","hash":"66414e95fff70b235d018fa63dd600c14c68fa0c"}
,"/home/amatyas/projects/next/openshop/config/menus/main.js": {"path":"/home/amatyas/projects/next/openshop/config/menus/main.js","statementMap":{"0":{"start":{"line":1,"column":28},"end":{"line":10,"column":1}}},"fnMap":{},"branchMap":{},"s":{"0":40},"f":{},"b":{},"_coverageSchema":"1a1c01bbd47fc00a2c39e90264f33305004495a9","hash":"5ffab057a737df735a387133890faea99196d9ae"}
,"/home/amatyas/projects/next/openshop/config/state/initial.js": {"path":"/home/amatyas/projects/next/openshop/config/state/initial.js","statementMap":{"0":{"start":{"line":1,"column":29},"end":{"line":19,"column":1}}},"fnMap":{},"branchMap":{},"s":{"0":40},"f":{},"b":{},"_coverageSchema":"1a1c01bbd47fc00a2c39e90264f33305004495a9","hash":"b8bfd036e405d825785592dc35b1cc925d735979"}
,"/home/amatyas/projects/next/openshop/lib/lambda/intent.js": {"path":"/home/amatyas/projects/next/openshop/lib/lambda/intent.js","statementMap":{"0":{"start":{"line":1,"column":14},"end":{"line":1,"column":30}},"1":{"start":{"line":2,"column":15},"end":{"line":2,"column":63}},"2":{"start":{"line":3,"column":12},"end":{"line":6,"column":3}},"3":{"start":{"line":8,"column":0},"end":{"line":109,"column":2}},"4":{"start":{"line":9,"column":2},"end":{"line":14,"column":3}},"5":{"start":{"line":10,"column":4},"end":{"line":13,"column":6}},"6":{"start":{"line":16,"column":15},"end":{"line":16,"column":37}},"7":{"start":{"line":18,"column":2},"end":{"line":108,"column":3}},"8":{"start":{"line":19,"column":4},"end":{"line":48,"column":5}},"9":{"start":{"line":20,"column":21},"end":{"line":22,"column":8}},"10":{"start":{"line":24,"column":6},"end":{"line":31,"column":10}},"11":{"start":{"line":25,"column":8},"end":{"line":31,"column":10}},"12":{"start":{"line":33,"column":6},"end":{"line":39,"column":8}},"13":{"start":{"line":41,"column":6},"end":{"line":47,"column":8}},"14":{"start":{"line":49,"column":9},"end":{"line":108,"column":3}},"15":{"start":{"line":50,"column":4},"end":{"line":56,"column":6}},"16":{"start":{"line":58,"column":4},"end":{"line":107,"column":5}},"17":{"start":{"line":59,"column":20},"end":{"line":64,"column":7}},"18":{"start":{"line":66,"column":21},"end":{"line":69,"column":11}},"19":{"start":{"line":67,"column":26},"end":{"line":67,"column":75}},"20":{"start":{"line":67,"column":58},"end":{"line":67,"column":74}},"21":{"start":{"line":68,"column":8},"end":{"line":68,"column":56}},"22":{"start":{"line":71,"column":21},"end":{"line":80,"column":7}},"23":{"start":{"line":82,"column":6},"end":{"line":89,"column":10}},"24":{"start":{"line":83,"column":8},"end":{"line":89,"column":10}},"25":{"start":{"line":91,"column":6},"end":{"line":98,"column":8}},"26":{"start":{"line":100,"column":6},"end":{"line":106,"column":8}}},"fnMap":{"0":{"name":"(anonymous_0)","decl":{"start":{"line":8,"column":18},"end":{"line":8,"column":19}},"loc":{"start":{"line":8,"column":44},"end":{"line":109,"column":1}},"line":8},"1":{"name":"(anonymous_1)","decl":{"start":{"line":66,"column":39},"end":{"line":66,"column":40}},"loc":{"start":{"line":66,"column":49},"end":{"line":69,"column":7}},"line":66},"2":{"name":"(anonymous_2)","decl":{"start":{"line":67,"column":48},"end":{"line":67,"column":49}},"loc":{"start":{"line":67,"column":58},"end":{"line":67,"column":74}},"line":67}},"branchMap":{"0":{"loc":{"start":{"line":9,"column":2},"end":{"line":14,"column":3}},"type":"if","locations":[{"start":{"line":9,"column":2},"end":{"line":14,"column":3}},{"start":{"line":9,"column":2},"end":{"line":14,"column":3}}],"line":9},"1":{"loc":{"start":{"line":18,"column":2},"end":{"line":108,"column":3}},"type":"if","locations":[{"start":{"line":18,"column":2},"end":{"line":108,"column":3}},{"start":{"line":18,"column":2},"end":{"line":108,"column":3}}],"line":18},"2":{"loc":{"start":{"line":24,"column":6},"end":{"line":31,"column":10}},"type":"if","locations":[{"start":{"line":24,"column":6},"end":{"line":31,"column":10}},{"start":{"line":24,"column":6},"end":{"line":31,"column":10}}],"line":24},"3":{"loc":{"start":{"line":49,"column":9},"end":{"line":108,"column":3}},"type":"if","locations":[{"start":{"line":49,"column":9},"end":{"line":108,"column":3}},{"start":{"line":49,"column":9},"end":{"line":108,"column":3}}],"line":49},"4":{"loc":{"start":{"line":49,"column":13},"end":{"line":49,"column":39}},"type":"binary-expr","locations":[{"start":{"line":49,"column":13},"end":{"line":49,"column":24}},{"start":{"line":49,"column":28},"end":{"line":49,"column":39}}],"line":49},"5":{"loc":{"start":{"line":82,"column":6},"end":{"line":89,"column":10}},"type":"if","locations":[{"start":{"line":82,"column":6},"end":{"line":89,"column":10}},{"start":{"line":82,"column":6},"end":{"line":89,"column":10}}],"line":82}},"s":{"0":1,"1":1,"2":1,"3":1,"4":9,"5":1,"6":8,"7":8,"8":3,"9":3,"10":2,"11":1,"12":1,"13":1,"14":5,"15":2,"16":3,"17":3,"18":3,"19":15,"20":15,"21":15,"22":3,"23":2,"24":1,"25":1,"26":1},"f":{"0":9,"1":15,"2":15},"b":{"0":[1,8],"1":[3,5],"2":[1,1],"3":[2,3],"4":[5,4],"5":[1,1]},"_coverageSchema":"1a1c01bbd47fc00a2c39e90264f33305004495a9","hash":"9b5a93ce9661daa987084dbe03503e2028700911"}
,"/home/amatyas/projects/next/openshop/lib/redux/actions.js": {"path":"/home/amatyas/projects/next/openshop/lib/redux/actions.js","statementMap":{},"fnMap":{},"branchMap":{},"s":{},"f":{},"b":{},"_coverageSchema":"1a1c01bbd47fc00a2c39e90264f33305004495a9","hash":"dfbb656ad9a4b26019c67ddaa13d0c080e756581"}
,"/home/amatyas/projects/next/openshop/lib/redux/reducer.js": {"path":"/home/amatyas/projects/next/openshop/lib/redux/reducer.js","statementMap":{"0":{"start":{"line":8,"column":23},"end":{"line":108,"column":1}},"1":{"start":{"line":9,"column":2},"end":{"line":107,"column":3}},"2":{"start":{"line":12,"column":6},"end":{"line":15,"column":8}},"3":{"start":{"line":19,"column":6},"end":{"line":22,"column":8}},"4":{"start":{"line":26,"column":6},"end":{"line":74,"column":7}},"5":{"start":{"line":30,"column":10},"end":{"line":56,"column":12}},"6":{"start":{"line":35,"column":18},"end":{"line":37,"column":60}},"7":{"start":{"line":40,"column":20},"end":{"line":52,"column":22}},"8":{"start":{"line":53,"column":20},"end":{"line":53,"column":29}},"9":{"start":{"line":60,"column":10},"end":{"line":73,"column":12}},"10":{"start":{"line":71,"column":14},"end":{"line":71,"column":23}},"11":{"start":{"line":78,"column":6},"end":{"line":102,"column":12}},"12":{"start":{"line":106,"column":6},"end":{"line":106,"column":26}}},"fnMap":{"0":{"name":"(anonymous_0)","decl":{"start":{"line":8,"column":23},"end":{"line":8,"column":24}},"loc":{"start":{"line":8,"column":42},"end":{"line":108,"column":1}},"line":8},"1":{"name":"(anonymous_1)","decl":{"start":{"line":34,"column":16},"end":{"line":34,"column":17}},"loc":{"start":{"line":35,"column":18},"end":{"line":37,"column":60}},"line":35},"2":{"name":"(anonymous_2)","decl":{"start":{"line":39,"column":41},"end":{"line":39,"column":42}},"loc":{"start":{"line":39,"column":51},"end":{"line":54,"column":19}},"line":39},"3":{"name":"(anonymous_3)","decl":{"start":{"line":62,"column":41},"end":{"line":62,"column":42}},"loc":{"start":{"line":62,"column":51},"end":{"line":72,"column":13}},"line":62}},"branchMap":{"0":{"loc":{"start":{"line":9,"column":2},"end":{"line":107,"column":3}},"type":"switch","locations":[{"start":{"line":10,"column":4},"end":{"line":16,"column":5}},{"start":{"line":17,"column":4},"end":{"line":23,"column":5}},{"start":{"line":25,"column":4},"end":{"line":74,"column":7}},{"start":{"line":76,"column":4},"end":{"line":103,"column":5}},{"start":{"line":105,"column":4},"end":{"line":106,"column":26}}],"line":9},"1":{"loc":{"start":{"line":26,"column":6},"end":{"line":74,"column":7}},"type":"switch","locations":[{"start":{"line":27,"column":8},"end":{"line":56,"column":12}},{"start":{"line":58,"column":8},"end":{"line":73,"column":12}}],"line":26},"2":{"loc":{"start":{"line":33,"column":14},"end":{"line":55,"column":51}},"type":"cond-expr","locations":[{"start":{"line":39,"column":18},"end":{"line":54,"column":24}},{"start":{"line":55,"column":18},"end":{"line":55,"column":51}}],"line":33},"3":{"loc":{"start":{"line":35,"column":18},"end":{"line":37,"column":60}},"type":"binary-expr","locations":[{"start":{"line":35,"column":18},"end":{"line":35,"column":46}},{"start":{"line":36,"column":18},"end":{"line":36,"column":58}},{"start":{"line":37,"column":18},"end":{"line":37,"column":
[...]
,"/home/amatyas/projects/next/openshop/lib/redux/filter/itemFilter.js": {"path":"/home/amatyas/projects/next/openshop/lib/redux/filter/itemFilter.js","statementMap":{"0":{"start":{"line":1,"column":27},"end":{"line":1,"column":40}},"1":{"start":{"line":4,"column":2},"end":{"line":7,"column":4}},"2":{"start":{"line":11,"column":2},"end":{"line":14,"column":4}},"3":{"start":{"line":18,"column":2},"end":{"line":21,"column":4}},"4":{"start":{"line":25,"column":2},"end":{"line":28,"column":4}}},"fnMap":{"0":{"name":"filterColor","decl":{"start":{"line":3,"column":16},"end":{"line":3,"column":27}},"loc":{"start":{"line":3,"column":35},"end":{"line":8,"column":1}},"line":3},"1":{"name":"filterPrice","decl":{"start":{"line":10,"column":16},"end":{"line":10,"column":27}},"loc":{"start":{"line":10,"column":35},"end":{"line":15,"column":1}},"line":10},"2":{"name":"filterName","decl":{"start":{"line":17,"column":16},"end":{"line":17,"column":26}},"loc":{"start":{"line":17,"column":33},"end":{"line":22,"column":1}},"line":17},"3":{"name":"filterReset","decl":{"start":{"line":24,"column":16},"end":{"line":24,"column":27}},"loc":{"start":{"line":24,"column":30},"end":{"line":29,"column":1}},"line":24}},"branchMap":{},"s":{"0":44,"1":4,"2":4,"3":5,"4":4},"f":{"0":4,"1":4,"2":5,"3":4},"b":{},"_coverageSchema":"1a1c01bbd47fc00a2c39e90264f33305004495a9","hash":"87841711777f406839247ede7677c002c2d1b4ad"}
,"/home/amatyas/projects/next/openshop/lib/redux/panel/index.js": {"path":"/home/amatyas/projects/next/openshop/lib/redux/panel/index.js","statementMap":{},"fnMap":{},"branchMap":{},"s":{},"f":{},"b":{},"_coverageSchema":"1a1c01bbd47fc00a2c39e90264f33305004495a9","hash":"9fab2135a14fa126e64855e1600358182329ca49"}
,"/home/amatyas/projects/next/openshop/lib/redux/panel/panelToggle.js": {"path":"/home/amatyas/projects/next/openshop/lib/redux/panel/panelToggle.js","statementMap":{"0":{"start":{"line":1,"column":28},"end":{"line":1,"column":42}},"1":{"start":{"line":3,"column":27},"end":{"line":9,"column":2}},"2":{"start":{"line":3,"column":46},"end":{"line":9,"column":1}}},"fnMap":{"0":{"name":"(anonymous_0)","decl":{"start":{"line":3,"column":27},"end":{"line":3,"column":28}},"loc":{"start":{"line":3,"column":46},"end":{"line":9,"column":1}},"line":3}},"branchMap":{},"s":{"0":44,"1":44,"2":11},"f":{"0":11},"b":{},"_coverageSchema":"1a1c01bbd47fc00a2c39e90264f33305004495a9","hash":"c355038510f55fca5484d615b3b4ccab8632db6d"}
,"/home/amatyas/projects/next/openshop/lib/redux/payment/index.js": {"path":"/home/amatyas/projects/next/openshop/lib/redux/payment/index.js","statementMap":{},"fnMap":{},"branchMap":{},"s":{},"f":{},"b":{},"_coverageSchema":"1a1c01bbd47fc00a2c39e90264f33305004495a9","hash":"751273c146cfcaddeab8b90d95e4371683702bac"}
,"/home/amatyas/projects/next/openshop/lib/redux/payment/paymentCancel.js": {"path":"/home/amatyas/projects/next/openshop/lib/redux/payment/paymentCancel.js","statementMap":{"0":{"start":{"line":9,"column":29},"end":{"line":31,"column":1}},"1":{"start":{"line":10,"column":2},"end":{"line":30,"column":4}},"2":{"start":{"line":11,"column":4},"end":{"line":29,"column":5}},"3":{"start":{"line":12,"column":20},"end":{"line":12,"column":41}},"4":{"start":{"line":26,"column":6},"end":{"line":26,"column":46}},"5":{"start":{"line":28,"column":6},"end":{"line":28,"column":36}}},"fnMap":{"0":{"name":"(anonymous_0)","decl":{"start":{"line":9,"column":29},"end":{"line":9,"column":30}},"loc":{"start":{"line":9,"column":41},"end":{"line":31,"column":1}},"line":9},"1":{"name":"(anonymous_1)","decl":{"start":{"line":10,"column":9},"end":{"line":10,"column":10}},"loc":{"start":{"line":10,"column":29},"end":{"line":30,"column":3}},"line":10}},"branchMap":{},"s":{"0":44,"1":2,"2":2,"3":2,"4":1,"5":1},"f":{"0":2,"1":2},"b":{},"_coverageSchema":"1a1c01bbd47fc00a2c39e90264f33305004495a9","hash":"bb47ec0a30ecc2bbe1b608378ad51e563b6f1772"}
,"/home/amatyas/projects/next/openshop/lib/redux/payment/paymentCreate.js": {"path":"/home/amatyas/projects/next/openshop/lib/redux/payment/paymentCreate.js","statementMap":{"0":{"start":{"line":11,"column":29},"end":{"line":35,"column":1}},"1":{"start":{"line":12,"column":2},"end":{"line":34,"column":4}},"2":{"start":{"line":13,"column":4},"end":{"line":33,"column":5}},"3":{"start":{"line":14,"column":20},"end":{"line":14,"column":41}},"4":{"start":{"line":30,"column":6},"end":{"line":30,"column":53}},"5":{"start":{"line":32,"column":6},"end":{"line":32,"column":36}}},"fnMap":{"0":{"name":"(anonymous_0)","decl":{"start":{"line":11,"column":29},"end":{"line":11,"column":30}},"loc":{"start":{"line":11,"column":56},"end":{"line":35,"column":1}},"line":11},"1":{"name":"(anonymous_1)","decl":{"start":{"line":12,"column":9},"end":{"line":12,"column":10}},"loc":{"start":{"line":12,"column":29},"end":{"line":34,"column":3}},"line":12}},"branchMap":{},"s":{"0":44,"1":2,"2":2,"3":2,"4":1,"5":1},"f":{"0":2,"1":2},"b":{},"_coverageSchema":"1a1c01bbd47fc00a2c39e90264f33305004495a9","hash":"2420f925880179bb9cd12874305bb671b2456602"}
,"/home/amatyas/projects/next/openshop/lib/redux/payment/paymentStage.js": {"path":"/home/amatyas/projects/next/openshop/lib/redux/payment/paymentStage.js","statementMap":{"0":{"start":{"line":3,"column":29},"end":{"line":3,"column":44}},"1":{"start":{"line":9,"column":29},"end":{"line":14,"column":1}},"2":{"start":{"line":10,"column":2},"end":{"line":13,"column":4}},"3":{"start":{"line":19,"column":27},"end":{"line":24,"column":1}},"4":{"start":{"line":20,"column":2},"end":{"line":23,"column":4}},"5":{"start":{"line":32,"column":30},"end":{"line":41,"column":1}},"6":{"start":{"line":33,"column":2},"end":{"line":40,"column":4}},"7":{"start":{"line":50,"column":30},"end":{"line":60,"column":1}},"8":{"start":{"line":51,"column":2},"end":{"line":59,"column":4}},"9":{"start":{"line":69,"column":32},"end":{"line":78,"column":1}},"10":{"start":{"line":70,"column":2},"end":{"line":77,"column":4}},"11":{"start":{"line":86,"column":28},"end":{"line":91,"column":1}},"12":{"start":{"line":87,"column":2},"end":{"line":90,"column":4}},"13":{"start":{"line":97,"column":28},"end":{"line":102,"column":1}},"14":{"start":{"line":98,"column":2},"end":{"line":101,"column":4}}},"fnMap":{"0":{"name":"(anonymous_0)","decl":{"start":{"line":9,"column":29},"end":{"line":9,"column":30}},"loc":{"start":{"line":9,"column":35},"end":{"line":14,"column":1}},"line":9},"1":{"name":"(anonymous_1)","decl":{"start":{"line":19,"column":27},"end":{"line":19,"column":28}},"loc":{"start":{"line":19,"column":33},"end":{"line":24,"column":1}},"line":19},"2":{"name":"(anonymous_2)","decl":{"start":{"line":32,"column":30},"end":{"line":32,"column":31}},"loc":{"start":{"line":32,"column":51},"end":{"line":41,"column":1}},"line":32},"3":{"name":"(anonymous_3)","decl":{"start":{"line":50,"column":30},"end":{"line":50,"column":31}},"loc":{"start":{"line":50,"column":42},"end":{"line":60,"column":1}},"line":50},"4":{"name":"(anonymous_4)","decl":{"start":{"line":69,"column":32},"end":{"line":69,"column":33}},"loc":{"start":{"line":69,"column":44},"end":{"line":78,"column":1}},"line":69},"5":{"name":"(anonymous_5)","decl":{"start":{"line":86,"column":28},"end":{"line":86,"column":29}},"loc":{"start":{"line":86,"column":39},"end":{"line":91,"column":1}},"line":86},"6":{"name":"(anonymous_6)","decl":{"start":{"line":97,"column":28},"end":{"line":97,"column":29}},"loc":{"start":{"line":97,"column":34},"end":{"line":102,"column":1}},"line":97}},"branchMap":{},"s":{"0":44,"1":44,"2":9,"3":44,"4":4,"5":44,"6":4,"7":44,"8":4,"9":44,"10":4,"11":44,"12":8,"13":44,"14":4},"f":{"0":9,"1":4,"2":4,"3":4,"4":4,"5":8,"6":4},"b":{},"_coverageSchema":"1a1c01bbd47fc00a2c39e90264f33305004495a9","hash":"288c5ca0cf913fcaf1708fed640fc3621b834150"}
,"/home/amatyas/projects/next/openshop/lib/types/Shapes.js": {"path":"/home/amatyas/projects/next/openshop/lib/types/Shapes.js","statementMap":{"0":{"start":{"line":3,"column":28},"end":{"line":18,"column":1}},"1":{"start":{"line":20,"column":26},"end":{"line":26,"column":1}}},"fnMap":{},"branchMap":{},"s":{"0":40,"1":40},"f":{},"b":{},"_coverageSchema":"1a1c01bbd47fc00a2c39e90264f33305004495a9","hash":"a88d35b920e0cb50c346b843010ab0577ffdcfc5"}
,"/home/amatyas/projects/next/openshop/lib/types/index.js": {"path":"/home/amatyas/projects/next/openshop/lib/types/index.js","statementMap":{},"fnMap":{},"branchMap":{},"s":{},"f":{},"b":{},"_coverageSchema":"1a1c01bbd47fc00a2c39e90264f33305004495a9","hash":"edf346cc059e668ae0f9b968d36af9d094463a2b"}
,"/home/amatyas/projects/next/openshop/lib/utils/index.js": {"path":"/home/amatyas/projects/next/openshop/lib/utils/index.js","statementMap":{},"fnMap":{},"branchMap":{},"s":{},"f":{},"b":{},"_coverageSchema":"1a1c01bbd47fc00a2c39e90264f33305004495a9","hash":"b0d1850b066fbb92f89fb0a192c760aadd328aca"}
,"/home/amatyas/projects/next/openshop/lib/utils/Debounce/Debounce.js": {"path":"/home/amatyas/projects/next/openshop/lib/utils/Debounce/Debounce.js","statementMap":{"0":{"start":{"line":1,"column":24},"end":{"line":17,"column":1}},"1":{"start":{"line":3,"column":2},"end":{"line":16,"column":4}},"2":{"start":{"line":4,"column":16},"end":{"line":4,"column":20}},"3":{"start":{"line":5,"column":14},"end":{"line":5,"column":23}},"4":{"start":{"line":6,"column":20},"end":{"line":8,"column":5}},"5":{"start":{"line":7,"column":6},"end":{"line":7,"column":63}},"6":{"start":{"line":9,"column":4},"end":{"line":15,"column":6}}},"fnMap":{"0":{"name":"(anonymous_0)","decl":{"start":{"line":1,"column":24},"end":{"line":1,"column":25}},"loc":{"start":{"line":1,"column":45},"end":{"line":17,"column":1}},"line":1},"1":{"name":"(anonymous_1)","decl":{"start":{"line":3,"column":9},"end":{"line":3,"column":10}},"loc":{"start":{"line":3,"column":21},"end":{"line":16,"column":3}},"line":3},"2":{"name":"(anonymous_2)","decl":{"start":{"line":6,"column":20},"end":{"line":6,"column":21}},"loc":{"start":{"line":6,"column":26},"end":{"line":8,"column":5}},"line":6}},"branchMap":{},"s":{"0":39,"1":5,"2":2,"3":2,"4":2,"5":2,"6":2},"f":{"0":5,"1":2,"2":2},"b":{},"_coverageSchema":"1a1c01bbd47fc00a2c39e90264f33305004495a9","hash":"415e36902214cd274dc094702ae4893d2790192b"}
,"/home/amatyas/projects/next/openshop/pages/checkout.js": {"path":"/home/amatyas/projects/next/openshop/pages/checkout.js","statementMap":{"0":{"start":{"line":8,"column":24},"end":{"line":10,"column":1}},"1":{"start":{"line":9,"column":2},"end":{"line":9,"column":62}},"2":{"start":{"line":9,"column":42},"end":{"line":9,"column":61}},"3":{"start":{"line":12,"column":22},"end":{"line":14,"column":1}},"4":{"start":{"line":13,"column":2},"end":{"line":13,"column":60}},"5":{"start":{"line":13,"column":42},"end":{"line":13,"column":59}},"6":{"start":{"line":16,"column":20},"end":{"line":18,"column":1}},"7":{"start":{"line":17,"column":2},"end":{"line":17,"column":58}},"8":{"start":{"line":17,"column":42},"end":{"line":17,"column":57}},"9":{"start":{"line":20,"column":23},"end":{"line":22,"column":1}},"10":{"start":{"line":21,"column":2},"end":{"line":21,"column":61}},"11":{"start":{"line":21,"column":42},"end":{"line":21,"column":60}},"12":{"start":{"line":24,"column":23},"end":{"line":26,"column":1}},"13":{"start":{"line":25,"column":2},"end":{"line":25,"column":61}},"14":{"start":{"line":25,"column":42},"end":{"line":25,"column":60}},"15":{"start":{"line":28,"column":25},"end":{"line":30,"column":1}},"16":{"start":{"line":29,"column":2},"end":{"line":29,"column":63}},"17":{"start":{"line":29,"column":42},"end":{"line":29,"column":62}},"18":{"start":{"line":32,"column":21},"end":{"line":34,"column":1}},"19":{"start":{"line":33,"column":2},"end":{"line":33,"column":59}},"20":{"start":{"line":33,"column":42},"end":{"line":33,"column":58}},"21":{"start":{"line":36,"column":28},"end":{"line":38,"column":1}},"22":{"start":{"line":37,"column":2},"end":{"line":37,"column":66}},"23":{"start":{"line":37,"column":42},"end":{"line":37,"column":65}},"24":{"start":{"line":40,"column":17},"end":{"line":97,"column":1}},"25":{"start":{"line":41,"column":53},"end":{"line":43,"column":3}},"26":{"start":{"line":42,"column":15},"end":{"line":42,"column":20}},"27":{"start":{"line":44,"column":32},"end":{"line":44,"column":48}},"28":{"start":{"line":45,"column":26},"end":{"line":45,"column":42}},"29":{"start":{"line":47,"column":2},"end":{"line":79,"column":36}},"30":{"start":{"line":48,"column":4},"end":{"line":78,"column":5}},"31":{"start":{"line":49,"column":6},"end":{"line":49,"column":26}},"32":{"start":{"line":50,"column":6},"end":{"line":50,"column":42}},"33":{"start":{"line":52,"column":6},"end":{"line":77,"column":7}},"34":{"start":{"line":54,"column":10},"end":{"line":54,"column":28}},"35":{"start":{"line":55,"column":10},"end":{"line":55,"column":40}},"36":{"start":{"line":56,"column":10},"end":{"line":56,"column":16}},"37":{"start":{"line":58,"column":10},"end":{"line":58,"column":29}},"38":{"start":{"line":59,"column":10},"end":{"line":59,"column":38}},"39":{"start":{"line":60,"column":10},"end":{"line":60,"column":16}},"40":{"start":{"line":62,"column":10},"end":{"line":62,"column":29}},"41":{"start":{"line":63,"column":10},"end":{"line":63,"column":41}},"42":{"start":{"line":64,"column":10},"end":{"line":64,"column":16}},"43":{"start":{"line":66,"column":10},"end":{"line":66,"column":29}},"44":{"start":{"line":67,"column":10},"end":{"line":67,"column":41}},"45":{"start":{"line":68,"column":10},"end":{"line":68,"column":16}},"46":{"start":{"line":70,"column":10},"end":{"line":70,"column":31}},"47":{"start":{"line":71,"column":10},"end":{"line":71,"column":43}},"48":{"start":{"line":72,"column":10},"end":{"line":72,"column":16}},"49":{"start":{"line":74,"column":10},"end":{"line":74,"column":27}},"50":{"start":{"line":75,"column":10},"end":{"line":75,"column":39}},"51":{"start":{"line":76,"column":10},"end":{"line":76,"column":16}},"52":{"start":{"line":81,"column":2},"end":{"line":96,"column":4}}},"fnMap":{"0":{"name":"(anonymous_0)","decl":{"start":{"line":8,"column":32},"end":{"line":8,"column":33}},"loc":{"start":{"line":9,"column":2},"end":{"line":9,"column":62}},"line":9},"1":{"name":"(anonymous_1)","decl":{"start":{"line":9,"column":33},"end":{"line":9,"column":34}},"loc":{"start":{"line":9,"column":42},"end":{"line":9,"column":61}},"line":9},"2":{"name":"(anonymous_2)","decl":{"start":{"line":12,"column":30},"end":{"line":12,"column":31}},"loc":{"start":{"line":13,"column":2},"end":{"line":13,"column":60}},"line":13},"3":{"name":"(anonymous_3)","decl":{"start":{"line":13,"column":33},"end":{"line":13,"column":34}},"loc":{"start":{"line":13,"column":42},"end":{"line":13,"column":59}},"line":13},"4":{"name":"(anonymous_4)","decl":{"start":{"line":16,"column":28},"end":{"line":16,"column":29}},"loc":{"start":{"line":17,"column":2},"end":{"line":17,"column":58}},"line":17},"5":{"name":"(anonymous_5)","decl":{"start":{"line":17,"column":33},"end":{"line":17,"column":34}},"loc":{"start":{"line":17,"column":42},"end":{"line":17,"column":57}},"line":17},"6":{"name":"(anonymous_6)","decl":{"start":{"line":20,"column":31},"end":{"line":20,"column":32}},"loc":{"start":{"line":21,"column":2},"end":{"line":21,"column":61}},"line":21},"7":{"name":"(anonymous_7)","decl":{"start":{"line":21,"column":33},"end":{"line":21,"column":34}},"loc":{"start":{"line":21,"column":42},"end":{"line":21,"column":60}},"line":21},"8":{"name":"(anonymous_8)","decl":{"start":{"line":24,"column":31},"end":{"line":24,"column":32}},"loc":{"start":{"line":25,"column":2},"end":{"line":25,"column":61}},"line":25},"9":{"name":"(anonymous_9)","decl":{"start":{"line":25,"column":33},"end":{"line":25,"column":34}},"loc":{"start":{"line":25,"column":42},"end":{"line":25,"column":60}},"line":25},"10":{"name":"(anonymous_10)","decl":{"start":{"line":28,"column":33},"end":{"line":28,"column":34}},"loc":{"start":{"line":29,"column":2},"end":{"line":29,"column":63}},"line":29},"11":{"name":"(anonymous_11)","decl":{"start":{"line":29,"column":33},"end":{"line":29,"column":34}},"loc":{"start":{"line":29,"column":42},"end":{"line":29,"column":62}},"line":29},"12":{"name":"(anonymous_12)","decl":{"start":{"line":32,"column":29},"end":{"line":32,"column":30}},"loc":{"start":{"line":33,"column":2},"end":{"line":33,"column":59}},"line":33},"13":{"name":"(anonymous_13)","decl":{"start":{"line":33,"column":33},"end":{"line":33,"column":34}},"loc":{"start":{"line":33,"column":42},"end":{"line":33,"column":58}},"line":33},"14":{"name":"(anonymous_14)","decl":{"start":{"line":36,"column":36},"end":{"line":36,"column":37}},"loc":{"start":{"line":37,"column":2},"end":{"line":37,"column":66}},"line":37},"15":{"name":"(anonymous_15)","decl":{"start":{"line":37,"column":33},"end":{"line":37,"column":34}},"loc":{"start":{"line":37,"column":42},"end":{"line":37,"column":65}},"line":37},"16":{"name":"(anonymous_16)","decl":{"start":{"line":40,"column":17},"end":{"line":40,"column":18}},"loc":{"start":{"line":40,"column":23},"end":{"line":97,"column":1}},"line":40},"17":{"name":"(anonymous_17)","decl":{"start":{"line":42,"column":4},"end":{"line":42,"column":5}},"loc":{"start":{"line":42,"column":15},"end":{"line":42,"column":20}},"line":42},"18":{"name":"(anonymous_18)","decl":{"start":{"line":47,"column":18},"end":{"line":47,"column":19}},"loc":{"start":{"line":47,"column":24},"end":{"line":79,"column":3}},"line":47}},"branchMap":{"0":{"loc":{"start":{"line":41,"column":10},"end":{"line":41,"column":37}},"type":"default-arg","locations":[{"start":{"line":41,"column":20},"end":{"line":41,"column":37}}],"line":41},"1":{"loc":{"start":{"line":41,"column":39},"end":{"line":41,"column":48}},"type":"default-arg","locations":[{"start":{"line":41,"column":46},"end":{"line":41,"column":48}}],"line":41},"2":{"loc":{"start":{"line":48,"column":4},"end":{"line":78,"column":5}},"type":"if","locations":[{"start":{"line":48,"column":4},"end":{"line":78,"column":5}},{"start":{"line":48,"column":4},"end":{"line":78,"column":5}}],"line":48},"3":{"loc":{"start":{"line":48,"column":8},"end":{"line":48,"column":52}},"type":"binary-expr","locations":[{"start":{"line":48,"column":8},"end":{"line":48,"column":20}},{"start":{"line":48,"column":24},"end":{"line":48,"column":52}}],"line":48},"4":{"loc":{"start":{"line":52,"column":6},"end":{"line":77,"column":7}},"type":"switch","locations":[{"start":{"line":53,"column":8},"end":{"line":56,"column":16}},{"start":{"line":57,"column":8},"end":{"line":60,"column":16}},{"start":{"line":61,"column":8},"end":{"line":64,"column":16}},{"start":{"line":65,"column":8},"end":{"line":68,"column":16}},{"start":{"line":69,"column":8},"end":{"line":72,"column":16}},{"start":{"line":73,"column":8},"end":{"line":76,"column":16}}],"line":52},"5":{"loc":{"start":{"line":87,"column":7},"end":{"line":87,"column":63}},"type":"cond-expr","locations":[{"start":{"line":87,"column":39},"end":{"line":87,"column":58}},{"start":{"line":87,"column":61},"end":{"line":87,"column":63}}],"line":87},"6":{"loc":{"start":{"line":87,"column":7},"end":{"line":87,"column":36}},"type":"binary-expr","locations":[{"start":{"line":87,"column":7},"end":{"line":87,"column":18}},{"start":{"line":87,"column":22},"end":{"line":87,"column":36}}],"line":87}},"s":{"0":1,"1":1,"2":1,"3":1,"4":1,"5":1,"6":1,"7":1,"8":1,"9":1,"10":1,"11":1,"12":1,"13":1,"14":1,"15":1,"16":1,"17":1,"18":1,"19":1,"20":1,"21":1,"22":1,"23":1,"24":1,"25":14,"26":21,"27":14,"28":14,"29":14,"30":7,"31":1,"32":1,"33":6,"34":1,"35":1,"36":1,"37":1,"38":1,"39":1,"40":1,"41":1,"42":1,"43":1,"44":1,"45":1,"46":1,"47":1,"48":1,"49":1,"50":1,"51":1,"52":14},"f":{"0":1,"1":1,"2":1,"3":1,"4":1,"5":1,"6":1,"7":1,"8":1,"9":1,"10":1,"11":1,"12":1,"13":1,"14":1,"15":1,"16":14,"17":21,"18":7},"b":{"0":[2],"1":[2],"2":[1,6],"3":[7,1],"4":[1,1,1,1,1,1],"5":[12,2],"6":[14,12]},"_coverageSchema":"1a1c01bbd47fc00a2c39e90264f33305004495a9","hash":"3207a4bbbb465edbefa3d3a7bd561783e088ffff"}
}
