TN:
SF:components/index.js
FNF:0
FNH:0
LF:0
LH:0
BRF:0
BRH:0
end_of_record
TN:
SF:components/cart/index.js
FNF:0
FNH:0
LF:0
LH:0
BRF:0
BRH:0
end_of_record
TN:
SF:components/cart/CartContent/CartContent.js
FN:29,(anonymous_0)
FN:30,(anonymous_1)
FN:33,(anonymous_2)
FN:34,(anonymous_3)
FN:38,(anonymous_4)
FN:43,(anonymous_5)
FN:49,(anonymous_6)
FNF:7
FNH:5
FNDA:31,(anonymous_0)
FNDA:64,(anonymous_1)
FNDA:16,(anonymous_2)
FNDA:0,(anonymous_3)
FNDA:0,(anonymous_4)
FNDA:16,(anonymous_5)
FNDA:29,(anonymous_6)
DA:29,10
DA:30,64
DA:31,31
DA:33,31
DA:34,16
DA:35,0
DA:37,16
DA:38,16
DA:39,0
DA:43,31
DA:44,16
DA:47,31
DA:49,29
DA:83,10
DA:88,10
LF:15
LH:13
BRDA:35,0,0,0
BRDA:35,0,1,0
BRDA:49,1,0,31
BRDA:49,1,1,31
BRDA:76,2,0,31
BRDA:76,2,1,31
BRF:6
BRH:4
end_of_record
TN:
SF:components/cart/CartItem/CartItem.js
FN:28,(anonymous_0)
FN:62,(anonymous_1)
FN:76,(anonymous_2)
FNF:3
FNH:1
FNDA:29,(anonymous_0)
FNDA:0,(anonymous_1)
FNDA:0,(anonymous_2)
DA:28,10
DA:29,29
DA:30,29
DA:32,29
DA:62,0
DA:76,0
DA:84,10
DA:89,10
LF:8
LH:6
BRF:0
BRH:0
end_of_record
TN:
SF:components/cart/CartPanel/CartPanel.js
FN:45,(anonymous_0)
FN:47,(anonymous_1)
FN:69,(anonymous_2)
FN:132,(anonymous_3)
FN:145,(anonymous_4)
FNF:5
FNH:0
FNDA:0,(anonymous_0)
FNDA:0,(anonymous_1)
FNDA:0,(anonymous_2)
FNDA:0,(anonymous_3)
FNDA:0,(anonymous_4)
DA:45,10
DA:46,0
DA:47,0
DA:48,0
DA:50,0
DA:69,0
DA:132,0
DA:146,0
DA:147,0
DA:163,10
DA:171,10
LF:11
LH:3
BRDA:47,0,0,0
BRDA:79,1,0,0
BRDA:79,1,1,0
BRDA:84,2,0,0
BRDA:84,2,1,0
BRDA:123,3,0,0
BRDA:123,3,1,0
BRF:7
BRH:0
end_of_record
TN:
SF:components/filters/index.js
FNF:0
FNH:0
LF:0
LH:0
BRF:0
BRH:0
end_of_record
TN:
SF:components/filters/FilterColor/FilterColor.js
FN:24,(anonymous_0)
FN:26,(anonymous_1)
FN:30,(anonymous_2)
FN:32,(anonymous_3)
FN:34,(anonymous_4)
FN:54,(anonymous_5)
FNF:6
FNH:0
FNDA:0,(anonymous_0)
FNDA:0,(anonymous_1)
FNDA:0,(anonymous_2)
FNDA:0,(anonymous_3)
FNDA:0,(anonymous_4)
FNDA:0,(anonymous_5)
DA:24,10
DA:25,0
DA:26,0
DA:28,0
DA:30,0
DA:31,0
DA:32,0
DA:33,0
DA:35,0
DA:44,0
DA:55,0
DA:65,10
LF:12
LH:2
BRDA:26,0,0,0
BRF:1
BRH:0
end_of_record
TN:
SF:components/filters/FilterName/FilterName.js
FN:21,(anonymous_0)
FN:23,(anonymous_1)
FN:38,(anonymous_2)
FNF:3
FNH:0
FNDA:0,(anonymous_0)
FNDA:0,(anonymous_1)
FNDA:0,(anonymous_2)
DA:21,10
DA:22,0
DA:23,0
DA:25,0
DA:38,0
LF:5
LH:1
BRDA:23,0,0,0
BRF:1
BRH:0
end_of_record
TN:
SF:components/filters/FilterPanel/FilterPanel.js
FN:25,(anonymous_0)
FN:31,(anonymous_1)
FNF:2
FNH:0
FNDA:0,(anonymous_0)
FNDA:0,(anonymous_1)
DA:25,10
DA:26,0
DA:28,0
DA:31,0
DA:77,10
DA:82,10
LF:6
LH:3
BRDA:51,0,0,0
BRDA:51,0,1,0
BRF:2
BRH:0
end_of_record
TN:
SF:components/filters/FilterPrice/FilterPrice.js
FN:28,(anonymous_0)
FN:30,(anonymous_1)
FN:35,(anonymous_2)
FN:36,(anonymous_3)
FN:39,(anonymous_4)
FN:40,(anonymous_5)
FN:47,(anonymous_6)
FN:60,(anonymous_7)
FNF:8
FNH:0
FNDA:0,(anonymous_0)
FNDA:0,(anonymous_1)
FNDA:0,(anonymous_2)
FNDA:0,(anonymous_3)
FNDA:0,(anonymous_4)
FNDA:0,(anonymous_5)
FNDA:0,(anonymous_6)
FNDA:0,(anonymous_7)
DA:28,10
DA:29,0
DA:30,0
DA:31,0
DA:32,0
DA:33,0
DA:35,0
DA:36,0
DA:39,0
DA:40,0
DA:41,0
DA:42,0
DA:45,0
DA:46,0
DA:47,0
DA:48,0
DA:53,0
DA:60,0
DA:82,10
DA:89,10
LF:20
LH:3
BRDA:30,0,0,0
BRDA:45,1,0,0
BRDA:45,1,1,0
BRDA:59,2,0,0
BRDA:59,2,1,0
BRDA:75,3,0,0
BRDA:75,3,1,0
BRF:7
BRH:0
end_of_record
TN:
SF:components/filters/FilterReset/FilterReset.js
FN:21,(anonymous_0)
FN:29,(anonymous_1)
FNF:2
FNH:0
FNDA:0,(anonymous_0)
FNDA:0,(anonymous_1)
DA:21,10
DA:22,0
DA:24,0
DA:30,0
DA:56,10
DA:61,10
LF:6
LH:3
BRDA:49,0,0,0
BRDA:49,0,1,0
BRDA:50,1,0,0
BRDA:50,1,1,0
BRF:4
BRH:0
end_of_record
TN:
SF:components/payment/index.js
FNF:0
FNH:0
LF:0
LH:0
BRF:0
BRH:0
end_of_record
TN:
SF:components/payment/PaymentCancelled/PaymentCancelled.js
FN:3,(anonymous_0)
FNF:1
FNH:1
FNDA:3,(anonymous_0)
DA:3,10
DA:4,3
LF:2
LH:2
BRDA:3,0,0,1
BRF:1
BRH:1
end_of_record
TN:
SF:components/payment/PaymentConfirm/PaymentConfirm.js
FN:12,(anonymous_0)
FN:16,(anonymous_1)
FN:20,(anonymous_2)
FN:111,(anonymous_3)
FNF:4
FNH:4
FNDA:36,(anonymous_0)
FNDA:72,(anonymous_1)
FNDA:2,(anonymous_2)
FNDA:1,(anonymous_3)
DA:12,10
DA:13,36
DA:14,36
DA:15,36
DA:16,72
DA:17,36
DA:18,36
DA:20,36
DA:21,2
DA:23,2
DA:25,2
DA:28,2
DA:40,2
DA:41,1
DA:45,2
DA:46,1
DA:50,36
DA:112,1
DA:113,1
LF:19
LH:19
BRDA:16,0,0,0
BRDA:17,1,0,19
BRDA:17,2,0,19
BRDA:21,3,0,0
BRDA:21,3,1,2
BRDA:40,4,0,1
BRDA:40,4,1,1
BRDA:40,5,0,2
BRDA:40,5,1,1
BRDA:45,6,0,1
BRDA:45,6,1,1
BRDA:56,7,0,5
BRDA:56,7,1,31
BRDA:56,8,0,36
BRDA:56,8,1,8
BRDA:132,9,0,36
BRDA:132,9,1,8
BRDA:132,9,2,3
BRF:18
BRH:16
end_of_record
TN:
SF:components/payment/PaymentError/PaymentError.js
FN:6,(anonymous_0)
FN:29,(anonymous_1)
FNF:2
FNH:2
FNDA:6,(anonymous_0)
FNDA:1,(anonymous_1)
DA:6,10
DA:7,6
DA:9,6
DA:29,1
LF:4
LH:4
BRDA:6,0,0,1
BRF:1
BRH:1
end_of_record
TN:
SF:components/payment/PaymentForm/PaymentForm.js
FN:8,(anonymous_0)
FN:11,(anonymous_1)
FN:24,(anonymous_2)
FN:37,(anonymous_3)
FN:42,(anonymous_4)
FN:44,(anonymous_5)
FN:51,(anonymous_6)
FN:101,(anonymous_7)
FN:110,(anonymous_8)
FN:184,(anonymous_9)
FN:223,(anonymous_10)
FNF:11
FNH:11
FNDA:54,(anonymous_0)
FNDA:87,(anonymous_1)
FNDA:16,(anonymous_2)
FNDA:36,(anonymous_3)
FNDA:36,(anonymous_4)
FNDA:144,(anonymous_5)
FNDA:1,(anonymous_6)
FNDA:216,(anonymous_7)
FNDA:4,(anonymous_8)
FNDA:2,(anonymous_9)
FNDA:1,(anonymous_10)
DA:8,10
DA:9,54
DA:10,54
DA:11,87
DA:13,54
DA:14,54
DA:15,54
DA:16,54
DA:17,54
DA:24,54
DA:25,16
DA:26,14
DA:27,14
DA:37,54
DA:38,36
DA:42,54
DA:43,36
DA:44,36
DA:45,144
DA:47,36
DA:51,54
DA:52,1
DA:53,1
DA:54,1
DA:55,1
DA:58,54
DA:78,54
DA:102,216
DA:111,4
DA:185,2
DA:186,2
DA:223,1
LF:32
LH:32
BRDA:11,0,0,44
BRDA:11,1,0,0
BRDA:11,2,0,0
BRDA:25,3,0,14
BRDA:25,3,1,2
BRDA:45,4,0,134
BRDA:45,4,1,10
BRDA:47,5,0,36
BRDA:47,5,1,5
BRDA:53,6,0,0
BRDA:53,6,1,1
BRDA:88,7,0,11
BRDA:88,7,1,43
BRDA:88,8,0,54
BRDA:88,8,1,12
BRDA:143,9,0,2
BRDA:143,9,1,52
BRDA:155,10,0,54
BRDA:155,10,1,2
BRDA:160,11,0,54
BRDA:160,11,1,0
BRDA:238,12,0,52
BRDA:238,12,1,2
BRDA:242,13,0,54
BRDA:242,13,1,12
BRDA:242,13,2,1
BRF:26
BRH:22
end_of_record
TN:
SF:components/payment/PaymentProgress/PaymentProgress.js
FN:7,(anonymous_0)
FN:10,(anonymous_1)
FN:12,(anonymous_2)
FNF:3
FNH:3
FNDA:41,(anonymous_0)
FNDA:78,(anonymous_1)
FNDA:21,(anonymous_2)
DA:7,10
DA:8,41
DA:9,41
DA:10,78
DA:12,41
DA:13,21
DA:15,2
DA:16,2
DA:17,2
DA:20,4
DA:21,4
DA:22,4
DA:26,6
DA:27,6
DA:28,6
DA:32,41
LF:16
LH:16
BRDA:10,0,0,0
BRDA:13,1,0,2
BRDA:13,1,1,2
BRDA:13,1,2,4
BRDA:13,1,3,2
BRDA:13,1,4,4
BRDA:13,1,5,6
BRDA:34,2,0,41
BRDA:34,2,1,41
BRDA:35,3,0,41
BRDA:35,3,1,41
BRDA:36,4,0,41
BRDA:36,4,1,41
BRDA:37,5,0,41
BRDA:37,5,1,41
BRDA:38,6,0,41
BRDA:38,6,1,41
BRDA:39,7,0,41
BRDA:39,7,1,41
BRDA:44,8,0,41
BRDA:44,8,1,41
BRDA:52,9,0,10
BRDA:52,9,1,31
BRDA:53,10,0,10
BRDA:53,10,1,10
BRDA:60,11,0,10
BRDA:60,11,1,31
BRDA:61,12,0,10
BRDA:61,12,1,10
BRDA:71,13,0,6
BRDA:71,13,1,35
BRDA:72,14,0,6
BRDA:72,14,1,6
BRDA:79,15,0,6
BRDA:79,15,1,35
BRDA:80,16,0,6
BRDA:80,16,1,6
BRF:37
BRH:36
end_of_record
TN:
SF:components/payment/PaymentReview/PaymentReview.js
FN:8,(anonymous_0)
FN:26,(anonymous_1)
FN:37,(anonymous_2)
FNF:3
FNH:3
FNDA:2,(anonymous_0)
FNDA:1,(anonymous_1)
FNDA:1,(anonymous_2)
DA:8,10
DA:9,2
DA:10,2
DA:12,2
DA:26,1
DA:37,1
LF:6
LH:6
BRF:0
BRH:0
end_of_record
TN:
SF:components/payment/PaymentSuccess/PaymentSuccess.js
FN:3,(anonymous_0)
FNF:1
FNH:1
FNDA:3,(anonymous_0)
DA:3,10
DA:4,3
LF:2
LH:2
BRDA:3,0,0,1
BRF:1
BRH:1
end_of_record
TN:
SF:components/shared/index.js
FNF:0
FNH:0
LF:0
LH:0
BRF:0
BRH:0
end_of_record
TN:
SF:components/shared/Button/Button.js
FN:3,(anonymous_0)
FN:23,(anonymous_1)
FNF:2
FNH:1
FNDA:218,(anonymous_0)
FNDA:0,(anonymous_1)
DA:3,10
DA:4,218
DA:24,0
LF:3
LH:2
BRDA:6,0,0,218
BRDA:6,0,1,160
BRDA:8,1,0,218
BRDA:8,1,1,218
BRDA:9,2,0,218
BRDA:9,2,1,218
BRDA:10,3,0,218
BRDA:10,3,1,218
BRDA:11,4,0,218
BRDA:11,4,1,218
BRDA:12,5,0,218
BRDA:12,5,1,218
BRDA:13,6,0,218
BRDA:13,6,1,218
BRDA:14,7,0,218
BRDA:14,7,1,218
BRDA:15,8,0,218
BRDA:15,8,1,218
BRDA:16,9,0,218
BRDA:16,9,1,218
BRDA:17,10,0,218
BRDA:17,10,1,160
BRDA:18,11,0,218
BRDA:18,11,1,6
BRDA:19,12,0,218
BRDA:19,12,1,160
BRDA:20,13,0,218
BRDA:20,13,1,218
BRDA:21,14,0,218
BRDA:21,14,1,218
BRDA:22,15,0,218
BRDA:22,15,1,0
BRDA:24,16,0,0
BRDA:24,16,1,0
BRDA:24,17,0,0
BRDA:24,17,1,0
BRDA:24,17,2,0
BRDA:25,18,0,0
BRDA:25,18,1,0
BRDA:29,19,0,218
BRDA:29,19,1,218
BRDA:35,20,0,218
BRDA:35,20,1,218
BRDA:41,21,0,218
BRDA:41,21,1,160
BRDA:50,22,0,218
BRDA:50,22,1,218
BRDA:57,23,0,218
BRDA:57,23,1,218
BRDA:64,24,0,218
BRDA:64,24,1,218
BRDA:65,25,0,218
BRDA:65,25,1,218
BRF:53
BRH:45
end_of_record
TN:
SF:components/shared/Card/Card.js
FN:7,(anonymous_0)
FN:19,(anonymous_1)
FN:50,(anonymous_2)
FNF:3
FNH:0
FNDA:0,(anonymous_0)
FNDA:0,(anonymous_1)
FNDA:0,(anonymous_2)
DA:7,10
DA:8,0
DA:9,0
DA:10,0
DA:19,0
DA:50,0
LF:6
LH:1
BRDA:7,0,0,0
BRDA:12,1,0,0
BRDA:12,1,1,0
BRDA:14,2,0,0
BRDA:14,2,1,0
BRDA:37,3,0,0
BRDA:37,3,1,0
BRF:7
BRH:0
end_of_record
TN:
SF:components/shared/Field/Field.js
FN:3,(anonymous_0)
FNF:1
FNH:1
FNDA:165,(anonymous_0)
DA:3,10
DA:13,165
LF:2
LH:2
BRF:0
BRH:0
end_of_record
TN:
SF:components/shared/Footer/Footer.js
FN:14,(anonymous_0)
FNF:1
FNH:0
FNDA:0,(anonymous_0)
DA:14,10
DA:15,0
LF:2
LH:1
BRF:0
BRH:0
end_of_record
TN:
SF:components/shared/Navbar/Navbar.js
FN:5,(anonymous_0)
FN:40,(anonymous_1)
FNF:2
FNH:0
FNDA:0,(anonymous_0)
FNDA:0,(anonymous_1)
DA:5,10
DA:6,0
DA:41,0
LF:3
LH:1
BRDA:39,0,0,0
BRDA:39,0,1,0
BRF:2
BRH:0
end_of_record
TN:
SF:components/shared/Rating/Rating.js
FN:4,(anonymous_0)
FNF:1
FNH:0
FNDA:0,(anonymous_0)
DA:4,10
DA:5,0
DA:7,0
DA:8,0
DA:11,0
LF:5
LH:1
BRF:0
BRH:0
end_of_record
TN:
SF:components/shared/ScrollTop/ScrollTop.js
FN:4,(anonymous_0)
FN:7,(anonymous_1)
FN:10,(anonymous_2)
FN:14,(anonymous_3)
FN:21,(anonymous_4)
FN:30,(anonymous_5)
FNF:6
FNH:3
FNDA:1,(anonymous_0)
FNDA:1,(anonymous_1)
FNDA:0,(anonymous_2)
FNDA:0,(anonymous_3)
FNDA:0,(anonymous_4)
FNDA:1,(anonymous_5)
DA:4,10
DA:5,1
DA:7,1
DA:10,1
DA:11,0
DA:12,0
DA:13,0
DA:14,0
DA:15,0
DA:20,1
DA:21,1
DA:22,0
DA:26,1
DA:31,1
LF:14
LH:8
BRDA:11,0,0,0
BRDA:11,0,1,0
BRDA:41,1,0,0
BRDA:41,1,1,1
BRF:4
BRH:1
end_of_record
TN:
SF:components/shared/Spinner/Spinner.js
FN:3,(anonymous_0)
FNF:1
FNH:1
FNDA:3,(anonymous_0)
DA:3,10
DA:4,3
LF:2
LH:2
BRDA:6,0,0,3
BRDA:6,0,1,3
BRDA:7,1,0,3
BRDA:7,1,1,3
BRDA:8,2,0,3
BRDA:8,2,1,3
BRDA:11,3,0,3
BRDA:11,3,1,3
BRDA:16,4,0,3
BRDA:16,4,1,3
BRF:10
BRH:10
end_of_record
TN:
SF:lib/lambda/intent.js
FN:8,(anonymous_0)
FN:65,(anonymous_1)
FN:66,(anonymous_2)
FNF:3
FNH:3
FNDA:9,(anonymous_0)
FNDA:6,(anonymous_1)
FNDA:9,(anonymous_2)
DA:1,1
DA:2,1
DA:3,1
DA:8,1
DA:9,9
DA:10,1
DA:16,8
DA:18,8
DA:19,3
DA:20,3
DA:24,2
DA:25,1
DA:33,1
DA:41,1
DA:49,5
DA:50,2
DA:58,3
DA:59,3
DA:65,3
DA:66,9
DA:67,6
DA:70,3
DA:81,2
DA:82,1
DA:90,1
DA:99,1
LF:26
LH:26
BRDA:9,0,0,1
BRDA:9,0,1,8
BRDA:18,1,0,3
BRDA:18,1,1,5
BRDA:24,2,0,1
BRDA:24,2,1,1
BRDA:49,3,0,2
BRDA:49,3,1,3
BRDA:49,4,0,5
BRDA:49,4,1,4
BRDA:60,5,0,0
BRDA:60,5,1,3
BRDA:81,6,0,1
BRDA:81,6,1,1
BRF:14
BRH:13
end_of_record
TN:
SF:lib/redux/actions.js
FNF:0
FNH:0
LF:0
LH:0
BRF:0
BRH:0
end_of_record
TN:
SF:lib/redux/reducer.js
FN:7,reducer
FN:29,(anonymous_1)
FN:40,(anonymous_2)
FNF:3
FNH:3
FNDA:10,reducer
FNDA:3,(anonymous_1)
FNDA:2,(anonymous_2)
DA:8,10
DA:10,0
DA:15,5
DA:16,5
DA:19,2
DA:26,2
DA:29,3
DA:35,1
DA:40,2
DA:45,3
DA:65,2
LF:11
LH:10
BRDA:8,0,0,0
BRDA:8,0,1,5
BRDA:8,0,2,3
BRDA:8,0,3,2
BRDA:15,1,0,5
BRDA:15,1,1,1
BRDA:16,2,0,2
BRDA:16,2,1,2
BRDA:16,2,2,1
BRDA:38,3,0,1
BRDA:38,3,1,1
BRDA:45,4,0,2
BRDA:45,4,1,1
BRDA:46,5,0,1
BRDA:46,5,1,1
BRDA:46,6,0,2
BRDA:46,6,1,1
BRDA:61,7,0,1
BRDA:61,7,1,0
BRF:19
BRH:17
end_of_record
TN:
SF:lib/redux/action/cart.js
FN:3,addToCart
FN:10,removeFromCart
FN:17,getAmount
FNF:3
FNH:3
FNDA:3,addToCart
FNDA:3,removeFromCart
FNDA:19,getAmount
DA:1,15
DA:4,3
DA:11,3
DA:18,19
LF:4
LH:4
BRF:0
BRH:0
end_of_record
TN:
SF:lib/redux/action/filter.js
FN:3,filterColor
FN:10,filterPrice
FN:17,filterName
FN:24,filterReset
FNF:4
FNH:0
FNDA:0,filterColor
FNDA:0,filterPrice
FNDA:0,filterName
FNDA:0,filterReset
DA:1,15
DA:4,0
DA:11,0
DA:18,0
DA:25,0
LF:5
LH:1
BRF:0
BRH:0
end_of_record
TN:
SF:lib/redux/action/payment.js
FN:5,paymentReview
FN:12,paymentForm
FN:19,paymentConfirm
FN:30,paymentSuccess
FN:42,paymentCancelled
FN:53,paymentError
FN:60,paymentReset
FNF:7
FNH:7
FNDA:5,paymentReview
FNDA:4,paymentForm
FNDA:4,paymentConfirm
FNDA:4,paymentSuccess
FNDA:4,paymentCancelled
FNDA:8,paymentError
FNDA:4,paymentReset
DA:3,15
DA:6,5
DA:13,4
DA:20,4
DA:31,4
DA:43,4
DA:54,8
DA:61,4
LF:8
LH:8
BRF:0
BRH:0
end_of_record
TN:
SF:lib/redux/thunk/cancel.js
FN:4,paymentCancel
FN:5,(anonymous_1)
FNF:2
FNH:2
FNDA:2,paymentCancel
FNDA:2,(anonymous_1)
DA:5,2
DA:6,2
DA:7,2
DA:22,1
DA:25,1
LF:5
LH:5
BRF:0
BRH:0
end_of_record
TN:
SF:lib/redux/thunk/intent.js
FN:4,paymentIntent
FN:5,(anonymous_1)
FNF:2
FNH:2
FNDA:2,paymentIntent
FNDA:2,(anonymous_1)
DA:5,2
DA:6,2
DA:7,2
DA:27,1
DA:29,1
LF:5
LH:5
BRF:0
BRH:0
end_of_record
TN:
SF:pages/checkout.js
FN:29,(anonymous_0)
FN:30,(anonymous_1)
FN:35,(anonymous_2)
FN:41,(anonymous_3)
FNF:4
FNH:4
FNDA:30,(anonymous_0)
FNDA:61,(anonymous_1)
FNDA:15,(anonymous_2)
FNDA:15,(anonymous_3)
DA:17,1
DA:29,1
DA:30,61
DA:31,30
DA:32,30
DA:33,30
DA:35,30
DA:36,15
DA:37,15
DA:38,1
DA:41,30
DA:42,15
DA:44,1
DA:45,1
DA:46,1
DA:48,1
DA:49,1
DA:50,1
DA:52,1
DA:53,1
DA:54,1
DA:56,1
DA:57,1
DA:58,1
DA:60,1
DA:61,1
DA:62,1
DA:64,1
DA:65,1
DA:66,1
DA:68,9
DA:72,30
LF:32
LH:32
BRDA:30,0,0,0
BRDA:30,1,0,0
BRDA:37,2,0,1
BRDA:37,2,1,14
BRDA:37,3,0,15
BRDA:37,3,1,14
BRDA:37,3,2,14
BRDA:42,4,0,1
BRDA:42,4,1,1
BRDA:42,4,2,1
BRDA:42,4,3,1
BRDA:42,4,4,1
BRDA:42,4,5,1
BRDA:42,4,6,9
BRF:14
BRH:12
end_of_record
