TN:
SF:components/index.js
FNF:0
FNH:0
LF:0
LH:0
BRF:0
BRH:0
end_of_record
TN:
SF:components/cart/index.js
FNF:0
FNH:0
LF:0
LH:0
BRF:0
BRH:0
end_of_record
TN:
SF:components/cart/CartAmount/CartAmount.js
FN:10,(anonymous_0)
FN:11,(anonymous_1)
FN:34,(anonymous_2)
FNF:3
FNH:3
FNDA:6,(anonymous_0)
FNDA:16,(anonymous_1)
FNDA:8,(anonymous_2)
DA:10,38
DA:11,16
DA:12,6
DA:34,8
LF:4
LH:4
BRF:0
BRH:0
end_of_record
TN:
SF:components/cart/CartButton/CartButton.js
FN:12,(anonymous_0)
FN:13,(anonymous_1)
FN:22,(anonymous_2)
FN:50,(anonymous_3)
FNF:4
FNH:4
FNDA:5,(anonymous_0)
FNDA:15,(anonymous_1)
FNDA:2,(anonymous_2)
FNDA:2,(anonymous_3)
DA:12,38
DA:13,15
DA:14,5
DA:15,5
DA:22,2
DA:50,2
LF:6
LH:6
BRF:0
BRH:0
end_of_record
TN:
SF:components/cart/CartContent/CartContent.js
FN:11,(anonymous_0)
FN:13,(anonymous_1)
FN:16,(anonymous_2)
FNF:3
FNH:3
FNDA:19,(anonymous_0)
FNDA:36,(anonymous_1)
FNDA:14,(anonymous_2)
DA:11,38
DA:12,19
DA:13,36
DA:14,19
DA:17,14
DA:30,38
DA:35,38
LF:7
LH:7
BRF:0
BRH:0
end_of_record
TN:
SF:components/cart/CartItem/CartItem.js
FN:15,(anonymous_0)
FN:64,(anonymous_1)
FNF:2
FNH:2
FNDA:15,(anonymous_0)
FNDA:1,(anonymous_1)
DA:15,38
DA:16,15
DA:17,15
DA:19,15
DA:64,1
DA:71,38
DA:76,38
LF:7
LH:7
BRDA:40,0,0,15
BRDA:40,0,1,15
BRDA:41,1,0,15
BRDA:41,1,1,15
BRDA:44,2,0,15
BRDA:44,2,1,2
BRDA:56,3,0,15
BRDA:56,3,1,3
BRF:8
BRH:8
end_of_record
TN:
SF:components/cart/CartPanel/CartPanel.js
FN:30,(anonymous_0)
FN:31,(anonymous_1)
FN:85,(anonymous_2)
FN:97,(anonymous_3)
FNF:4
FNH:4
FNDA:3,(anonymous_0)
FNDA:9,(anonymous_1)
FNDA:1,(anonymous_2)
FNDA:1,(anonymous_3)
DA:30,38
DA:31,9
DA:32,3
DA:34,3
DA:85,1
DA:98,1
DA:99,1
LF:7
LH:7
BRDA:49,0,0,3
BRDA:49,0,1,3
BRDA:68,1,0,3
BRDA:68,1,1,3
BRF:4
BRH:4
end_of_record
TN:
SF:components/filter/index.js
FNF:0
FNH:0
LF:0
LH:0
BRF:0
BRH:0
end_of_record
TN:
SF:components/filter/FilterButton/FilterButton.js
FN:12,(anonymous_0)
FN:13,(anonymous_1)
FN:18,(anonymous_2)
FNF:3
FNH:3
FNDA:5,(anonymous_0)
FNDA:11,(anonymous_1)
FNDA:1,(anonymous_2)
DA:12,38
DA:13,11
DA:14,5
DA:16,5
DA:18,1
LF:5
LH:5
BRDA:26,0,0,1
BRDA:26,0,1,4
BRF:2
BRH:2
end_of_record
TN:
SF:components/filter/FilterColor/FilterColor.js
FN:15,(anonymous_0)
FN:17,(anonymous_1)
FN:20,(anonymous_2)
FN:22,(anonymous_3)
FN:24,(anonymous_4)
FN:28,(anonymous_5)
FN:83,(anonymous_6)
FNF:7
FNH:7
FNDA:8,(anonymous_0)
FNDA:13,(anonymous_1)
FNDA:4,(anonymous_2)
FNDA:20,(anonymous_3)
FNDA:4,(anonymous_4)
FNDA:12,(anonymous_5)
FNDA:1,(anonymous_6)
DA:15,38
DA:16,8
DA:17,13
DA:18,8
DA:20,8
DA:21,4
DA:22,4
DA:23,20
DA:24,4
DA:27,4
DA:29,12
DA:38,8
DA:84,1
DA:95,38
LF:14
LH:14
BRDA:23,0,0,2
BRDA:23,0,1,18
BRF:2
BRH:2
end_of_record
TN:
SF:components/filter/FilterName/FilterName.js
FN:12,(anonymous_0)
FN:14,(anonymous_1)
FN:64,(anonymous_2)
FNF:3
FNH:3
FNDA:4,(anonymous_0)
FNDA:1,(anonymous_1)
FNDA:1,(anonymous_2)
DA:12,38
DA:13,4
DA:14,4
DA:15,1
DA:18,4
DA:64,1
LF:6
LH:6
BRF:0
BRH:0
end_of_record
TN:
SF:components/filter/FilterPanel/FilterPanel.js
FN:27,(anonymous_0)
FN:29,(anonymous_1)
FNF:2
FNH:2
FNDA:3,(anonymous_0)
FNDA:6,(anonymous_1)
DA:27,38
DA:28,3
DA:29,6
DA:30,3
DA:65,38
LF:5
LH:5
BRF:0
BRH:0
end_of_record
TN:
SF:components/filter/FilterPrice/FilterPrice.js
FN:20,(anonymous_0)
FN:22,(anonymous_1)
FN:27,(anonymous_2)
FN:28,(anonymous_3)
FN:58,(anonymous_4)
FN:66,(anonymous_5)
FNF:6
FNH:6
FNDA:9,(anonymous_0)
FNDA:14,(anonymous_1)
FNDA:4,(anonymous_2)
FNDA:20,(anonymous_3)
FNDA:1,(anonymous_4)
FNDA:1,(anonymous_5)
DA:20,38
DA:21,9
DA:22,14
DA:23,9
DA:24,9
DA:25,9
DA:27,9
DA:28,20
DA:33,9
DA:58,1
DA:66,1
DA:77,38
LF:12
LH:12
BRDA:52,0,0,9
BRDA:52,0,1,8
BRDA:57,1,0,9
BRDA:57,1,1,8
BRF:4
BRH:4
end_of_record
TN:
SF:components/filter/FilterReset/FilterReset.js
FN:12,(anonymous_0)
FN:18,(anonymous_1)
FNF:2
FNH:2
FNDA:4,(anonymous_0)
FNDA:1,(anonymous_1)
DA:12,38
DA:13,4
DA:15,4
DA:19,1
LF:4
LH:4
BRDA:25,0,0,4
BRF:1
BRH:1
end_of_record
TN:
SF:components/layout/index.js
FNF:0
FNH:0
LF:0
LH:0
BRF:0
BRH:0
end_of_record
TN:
SF:components/layout/Content/Content.js
FN:9,(anonymous_0)
FNF:1
FNH:1
FNDA:1,(anonymous_0)
DA:9,38
DA:10,1
DA:11,1
DA:38,38
LF:4
LH:4
BRF:0
BRH:0
end_of_record
TN:
SF:components/layout/Footer/Footer.js
FN:19,(anonymous_0)
FN:35,(anonymous_1)
FN:53,(anonymous_2)
FNF:3
FNH:3
FNDA:1,(anonymous_0)
FNDA:3,(anonymous_1)
FNDA:12,(anonymous_2)
DA:19,39
DA:20,1
DA:36,3
DA:54,12
LF:4
LH:4
BRF:0
BRH:0
end_of_record
TN:
SF:components/layout/Navbar/Navbar.js
FN:12,(anonymous_0)
FN:53,(anonymous_1)
FNF:2
FNH:2
FNDA:1,(anonymous_0)
FNDA:2,(anonymous_1)
DA:12,38
DA:13,1
DA:54,2
LF:3
LH:3
BRF:0
BRH:0
end_of_record
TN:
SF:components/layout/ProductsTopBar/ProductsTopBar.js
FN:12,(anonymous_0)
FN:26,(anonymous_1)
FN:43,(anonymous_2)
FNF:3
FNH:3
FNDA:2,(anonymous_0)
FNDA:1,(anonymous_1)
FNDA:1,(anonymous_2)
DA:12,38
DA:13,2
DA:14,2
DA:27,1
DA:32,1
DA:44,1
DA:45,1
DA:56,38
LF:8
LH:8
BRF:0
BRH:0
end_of_record
TN:
SF:components/layout/ScrollTop/ScrollTop.js
FN:9,(anonymous_0)
FN:36,(anonymous_1)
FNF:2
FNH:2
FNDA:1,(anonymous_0)
FNDA:1,(anonymous_1)
DA:9,38
DA:10,1
DA:32,1
DA:37,1
LF:4
LH:4
BRF:0
BRH:0
end_of_record
TN:
SF:components/payment/index.js
FNF:0
FNH:0
LF:0
LH:0
BRF:0
BRH:0
end_of_record
TN:
SF:components/payment/PaymentCancelled/PaymentCancelled.js
FN:14,(anonymous_0)
FN:15,(anonymous_1)
FNF:2
FNH:2
FNDA:3,(anonymous_0)
FNDA:6,(anonymous_1)
DA:14,38
DA:15,6
DA:16,3
LF:3
LH:3
BRF:0
BRH:0
end_of_record
TN:
SF:components/payment/PaymentConfirm/PaymentConfirm.js
FN:28,(anonymous_0)
FN:29,(anonymous_1)
FNF:2
FNH:2
FNDA:12,(anonymous_0)
FNDA:18,(anonymous_1)
DA:13,38
DA:28,38
DA:29,18
DA:30,12
DA:31,12
DA:36,12
LF:6
LH:6
BRDA:14,0,0,38
BRDA:14,0,1,38
BRDA:39,1,0,10
BRDA:39,1,1,2
BRDA:61,2,0,12
BRDA:61,2,1,4
BRDA:66,3,0,2
BRDA:66,3,1,10
BRF:8
BRH:8
end_of_record
TN:
SF:components/payment/PaymentConfirmCard/PaymentConfirmCard.js
FN:12,(anonymous_0)
FN:17,(anonymous_1)
FN:21,(anonymous_2)
FN:43,(anonymous_3)
FN:92,(anonymous_4)
FNF:5
FNH:5
FNDA:19,(anonymous_0)
FNDA:27,(anonymous_1)
FNDA:3,(anonymous_2)
FNDA:10,(anonymous_3)
FNDA:5,(anonymous_4)
DA:12,38
DA:13,19
DA:14,19
DA:15,19
DA:16,19
DA:17,27
DA:18,19
DA:19,19
DA:21,19
DA:22,3
DA:23,2
DA:24,2
DA:25,2
DA:38,2
DA:39,1
DA:40,2
DA:43,19
DA:44,10
DA:47,19
DA:93,5
DA:94,5
DA:106,38
LF:22
LH:22
BRDA:22,0,0,1
BRDA:22,0,1,2
BRDA:38,1,0,1
BRDA:38,1,1,1
BRDA:38,2,0,2
BRDA:38,2,1,1
BRDA:40,3,0,1
BRDA:40,3,1,1
BRDA:49,4,0,18
BRDA:49,4,1,1
BRF:10
BRH:10
end_of_record
TN:
SF:components/payment/PaymentConfirmControls/PaymentConfirmControls.js
FN:11,(anonymous_0)
FN:13,(anonymous_1)
FN:21,(anonymous_2)
FNF:3
FNH:3
FNDA:16,(anonymous_0)
FNDA:26,(anonymous_1)
FNDA:1,(anonymous_2)
DA:11,38
DA:12,16
DA:13,26
DA:14,16
DA:16,16
DA:22,1
DA:23,1
DA:39,38
LF:8
LH:8
BRF:0
BRH:0
end_of_record
TN:
SF:components/payment/PaymentConfirmDetails/PaymentConfirmDetails.js
FN:8,(anonymous_0)
FN:9,(anonymous_1)
FNF:2
FNH:2
FNDA:13,(anonymous_0)
FNDA:20,(anonymous_1)
DA:8,38
DA:9,20
DA:10,13
LF:3
LH:3
BRF:0
BRH:0
end_of_record
TN:
SF:components/payment/PaymentError/PaymentError.js
FN:21,(anonymous_0)
FN:23,(anonymous_1)
FN:44,(anonymous_2)
FNF:3
FNH:3
FNDA:3,(anonymous_0)
FNDA:7,(anonymous_1)
FNDA:1,(anonymous_2)
DA:21,38
DA:22,3
DA:23,7
DA:24,3
DA:44,1
LF:5
LH:5
BRF:0
BRH:0
end_of_record
TN:
SF:components/payment/PaymentForm/PaymentForm.js
FN:16,(anonymous_0)
FN:43,(anonymous_1)
FN:53,(anonymous_2)
FNF:3
FNH:3
FNDA:7,(anonymous_0)
FNDA:24,(anonymous_1)
FNDA:4,(anonymous_2)
DA:16,38
DA:17,7
DA:18,7
DA:19,7
DA:26,7
DA:44,24
DA:54,4
DA:66,38
DA:70,38
LF:9
LH:9
BRDA:26,0,0,6
BRDA:26,0,1,1
BRF:2
BRH:2
end_of_record
TN:
SF:components/payment/PaymentFormControls/PaymentFormControls.js
FN:11,(anonymous_0)
FN:13,(anonymous_1)
FN:17,(anonymous_2)
FN:18,(anonymous_3)
FN:20,(anonymous_4)
FN:27,(anonymous_5)
FN:57,(anonymous_6)
FN:69,(anonymous_7)
FNF:8
FNH:8
FNDA:13,(anonymous_0)
FNDA:21,(anonymous_1)
FNDA:10,(anonymous_2)
FNDA:10,(anonymous_3)
FNDA:37,(anonymous_4)
FNDA:3,(anonymous_5)
FNDA:2,(anonymous_6)
FNDA:2,(anonymous_7)
DA:11,38
DA:12,13
DA:13,21
DA:14,13
DA:15,13
DA:17,13
DA:18,10
DA:19,10
DA:20,10
DA:21,37
DA:23,10
DA:27,13
DA:28,3
DA:29,2
DA:30,2
DA:33,13
DA:57,2
DA:69,2
DA:77,38
LF:19
LH:19
BRDA:21,0,0,19
BRDA:21,0,1,18
BRDA:28,1,0,1
BRDA:28,1,1,2
BRDA:66,2,0,10
BRDA:66,2,1,3
BRF:6
BRH:6
end_of_record
TN:
SF:components/payment/PaymentProgress/PaymentProgress.js
FN:9,(anonymous_0)
FN:10,(anonymous_1)
FN:14,(anonymous_2)
FNF:3
FNH:3
FNDA:23,(anonymous_0)
FNDA:36,(anonymous_1)
FNDA:13,(anonymous_2)
DA:9,38
DA:10,36
DA:11,23
DA:12,23
DA:14,23
DA:15,13
DA:17,2
DA:18,2
DA:19,2
DA:22,4
DA:23,4
DA:24,4
DA:28,6
DA:29,6
DA:30,6
DA:34,23
LF:16
LH:16
BRDA:15,0,0,2
BRDA:15,0,1,2
BRDA:15,0,2,4
BRDA:15,0,3,2
BRDA:15,0,4,4
BRDA:15,0,5,6
BRDA:49,1,0,10
BRDA:49,1,1,13
BRDA:52,2,0,10
BRDA:52,2,1,13
BRDA:58,3,0,6
BRDA:58,3,1,17
BRDA:61,4,0,6
BRDA:61,4,1,17
BRF:14
BRH:14
end_of_record
TN:
SF:components/payment/PaymentReview/PaymentReview.js
FN:18,(anonymous_0)
FN:33,(anonymous_1)
FN:42,(anonymous_2)
FNF:3
FNH:3
FNDA:2,(anonymous_0)
FNDA:1,(anonymous_1)
FNDA:1,(anonymous_2)
DA:18,38
DA:19,2
DA:20,2
DA:22,2
DA:33,1
DA:42,1
LF:6
LH:6
BRF:0
BRH:0
end_of_record
TN:
SF:components/payment/PaymentSuccess/PaymentSuccess.js
FN:18,(anonymous_0)
FN:19,(anonymous_1)
FNF:2
FNH:2
FNDA:3,(anonymous_0)
FNDA:6,(anonymous_1)
DA:18,38
DA:19,6
DA:20,3
LF:3
LH:3
BRF:0
BRH:0
end_of_record
TN:
SF:components/payment/PaymentUnauthorized/PaymentUnauthorized.js
FN:13,(anonymous_0)
FNF:1
FNH:1
FNDA:2,(anonymous_0)
DA:13,38
DA:14,2
LF:2
LH:2
BRF:0
BRH:0
end_of_record
TN:
SF:components/product/index.js
FNF:0
FNH:0
LF:0
LH:0
BRF:0
BRH:0
end_of_record
TN:
SF:components/product/ProductCard/ProductCard.js
FN:27,(anonymous_0)
FN:30,(anonymous_1)
FNF:2
FNH:2
FNDA:1,(anonymous_0)
FNDA:1,(anonymous_1)
DA:27,38
DA:28,1
DA:29,1
DA:30,1
DA:33,1
DA:78,38
LF:6
LH:6
BRF:0
BRH:0
end_of_record
TN:
SF:components/product/ProductControls/ProductControls.js
FN:18,(anonymous_0)
FN:53,(anonymous_1)
FNF:2
FNH:2
FNDA:2,(anonymous_0)
FNDA:2,(anonymous_1)
DA:18,38
DA:19,2
DA:20,2
DA:25,2
DA:54,2
DA:90,38
LF:6
LH:6
BRF:0
BRH:0
end_of_record
TN:
SF:components/product/ProductControlsAmount/ProductControlsAmount.js
FN:21,(anonymous_0)
FN:31,(anonymous_1)
FNF:2
FNH:2
FNDA:3,(anonymous_0)
FNDA:1,(anonymous_1)
DA:20,38
DA:22,3
DA:24,3
DA:31,1
DA:123,38
LF:5
LH:5
BRF:0
BRH:0
end_of_record
TN:
SF:components/product/ProductControlsButton/ProductControlsButton.js
FN:9,(anonymous_0)
FN:22,(anonymous_1)
FN:28,(anonymous_2)
FNF:3
FNH:3
FNDA:7,(anonymous_0)
FNDA:7,(anonymous_1)
FNDA:4,(anonymous_2)
DA:9,38
DA:10,7
DA:21,38
DA:23,7
DA:24,7
DA:26,7
DA:29,4
DA:30,4
DA:48,38
DA:56,38
LF:10
LH:10
BRDA:10,0,0,7
BRDA:10,0,1,7
BRDA:10,0,2,5
BRDA:10,1,0,5
BRDA:10,1,1,2
BRDA:13,2,0,2
BRDA:13,2,1,5
BRF:7
BRH:7
end_of_record
TN:
SF:components/product/ProductControlsColor/ProductControlsColor.js
FN:14,(anonymous_0)
FN:31,(anonymous_1)
FN:54,(anonymous_2)
FNF:3
FNH:3
FNDA:3,(anonymous_0)
FNDA:1,(anonymous_1)
FNDA:2,(anonymous_2)
DA:13,39
DA:15,3
DA:16,3
DA:31,1
DA:55,2
DA:76,39
LF:6
LH:6
BRDA:16,0,0,1
BRDA:16,0,1,2
BRDA:30,1,0,1
BRDA:30,1,1,1
BRF:4
BRH:4
end_of_record
TN:
SF:components/product/ProductControlsSize/ProductControlsSize.js
FN:14,(anonymous_0)
FN:31,(anonymous_1)
FN:54,(anonymous_2)
FNF:3
FNH:3
FNDA:4,(anonymous_0)
FNDA:1,(anonymous_1)
FNDA:6,(anonymous_2)
DA:13,39
DA:15,4
DA:16,4
DA:31,1
DA:55,6
DA:76,39
LF:6
LH:6
BRDA:16,0,0,3
BRDA:16,0,1,1
BRDA:30,1,0,3
BRDA:30,1,1,3
BRF:4
BRH:4
end_of_record
TN:
SF:components/shared/index.js
FNF:0
FNH:0
LF:0
LH:0
BRF:0
BRH:0
end_of_record
TN:
SF:components/shared/Button/Button.js
FN:15,(anonymous_0)
FNF:1
FNH:1
FNDA:109,(anonymous_0)
DA:15,38
DA:16,109
DA:18,109
DA:64,38
DA:69,38
LF:5
LH:5
BRF:0
BRH:0
end_of_record
TN:
SF:components/shared/ButtonIcon/ButtonIcon.js
FN:15,(anonymous_0)
FNF:1
FNH:1
FNDA:4,(anonymous_0)
DA:15,38
DA:16,4
DA:18,4
DA:51,38
DA:55,38
LF:5
LH:5
BRF:0
BRH:0
end_of_record
TN:
SF:components/shared/Field/Field.js
FN:13,(anonymous_0)
FNF:1
FNH:1
FNDA:29,(anonymous_0)
DA:13,38
DA:23,29
LF:2
LH:2
BRF:0
BRH:0
end_of_record
TN:
SF:components/shared/Image/Image.js
FN:12,(anonymous_0)
FNF:1
FNH:1
FNDA:2,(anonymous_0)
DA:12,38
DA:13,2
DA:14,2
DA:40,38
LF:4
LH:4
BRF:0
BRH:0
end_of_record
TN:
SF:components/shared/Panel/Panel.js
FN:12,(anonymous_0)
FNF:1
FNH:1
FNDA:7,(anonymous_0)
DA:12,38
DA:13,7
DA:14,7
DA:30,38
LF:4
LH:4
BRF:0
BRH:0
end_of_record
TN:
SF:components/shared/Spinner/Spinner.js
FN:3,(anonymous_0)
FNF:1
FNH:1
FNDA:16,(anonymous_0)
DA:3,38
DA:4,16
LF:2
LH:2
BRDA:6,0,0,16
BRDA:6,0,1,16
BRDA:7,1,0,16
BRDA:7,1,1,16
BRDA:8,2,0,16
BRDA:8,2,1,16
BRDA:11,3,0,16
BRDA:11,3,1,13
BRDA:16,4,0,16
BRDA:16,4,1,16
BRF:10
BRH:10
end_of_record
TN:
SF:config/index.js
FNF:0
FNH:0
LF:0
LH:0
BRF:0
BRH:0
end_of_record
TN:
SF:config/colors/DEFAULT.js
FNF:0
FNH:0
DA:1,42
DA:2,42
DA:3,42
LF:3
LH:3
BRF:0
BRH:0
end_of_record
TN:
SF:config/colors/_button.js
FNF:0
FNH:0
DA:3,42
LF:1
LH:1
BRF:0
BRH:0
end_of_record
TN:
SF:config/colors/_general.js
FNF:0
FNH:0
DA:3,42
DA:9,42
DA:15,42
DA:20,42
LF:4
LH:4
BRF:0
BRH:0
end_of_record
TN:
SF:config/colors/_panel.js
FNF:0
FNH:0
DA:3,42
LF:1
LH:1
BRF:0
BRH:0
end_of_record
TN:
SF:config/colors/index.js
FNF:0
FNH:0
LF:0
LH:0
BRF:0
BRH:0
end_of_record
TN:
SF:config/fields/payment.js
FNF:0
FNH:0
DA:1,40
LF:1
LH:1
BRF:0
BRH:0
end_of_record
TN:
SF:config/menus/footer.js
FNF:0
FNH:0
DA:3,40
LF:1
LH:1
BRF:0
BRH:0
end_of_record
TN:
SF:config/menus/main.js
FNF:0
FNH:0
DA:1,40
LF:1
LH:1
BRF:0
BRH:0
end_of_record
TN:
SF:config/state/initial.js
FNF:0
FNH:0
DA:1,40
LF:1
LH:1
BRF:0
BRH:0
end_of_record
TN:
SF:lib/lambda/intent.js
FN:8,(anonymous_0)
FN:66,(anonymous_1)
FN:67,(anonymous_2)
FNF:3
FNH:3
FNDA:9,(anonymous_0)
FNDA:15,(anonymous_1)
FNDA:15,(anonymous_2)
DA:1,1
DA:2,1
DA:3,1
DA:8,1
DA:9,9
DA:10,1
DA:16,8
DA:18,8
DA:19,3
DA:20,3
DA:24,2
DA:25,1
DA:33,1
DA:41,1
DA:49,5
DA:50,2
DA:58,3
DA:59,3
DA:66,3
DA:67,15
DA:68,15
DA:71,3
DA:82,2
DA:83,1
DA:91,1
DA:100,1
LF:26
LH:26
BRDA:9,0,0,1
BRDA:9,0,1,8
BRDA:18,1,0,3
BRDA:18,1,1,5
BRDA:24,2,0,1
BRDA:24,2,1,1
BRDA:49,3,0,2
BRDA:49,3,1,3
BRDA:49,4,0,5
BRDA:49,4,1,4
BRDA:82,5,0,1
BRDA:82,5,1,1
BRF:12
BRH:12
end_of_record
TN:
SF:lib/redux/actions.js
FNF:0
FNH:0
LF:0
LH:0
BRF:0
BRH:0
end_of_record
TN:
SF:lib/redux/reducer.js
FN:8,(anonymous_0)
FN:34,(anonymous_1)
FN:39,(anonymous_2)
FN:62,(anonymous_3)
FNF:4
FNH:4
FNDA:12,(anonymous_0)
FNDA:2,(anonymous_1)
FNDA:1,(anonymous_2)
FNDA:2,(anonymous_3)
DA:8,1
DA:9,12
DA:12,1
DA:19,1
DA:26,5
DA:30,3
DA:35,2
DA:40,1
DA:53,1
DA:60,2
DA:71,2
DA:78,3
DA:106,2
LF:13
LH:13
BRDA:9,0,0,1
BRDA:9,0,1,1
BRDA:9,0,2,5
BRDA:9,0,3,3
BRDA:9,0,4,2
BRDA:26,1,0,3
BRDA:26,1,1,2
BRDA:33,2,0,1
BRDA:33,2,1,2
BRDA:35,3,0,2
BRDA:35,3,1,1
BRDA:35,3,2,1
BRDA:78,4,0,2
BRDA:78,4,1,1
BRDA:79,5,0,1
BRDA:79,5,1,1
BRDA:79,6,0,2
BRDA:79,6,1,1
BRF:18
BRH:18
end_of_record
TN:
SF:lib/redux/cart/cartManage.js
FN:3,addToCart
FN:10,removeFromCart
FNF:2
FNH:2
FNDA:11,addToCart
FNDA:5,removeFromCart
DA:1,44
DA:4,11
DA:11,5
LF:3
LH:3
BRF:0
BRH:0
end_of_record
TN:
SF:lib/redux/cart/index.js
FNF:0
FNH:0
LF:0
LH:0
BRF:0
BRH:0
end_of_record
TN:
SF:lib/redux/filter/index.js
FNF:0
FNH:0
LF:0
LH:0
BRF:0
BRH:0
end_of_record
TN:
SF:lib/redux/filter/itemFilter.js
FN:3,filterColor
FN:10,filterPrice
FN:17,filterName
FN:24,filterReset
FNF:4
FNH:4
FNDA:4,filterColor
FNDA:4,filterPrice
FNDA:5,filterName
FNDA:4,filterReset
DA:1,44
DA:4,4
DA:11,4
DA:18,5
DA:25,4
LF:5
LH:5
BRF:0
BRH:0
end_of_record
TN:
SF:lib/redux/panel/index.js
FNF:0
FNH:0
LF:0
LH:0
BRF:0
BRH:0
end_of_record
TN:
SF:lib/redux/panel/panelToggle.js
FN:3,(anonymous_0)
FNF:1
FNH:1
FNDA:11,(anonymous_0)
DA:1,44
DA:3,44
LF:2
LH:2
BRF:0
BRH:0
end_of_record
TN:
SF:lib/redux/payment/index.js
FNF:0
FNH:0
LF:0
LH:0
BRF:0
BRH:0
end_of_record
TN:
SF:lib/redux/payment/paymentCancel.js
FN:9,(anonymous_0)
FN:10,(anonymous_1)
FNF:2
FNH:2
FNDA:2,(anonymous_0)
FNDA:2,(anonymous_1)
DA:9,44
DA:10,2
DA:11,2
DA:12,2
DA:26,1
DA:28,1
LF:6
LH:6
BRF:0
BRH:0
end_of_record
TN:
SF:lib/redux/payment/paymentCreate.js
FN:11,(anonymous_0)
FN:12,(anonymous_1)
FNF:2
FNH:2
FNDA:2,(anonymous_0)
FNDA:2,(anonymous_1)
DA:11,44
DA:12,2
DA:13,2
DA:14,2
DA:30,1
DA:32,1
LF:6
LH:6
BRF:0
BRH:0
end_of_record
TN:
SF:lib/redux/payment/paymentStage.js
FN:9,(anonymous_0)
FN:19,(anonymous_1)
FN:32,(anonymous_2)
FN:50,(anonymous_3)
FN:69,(anonymous_4)
FN:86,(anonymous_5)
FN:97,(anonymous_6)
FNF:7
FNH:7
FNDA:9,(anonymous_0)
FNDA:4,(anonymous_1)
FNDA:4,(anonymous_2)
FNDA:4,(anonymous_3)
FNDA:4,(anonymous_4)
FNDA:8,(anonymous_5)
FNDA:4,(anonymous_6)
DA:3,44
DA:9,44
DA:10,9
DA:19,44
DA:20,4
DA:32,44
DA:33,4
DA:50,44
DA:51,4
DA:69,44
DA:70,4
DA:86,44
DA:87,8
DA:97,44
DA:98,4
LF:15
LH:15
BRF:0
BRH:0
end_of_record
TN:
SF:lib/types/Shapes.js
FNF:0
FNH:0
DA:3,40
DA:20,40
LF:2
LH:2
BRF:0
BRH:0
end_of_record
TN:
SF:lib/types/index.js
FNF:0
FNH:0
LF:0
LH:0
BRF:0
BRH:0
end_of_record
TN:
SF:lib/utils/index.js
FNF:0
FNH:0
LF:0
LH:0
BRF:0
BRH:0
end_of_record
TN:
SF:lib/utils/Debounce/Debounce.js
FN:1,(anonymous_0)
FN:3,(anonymous_1)
FN:6,(anonymous_2)
FNF:3
FNH:3
FNDA:5,(anonymous_0)
FNDA:2,(anonymous_1)
FNDA:2,(anonymous_2)
DA:1,39
DA:3,5
DA:4,2
DA:5,2
DA:6,2
DA:7,2
DA:9,2
LF:7
LH:7
BRF:0
BRH:0
end_of_record
TN:
SF:pages/checkout.js
FN:8,(anonymous_0)
FN:9,(anonymous_1)
FN:12,(anonymous_2)
FN:13,(anonymous_3)
FN:16,(anonymous_4)
FN:17,(anonymous_5)
FN:20,(anonymous_6)
FN:21,(anonymous_7)
FN:24,(anonymous_8)
FN:25,(anonymous_9)
FN:28,(anonymous_10)
FN:29,(anonymous_11)
FN:32,(anonymous_12)
FN:33,(anonymous_13)
FN:36,(anonymous_14)
FN:37,(anonymous_15)
FN:40,(anonymous_16)
FN:42,(anonymous_17)
FN:47,(anonymous_18)
FNF:19
FNH:19
FNDA:1,(anonymous_0)
FNDA:1,(anonymous_1)
FNDA:1,(anonymous_2)
FNDA:1,(anonymous_3)
FNDA:1,(anonymous_4)
FNDA:1,(anonymous_5)
FNDA:1,(anonymous_6)
FNDA:1,(anonymous_7)
FNDA:1,(anonymous_8)
FNDA:1,(anonymous_9)
FNDA:1,(anonymous_10)
FNDA:1,(anonymous_11)
FNDA:1,(anonymous_12)
FNDA:1,(anonymous_13)
FNDA:1,(anonymous_14)
FNDA:1,(anonymous_15)
FNDA:14,(anonymous_16)
FNDA:21,(anonymous_17)
FNDA:7,(anonymous_18)
DA:8,1
DA:9,1
DA:12,1
DA:13,1
DA:16,1
DA:17,1
DA:20,1
DA:21,1
DA:24,1
DA:25,1
DA:28,1
DA:29,1
DA:32,1
DA:33,1
DA:36,1
DA:37,1
DA:40,1
DA:41,14
DA:42,21
DA:44,14
DA:45,14
DA:47,14
DA:48,7
DA:49,1
DA:50,1
DA:52,6
DA:54,1
DA:55,1
DA:56,1
DA:58,1
DA:59,1
DA:60,1
DA:62,1
DA:63,1
DA:64,1
DA:66,1
DA:67,1
DA:68,1
DA:70,1
DA:71,1
DA:72,1
DA:74,1
DA:75,1
DA:76,1
DA:81,14
LF:45
LH:45
BRDA:41,0,0,2
BRDA:41,1,0,2
BRDA:48,2,0,1
BRDA:48,2,1,6
BRDA:48,3,0,7
BRDA:48,3,1,1
BRDA:52,4,0,1
BRDA:52,4,1,1
BRDA:52,4,2,1
BRDA:52,4,3,1
BRDA:52,4,4,1
BRDA:52,4,5,1
BRDA:87,5,0,12
BRDA:87,5,1,2
BRDA:87,6,0,14
BRDA:87,6,1,12
BRF:16
BRH:16
end_of_record
